18:51:57,772 root DEBUG b'{"Event":"Version","Timestamp":"176612.465560503","name":"ASI AIR guider","svr_ver_string":"1.0","svr_ver_int":12}\r'
18:51:59,618 root DEBUG b'{"Event":"INDIServer","Timestamp":"176614.310933465","Msg":"2023-01-01T17:51:58: [SCOPE] CMD <> "}\r'
18:51:59,679 root DEBUG b'{"Event":"INDIServer","Timestamp":"176614.369117706","Msg":"2023-01-01T17:51:58: [SCOPE] RES <+028825498909100521#> "}\r'
18:51:59,680 root DEBUG b'{"Event":"INDIServer","Timestamp":"176614.370112539","Msg":"2023-01-01T17:51:58: [SCOPE] CMD <:GEC#> "}\r'
18:51:59,737 root DEBUG b'{"Event":"INDIServer","Timestamp":"176614.427057835","Msg":"2023-01-01T17:51:58: [SCOPE] RES <+1506730047308350#> "}\r'
18:52:01,627 root DEBUG b'{"Event":"INDIServer","Timestamp":"176616.320988093","Msg":"2023-01-01T17:52:00: [SCOPE] CMD <\x90ME\xb6> "}\r'
18:52:01,686 root DEBUG b'{"Event":"INDIServer","Timestamp":"176616.379179242","Msg":"2023-01-01T17:52:00: [SCOPE] RES <+028825498909100521#> "}\r'
18:52:01,689 root DEBUG b'{"Event":"INDIServer","Timestamp":"176616.380219612","Msg":"2023-01-01T17:52:00: [SCOPE] CMD <:GEC#> "}\r'
18:52:01,747 root DEBUG b'{"Event":"INDIServer","Timestamp":"176616.438150260","Msg":"2023-01-01T17:52:00: [SCOPE] RES <+1506730047310350#> "}\r'
18:52:03,628 root DEBUG b'{"Event":"INDIServer","Timestamp":"176618.320956852","Msg":"2023-01-01T17:52:02: [SCOPE] CMD <> "}\r'
18:52:03,686 root DEBUG b'{"Event":"INDIServer","Timestamp":"176618.379110759","Msg":"2023-01-01T17:52:02: [SCOPE] RES <+028825498909100521#> "}\r'
18:52:03,686 root DEBUG b'{"Event":"INDIServer","Timestamp":"176618.380073148","Msg":"2023-01-01T17:52:02: [SCOPE] CMD <:GEC#> "}\r'
18:52:03,745 root DEBUG b'{"Event":"INDIServer","Timestamp":"176618.437046574","Msg":"2023-01-01T17:52:02: [SCOPE] RES <+1506730047312360#> "}\r'
18:52:05,631 root DEBUG b'{"Event":"INDIServer","Timestamp":"176620.320697573","Msg":"2023-01-01T17:52:04: [SCOPE] CMD <\x90ME\xb6> "}\r'
18:52:05,686 root DEBUG b'{"Event":"INDIServer","Timestamp":"176620.377518998","Msg":"2023-01-01T17:52:04: [SCOPE] RES <+028825498909100521#> "}\r'
18:52:05,687 root DEBUG b'{"Event":"INDIServer","Timestamp":"176620.377907869","Msg":"2023-01-01T17:52:04: [SCOPE] CMD <:GEC#> "}\r'
18:52:05,746 root DEBUG b'{"Event":"INDIServer","Timestamp":"176620.434494313","Msg":"2023-01-01T17:52:04: [SCOPE] RES <+1506730047314360#> "}\r'
18:52:07,632 root DEBUG b'{"Event":"INDIServer","Timestamp":"176622.316771016","Msg":"2023-01-01T17:52:06: [SCOPE] CMD <\x90ME\xb6> "}\r'
18:52:07,688 root DEBUG b'{"Event":"INDIServer","Timestamp":"176622.374642608","Msg":"2023-01-01T17:52:06: [SCOPE] RES <+028825498909100521#> "}\r'
18:52:07,689 root DEBUG b'{"Event":"INDIServer","Timestamp":"176622.375044997","Msg":"2023-01-01T17:52:06: [SCOPE] CMD <:GEC#> "}\r'
18:52:07,728 root DEBUG b'{"Event":"INDIServer","Timestamp":"176622.415663331","Msg":"2023-01-01T17:52:06: [SCOPE] RES <+1506730047316370#> "}\r'
18:52:08,822 root DEBUG b'{"Event":"INDIServer","Timestamp":"176623.511311200","Msg":"2023-01-01T17:52:07: [SCOPE] CMD <\x90ME\xb6> "}\r'
18:52:08,878 root DEBUG b'{"Event":"INDIServer","Timestamp":"176623.570211571","Msg":"2023-01-01T17:52:07: [SCOPE] RES <+028825498909100521#> "}\r'
18:52:08,886 root DEBUG b'{"Event":"INDIServer","Timestamp":"176623.572684052","Msg":"2023-01-01T17:52:07: [SCOPE] CMD <:GEC#> "}\r'
18:52:08,934 root DEBUG b'{"Event":"INDIServer","Timestamp":"176623.626651496","Msg":"2023-01-01T17:52:08: [SCOPE] RES <+1506730047318370#> "}\r'
18:52:09,229 root DEBUG b'{"Event":"INDIServer","Timestamp":"176623.920473219","Msg":"2023-01-01T17:52:08: [DEBUG] CMD <:MH#> "}\r'
18:52:09,270 root DEBUG b'{"Event":"INDIServer","Timestamp":"176623.960501570","Msg":"2023-01-01T17:52:08: [DEBUG] RES <1> "}\r'
18:52:09,270 root DEBUG b'{"Event":"INDIServer","Timestamp":"176623.960701070","Msg":"2023-01-01T17:52:08: [INFO] Slewing to home position... "}\r'
18:52:10,282 root DEBUG b'{"Event":"INDIServer","Timestamp":"176624.920557699","Msg":"2023-01-01T17:52:09: [SCOPE] CMD <> "}\r'
18:52:10,286 root DEBUG b'{"Event":"INDIServer","Timestamp":"176624.977331162","Msg":"2023-01-01T17:52:09: [SCOPE] RES <+028825498909120521#> "}\r'
18:52:10,286 root DEBUG b'{"Event":"INDIServer","Timestamp":"176624.977711236","Msg":"2023-01-01T17:52:09: [SCOPE] CMD <:GEC#> "}\r'
18:52:10,342 root DEBUG b'{"Event":"INDIServer","Timestamp":"176625.034300403","Msg":"2023-01-01T17:52:09: [SCOPE] RES <+1522929647424340#> "}\r'
18:52:11,808 root DEBUG b'{"Event":"INDIServer","Timestamp":"176626.500909365","Msg":"2023-01-01T17:52:10: [SCOPE] CMD <\x90ME\xb6> "}\r'
18:52:11,866 root DEBUG b'{"Event":"INDIServer","Timestamp":"176626.558766624","Msg":"2023-01-01T17:52:10: [SCOPE] RES <+028825498909120521#> "}\r'
18:52:11,867 root DEBUG b'{"Event":"INDIServer","Timestamp":"176626.560537606","Msg":"2023-01-01T17:52:10: [SCOPE] CMD <:GEC#> "}\r'
18:52:11,926 root DEBUG b'{"Event":"INDIServer","Timestamp":"176626.617759458","Msg":"2023-01-01T17:52:11: [SCOPE] RES <+1766346749048440#> "}\r'
18:52:13,271 root DEBUG b'{"Event":"INDIServer","Timestamp":"176627.960993772","Msg":"2023-01-01T17:52:12: [SCOPE] CMD <\x90ME\xb6> "}\r'
18:52:13,327 root DEBUG b'{"Event":"INDIServer","Timestamp":"176628.018750346","Msg":"2023-01-01T17:52:12: [SCOPE] RES <+028825498909120521#> "}\r'
18:52:13,327 root DEBUG b'{"Event":"INDIServer","Timestamp":"176628.019717364","Msg":"2023-01-01T17:52:12: [SCOPE] CMD <:GEC#> "}\r'
18:52:13,386 root DEBUG b'{"Event":"INDIServer","Timestamp":"176628.076667346","Msg":"2023-01-01T17:52:12: [SCOPE] RES <+1888962449867090#> "}\r'
18:52:13,873 root DEBUG b'{"Event":"Version","Timestamp":"176628.567204457","name":"ASI AIR guider","svr_ver_string":"1.0","svr_ver_int":12}\r'
18:52:14,808 root DEBUG b'{"Event":"INDIServer","Timestamp":"176629.500671919","Msg":"2023-01-01T17:52:13: [SCOPE] CMD <\x90ME\xb6> "}\r'
18:52:14,864 root DEBUG b'{"Event":"INDIServer","Timestamp":"176629.558581437","Msg":"2023-01-01T17:52:13: [SCOPE] RES <+028825498909120521#> "}\r'
18:52:14,866 root DEBUG b'{"Event":"INDIServer","Timestamp":"176629.558988178","Msg":"2023-01-01T17:52:13: [SCOPE] CMD <:GEC#> "}\r'
18:52:14,923 root DEBUG b'{"Event":"INDIServer","Timestamp":"176629.616411530","Msg":"2023-01-01T17:52:14: [SCOPE] RES <+2134191351621320#> "}\r'
18:52:16,323 root DEBUG b'{"Event":"INDIServer","Timestamp":"176630.970991066","Msg":"2023-01-01T17:52:15: [SCOPE] CMD <\x90ME\xb6> "}\r'
18:52:16,337 root DEBUG b'{"Event":"INDIServer","Timestamp":"176631.029533696","Msg":"2023-01-01T17:52:15: [SCOPE] RES <+028825498909120521#> "}\r'
18:52:16,337 root DEBUG b'{"Event":"INDIServer","Timestamp":"176631.030587066","Msg":"2023-01-01T17:52:15: [SCOPE] CMD <:GEC#> "}\r'
18:52:16,395 root DEBUG b'{"Event":"INDIServer","Timestamp":"176631.087039585","Msg":"2023-01-01T17:52:15: [SCOPE] RES <+2256806352440030#> "}\r'
18:52:17,817 root DEBUG b'{"Event":"INDIServer","Timestamp":"176632.510456806","Msg":"2023-01-01T17:52:16: [SCOPE] CMD <> "}\r'
18:52:17,879 root DEBUG b'{"Event":"INDIServer","Timestamp":"176632.568630084","Msg":"2023-01-01T17:52:16: [SCOPE] RES <+028825498909120521#> "}\r'
18:52:17,879 root DEBUG b'{"Event":"INDIServer","Timestamp":"176632.569585750","Msg":"2023-01-01T17:52:16: [SCOPE] CMD <:GEC#> "}\r'
18:52:17,935 root DEBUG b'{"Event":"INDIServer","Timestamp":"176632.626605473","Msg":"2023-01-01T17:52:17: [SCOPE] RES <+2519551254077440#> "}\r'
18:52:19,392 root DEBUG b'{"Event":"INDIServer","Timestamp":"176634.001053213","Msg":"2023-01-01T17:52:18: [SCOPE] CMD <\x90ME\xb6> "}\r'
18:52:19,392 root DEBUG b'{"Event":"INDIServer","Timestamp":"176634.058635101","Msg":"2023-01-01T17:52:18: [SCOPE] RES <+028825498909120521#> "}\r'
18:52:19,393 root DEBUG b'{"Event":"INDIServer","Timestamp":"176634.059572472","Msg":"2023-01-01T17:52:18: [SCOPE] CMD <:GEC#> "}\r'
18:52:19,424 root DEBUG b'{"Event":"INDIServer","Timestamp":"176634.116631157","Msg":"2023-01-01T17:52:18: [SCOPE] RES <+2642166854896120#> "}\r'
18:52:20,809 root DEBUG b'{"Event":"INDIServer","Timestamp":"176635.500931230","Msg":"2023-01-01T17:52:19: [SCOPE] CMD <\x90ME\xb6> "}\r'
18:52:20,865 root DEBUG b'{"Event":"INDIServer","Timestamp":"176635.558678675","Msg":"2023-01-01T17:52:19: [SCOPE] RES <+028825498909120521#> "}\r'
18:52:20,866 root DEBUG b'{"Event":"INDIServer","Timestamp":"176635.559597471","Msg":"2023-01-01T17:52:19: [SCOPE] CMD <:GEC#> "}\r'
18:52:20,926 root DEBUG b'{"Event":"INDIServer","Timestamp":"176635.616674952","Msg":"2023-01-01T17:52:20: [SCOPE] RES <+2887396356533570#> "}\r'
18:52:22,366 root DEBUG b'{"Event":"INDIServer","Timestamp":"176637.020465340","Msg":"2023-01-01T17:52:21: [SCOPE] CMD <\x90ME\xb6> "}\r'
18:52:22,394 root DEBUG b'{"Event":"INDIServer","Timestamp":"176637.078153618","Msg":"2023-01-01T17:52:21: [SCOPE] RES <+028825498909120521#> "}\r'
18:52:22,394 root DEBUG b'{"Event":"INDIServer","Timestamp":"176637.078526526","Msg":"2023-01-01T17:52:21: [SCOPE] CMD <:GEC#> "}\r'
18:52:22,449 root DEBUG b'{"Event":"INDIServer","Timestamp":"176637.135055118","Msg":"2023-01-01T17:52:21: [SCOPE] RES <+3010010857469090#> "}\r'
18:52:23,812 root DEBUG b'{"Event":"INDIServer","Timestamp":"176638.500986321","Msg":"2023-01-01T17:52:22: [SCOPE] CMD <\x90ME\xb6> "}\r'
18:52:23,870 root DEBUG b'{"Event":"INDIServer","Timestamp":"176638.560148173","Msg":"2023-01-01T17:52:22: [SCOPE] RES <+028825498909120521#> "}\r'
18:52:23,871 root DEBUG b'{"Event":"INDIServer","Timestamp":"176638.562245765","Msg":"2023-01-01T17:52:22: [SCOPE] CMD <:GEC#> "}\r'
18:52:23,926 root DEBUG b'{"Event":"INDIServer","Timestamp":"176638.619634969","Msg":"2023-01-01T17:52:23: [SCOPE] RES <+3239011659106550#> "}\r'
18:52:25,446 root DEBUG b'{"Event":"INDIServer","Timestamp":"176640.041020746","Msg":"2023-01-01T17:52:24: [SCOPE] CMD <\x90ME\xb6> "}\r'
18:52:25,446 root DEBUG b'{"Event":"INDIServer","Timestamp":"176640.099600968","Msg":"2023-01-01T17:52:24: [SCOPE] RES <+028825498909120521#> "}\r'
18:52:25,447 root DEBUG b'{"Event":"INDIServer","Timestamp":"176640.100628913","Msg":"2023-01-01T17:52:24: [SCOPE] CMD <:GEC#> "}\r'
18:52:25,474 root DEBUG b'{"Event":"INDIServer","Timestamp":"176640.158004783","Msg":"2023-01-01T17:52:24: [SCOPE] RES <+3240000016725250#> "}\r'
18:52:26,821 root DEBUG b'{"Event":"INDIServer","Timestamp":"176641.510647986","Msg":"2023-01-01T17:52:25: [SCOPE] CMD <> "}\r'
18:52:26,885 root DEBUG b'{"Event":"INDIServer","Timestamp":"176641.568314338","Msg":"2023-01-01T17:52:25: [SCOPE] RES <+028825498909120521#> "}\r'
18:52:26,886 root DEBUG b'{"Event":"INDIServer","Timestamp":"176641.568788504","Msg":"2023-01-01T17:52:25: [SCOPE] CMD <:GEC#> "}\r'
18:52:26,937 root DEBUG b'{"Event":"INDIServer","Timestamp":"176641.626380967","Msg":"2023-01-01T17:52:26: [SCOPE] RES <+3240000018362640#> "}\r'
18:52:28,405 root DEBUG b'{"Event":"INDIServer","Timestamp":"176643.070999522","Msg":"2023-01-01T17:52:27: [SCOPE] CMD <> "}\r'
18:52:28,435 root DEBUG b'{"Event":"INDIServer","Timestamp":"176643.128510689","Msg":"2023-01-01T17:52:27: [SCOPE] RES <+028825498909120521#> "}\r'
18:52:28,436 root DEBUG b'{"Event":"INDIServer","Timestamp":"176643.129465615","Msg":"2023-01-01T17:52:27: [SCOPE] CMD <:GEC#> "}\r'
18:52:28,493 root DEBUG b'{"Event":"INDIServer","Timestamp":"176643.186455300","Msg":"2023-01-01T17:52:27: [SCOPE] RES <+3240000019181340#> "}\r'
18:52:29,661 root DEBUG b'{"Event":"Version","Timestamp":"176644.355536077","name":"ASI AIR guider","svr_ver_string":"1.0","svr_ver_int":12}\r'
18:52:29,811 root DEBUG b'{"Event":"INDIServer","Timestamp":"176644.500511225","Msg":"2023-01-01T17:52:28: [SCOPE] CMD <> "}\r'
18:52:29,866 root DEBUG b'{"Event":"INDIServer","Timestamp":"176644.558007151","Msg":"2023-01-01T17:52:28: [SCOPE] RES <+028825498909120521#> "}\r'
18:52:29,866 root DEBUG b'{"Event":"INDIServer","Timestamp":"176644.558379169","Msg":"2023-01-01T17:52:28: [SCOPE] CMD <:GEC#> "}\r'
18:52:29,922 root DEBUG b'{"Event":"INDIServer","Timestamp":"176644.615514058","Msg":"2023-01-01T17:52:29: [SCOPE] RES <+3240000020935580#> "}\r'
18:52:31,397 root DEBUG b'{"Event":"INDIServer","Timestamp":"176646.091162391","Msg":"2023-01-01T17:52:30: [SCOPE] CMD <> "}\r'
18:52:31,454 root DEBUG b'{"Event":"INDIServer","Timestamp":"176646.148542742","Msg":"2023-01-01T17:52:30: [SCOPE] RES <+028825498909120521#> "}\r'
18:52:31,456 root DEBUG b'{"Event":"INDIServer","Timestamp":"176646.150073483","Msg":"2023-01-01T17:52:30: [SCOPE] CMD <:GEC#> "}\r'
18:52:31,514 root DEBUG b'{"Event":"INDIServer","Timestamp":"176646.207069816","Msg":"2023-01-01T17:52:30: [SCOPE] RES <+3240000021754280#> "}\r'
18:52:32,811 root DEBUG b'{"Event":"INDIServer","Timestamp":"176647.500971408","Msg":"2023-01-01T17:52:31: [SCOPE] CMD <> "}\r'
18:52:32,869 root DEBUG b'{"Event":"INDIServer","Timestamp":"176647.559571130","Msg":"2023-01-01T17:52:31: [SCOPE] RES <+028825498909120521#> "}\r'
18:52:32,869 root DEBUG b'{"Event":"INDIServer","Timestamp":"176647.560570927","Msg":"2023-01-01T17:52:31: [SCOPE] CMD <:GEC#> "}\r'
18:52:32,924 root DEBUG b'{"Event":"INDIServer","Timestamp":"176647.617743612","Msg":"2023-01-01T17:52:32: [SCOPE] RES <+3240000023391770#> "}\r'
18:52:34,444 root DEBUG b'{"Event":"INDIServer","Timestamp":"176649.120457370","Msg":"2023-01-01T17:52:33: [SCOPE] CMD <> "}\r'
18:52:34,485 root DEBUG b'{"Event":"INDIServer","Timestamp":"176649.177967629","Msg":"2023-01-01T17:52:33: [SCOPE] RES <+028825498909120521#> "}\r'
18:52:34,485 root DEBUG b'{"Event":"INDIServer","Timestamp":"176649.178686722","Msg":"2023-01-01T17:52:33: [SCOPE] CMD <:GEC#> "}\r'
18:52:34,542 root DEBUG b'{"Event":"INDIServer","Timestamp":"176649.234980222","Msg":"2023-01-01T17:52:33: [SCOPE] RES <+3240000024210470#> "}\r'
18:52:35,809 root DEBUG b'{"Event":"INDIServer","Timestamp":"176650.501022110","Msg":"2023-01-01T17:52:34: [SCOPE] CMD <> "}\r'
18:52:35,866 root DEBUG b'{"Event":"INDIServer","Timestamp":"176650.559366110","Msg":"2023-01-01T17:52:34: [SCOPE] RES <+028825498909120521#> "}\r'
18:52:35,867 root DEBUG b'{"Event":"INDIServer","Timestamp":"176650.560336610","Msg":"2023-01-01T17:52:34: [SCOPE] CMD <:GEC#> "}\r'
18:52:35,925 root DEBUG b'{"Event":"INDIServer","Timestamp":"176650.617639351","Msg":"2023-01-01T17:52:35: [SCOPE] RES <+3240000025739680#> "}\r'
18:52:37,520 root DEBUG b'{"Event":"INDIServer","Timestamp":"176652.141014535","Msg":"2023-01-01T17:52:36: [SCOPE] CMD <> "}\r'
18:52:37,520 root DEBUG b'{"Event":"INDIServer","Timestamp":"176652.198545350","Msg":"2023-01-01T17:52:36: [SCOPE] RES <+028825498909170521#> "}\r'
18:52:37,521 root DEBUG b'{"Event":"INDIServer","Timestamp":"176652.199539942","Msg":"2023-01-01T17:52:36: [SCOPE] CMD <:GEC#> "}\r'
18:52:37,566 root DEBUG b'{"Event":"INDIServer","Timestamp":"176652.256499720","Msg":"2023-01-01T17:52:36: [SCOPE] RES <+3240000025747130#> "}\r'
18:52:38,830 root DEBUG b'{"Event":"INDIServer","Timestamp":"176653.511241368","Msg":"2023-01-01T17:52:37: [SCOPE] CMD <> "}\r'
18:52:38,891 root DEBUG b'{"Event":"INDIServer","Timestamp":"176653.569641645","Msg":"2023-01-01T17:52:37: [SCOPE] RES <+028825498909170521#> "}\r'
18:52:38,891 root DEBUG b'{"Event":"INDIServer","Timestamp":"176653.569895701","Msg":"2023-01-01T17:52:37: [SCOPE] CMD <:GEC#> "}\r'
18:52:38,936 root DEBUG b'{"Event":"INDIServer","Timestamp":"176653.627271701","Msg":"2023-01-01T17:52:38: [SCOPE] RES <+3240000025749140#> "}\r'
18:52:40,87 root DEBUG b'{"Event":"ScopeHome","Timestamp":"176654.775492200","state":"complete"}\r'
18:52:40,147 root DEBUG b'{"Event":"INDIServer","Timestamp":"176654.821278848","Msg":"2023-01-01T17:52:39: [SCOPE] CMD <> "}\r'
18:52:40,187 root DEBUG b'{"Event":"INDIServer","Timestamp":"176654.879435126","Msg":"2023-01-01T17:52:39: [SCOPE] RES <+028825498909170521#> "}\r'
18:52:40,188 root DEBUG b'{"Event":"INDIServer","Timestamp":"176654.880615274","Msg":"2023-01-01T17:52:39: [SCOPE] CMD <:GEC#> "}\r'
18:52:40,247 root DEBUG b'{"Event":"INDIServer","Timestamp":"176654.937428385","Msg":"2023-01-01T17:52:39: [SCOPE] RES <+3240000025750140#> "}\r'
18:52:42,149 root DEBUG b'{"Event":"INDIServer","Timestamp":"176656.841252680","Msg":"2023-01-01T17:52:41: [SCOPE] CMD <> "}\r'
18:52:42,209 root DEBUG b'{"Event":"INDIServer","Timestamp":"176656.898862310","Msg":"2023-01-01T17:52:41: [SCOPE] RES <+028825498909170521#> "}\r'
18:52:42,210 root DEBUG b'{"Event":"INDIServer","Timestamp":"176656.899250106","Msg":"2023-01-01T17:52:41: [SCOPE] CMD <:GEC#> "}\r'
18:52:42,265 root DEBUG b'{"Event":"INDIServer","Timestamp":"176656.955807717","Msg":"2023-01-01T17:52:41: [SCOPE] RES <+3240000025752140#> "}\r'
18:52:44,149 root DEBUG b'{"Event":"INDIServer","Timestamp":"176658.840515253","Msg":"2023-01-01T17:52:43: [SCOPE] CMD <> "}\r'
18:52:44,207 root DEBUG b'{"Event":"INDIServer","Timestamp":"176658.898258290","Msg":"2023-01-01T17:52:43: [SCOPE] RES <+028825498909170521#> "}\r'
18:52:44,207 root DEBUG b'{"Event":"INDIServer","Timestamp":"176658.898812901","Msg":"2023-01-01T17:52:43: [SCOPE] CMD <:GEC#> "}\r'
18:52:44,264 root DEBUG b'{"Event":"INDIServer","Timestamp":"176658.955942753","Msg":"2023-01-01T17:52:43: [SCOPE] RES <+3240000025754150#> "}\r'
18:52:46,136 root DEBUG b'{"Event":"Version","Timestamp":"176660.827917937","name":"ASI AIR guider","svr_ver_string":"1.0","svr_ver_int":12}\r'
18:52:46,158 root DEBUG b'{"Event":"INDIServer","Timestamp":"176660.850621974","Msg":"2023-01-01T17:52:45: [SCOPE] CMD <> "}\r'
18:52:46,216 root DEBUG b'{"Event":"INDIServer","Timestamp":"176660.908423011","Msg":"2023-01-01T17:52:45: [SCOPE] RES <+028825498909170521#> "}\r'
18:52:46,216 root DEBUG b'{"Event":"INDIServer","Timestamp":"176660.908780048","Msg":"2023-01-01T17:52:45: [SCOPE] CMD <:GEC#> "}\r'
18:52:46,274 root DEBUG b'{"Event":"INDIServer","Timestamp":"176660.966270048","Msg":"2023-01-01T17:52:45: [SCOPE] RES <+3240000025756160#> "}\r'
18:52:48,161 root DEBUG b'{"Event":"INDIServer","Timestamp":"176662.850983288","Msg":"2023-01-01T17:52:47: [SCOPE] CMD <> "}\r'
18:52:48,219 root DEBUG b'{"Event":"INDIServer","Timestamp":"176662.908965306","Msg":"2023-01-01T17:52:47: [SCOPE] RES <+028825498909170521#> "}\r'
18:52:48,219 root DEBUG b'{"Event":"INDIServer","Timestamp":"176662.909776658","Msg":"2023-01-01T17:52:47: [SCOPE] CMD <:GEC#> "}\r'
18:52:48,277 root DEBUG b'{"Event":"INDIServer","Timestamp":"176662.966608380","Msg":"2023-01-01T17:52:47: [SCOPE] RES <+3240000025758160#> "}\r'
18:52:50,216 root DEBUG b'{"Event":"INDIServer","Timestamp":"176664.840979676","Msg":"2023-01-01T17:52:49: [SCOPE] CMD <> "}\r'
18:52:50,217 root DEBUG b'{"Event":"INDIServer","Timestamp":"176664.898896898","Msg":"2023-01-01T17:52:49: [SCOPE] RES <+028825498909170521#> "}\r'
18:52:50,217 root DEBUG b'{"Event":"INDIServer","Timestamp":"176664.899716120","Msg":"2023-01-01T17:52:49: [SCOPE] CMD <:GEC#> "}\r'
18:52:50,265 root DEBUG b'{"Event":"INDIServer","Timestamp":"176664.956509287","Msg":"2023-01-01T17:52:49: [SCOPE] RES <+3240000025760170#> "}\r'
18:52:52,150 root DEBUG b'{"Event":"INDIServer","Timestamp":"176666.840945989","Msg":"2023-01-01T17:52:51: [SCOPE] CMD <> "}\r'
18:52:52,207 root DEBUG b'{"Event":"INDIServer","Timestamp":"176666.898971545","Msg":"2023-01-01T17:52:51: [SCOPE] RES <+028825498909170521#> "}\r'
18:52:52,208 root DEBUG b'{"Event":"INDIServer","Timestamp":"176666.899782693","Msg":"2023-01-01T17:52:51: [SCOPE] CMD <:GEC#> "}\r'
18:52:52,265 root DEBUG b'{"Event":"INDIServer","Timestamp":"176666.956536063","Msg":"2023-01-01T17:52:51: [SCOPE] RES <+3240000025762170#> "}\r'
18:52:54,149 root DEBUG b'{"Event":"INDIServer","Timestamp":"176668.841033784","Msg":"2023-01-01T17:52:53: [SCOPE] CMD <> "}\r'
18:52:54,209 root DEBUG b'{"Event":"INDIServer","Timestamp":"176668.899890192","Msg":"2023-01-01T17:52:53: [SCOPE] RES <+028825498909170521#> "}\r'
18:52:54,210 root DEBUG b'{"Event":"INDIServer","Timestamp":"176668.900774025","Msg":"2023-01-01T17:52:53: [SCOPE] CMD <:GEC#> "}\r'
18:52:54,265 root DEBUG b'{"Event":"INDIServer","Timestamp":"176668.957431062","Msg":"2023-01-01T17:52:53: [SCOPE] RES <+3240000025764180#> "}\r'
18:52:56,160 root DEBUG b'{"Event":"INDIServer","Timestamp":"176670.850472691","Msg":"2023-01-01T17:52:55: [SCOPE] CMD <> "}\r'
18:52:56,218 root DEBUG b'{"Event":"INDIServer","Timestamp":"176670.908146839","Msg":"2023-01-01T17:52:55: [SCOPE] RES <+028825498909170521#> "}\r'
18:52:56,219 root DEBUG b'{"Event":"INDIServer","Timestamp":"176670.908361376","Msg":"2023-01-01T17:52:55: [SCOPE] CMD <:GEC#> "}\r'
18:52:56,257 root DEBUG b'{"Event":"INDIServer","Timestamp":"176670.948813283","Msg":"2023-01-01T17:52:55: [SCOPE] RES <+3240000025766180#> "}\r'
18:52:58,155 root DEBUG b'{"Event":"INDIServer","Timestamp":"176672.841429023","Msg":"2023-01-01T17:52:57: [SCOPE] CMD <> "}\r'
18:52:58,207 root DEBUG b'{"Event":"INDIServer","Timestamp":"176672.898776967","Msg":"2023-01-01T17:52:57: [SCOPE] RES <+028825498909170521#> "}\r'
18:52:58,208 root DEBUG b'{"Event":"INDIServer","Timestamp":"176672.899182930","Msg":"2023-01-01T17:52:57: [SCOPE] CMD <:GEC#> "}\r'
18:52:58,265 root DEBUG b'{"Event":"INDIServer","Timestamp":"176672.955779208","Msg":"2023-01-01T17:52:57: [SCOPE] RES <+3240000025768190#> "}\r'
18:53:00,158 root DEBUG b'{"Event":"INDIServer","Timestamp":"176674.850938096","Msg":"2023-01-01T17:52:59: [SCOPE] CMD <> "}\r'
18:53:00,217 root DEBUG b'{"Event":"INDIServer","Timestamp":"176674.909100447","Msg":"2023-01-01T17:52:59: [SCOPE] RES <+028825498909170521#> "}\r'
18:53:00,217 root DEBUG b'{"Event":"INDIServer","Timestamp":"176674.910105466","Msg":"2023-01-01T17:52:59: [SCOPE] CMD <:GEC#> "}\r'
18:53:00,276 root DEBUG b'{"Event":"INDIServer","Timestamp":"176674.967224947","Msg":"2023-01-01T17:52:59: [SCOPE] RES <+3240000025770190#> "}\r'
18:53:02,210 root DEBUG b'{"Event":"Version","Timestamp":"176676.903397150","name":"ASI AIR guider","svr_ver_string":"1.0","svr_ver_int":12}\r'
18:53:02,264 root DEBUG b'{"Event":"INDIServer","Timestamp":"176676.957013187","Msg":"2023-01-01T17:53:01: [SCOPE] RES <+3240000025772200#> "}\r'
18:53:04,245 root DEBUG b'{"Event":"INDIServer","Timestamp":"176678.840959667","Msg":"2023-01-01T17:53:03: [SCOPE] CMD <> "}\r'
18:53:04,245 root DEBUG b'{"Event":"INDIServer","Timestamp":"176678.899990464","Msg":"2023-01-01T17:53:03: [SCOPE] RES <+028825498909170521#> "}\r'
18:53:04,246 root DEBUG b'{"Event":"INDIServer","Timestamp":"176678.901044352","Msg":"2023-01-01T17:53:03: [SCOPE] CMD <:GEC#> "}\r'
18:53:04,266 root DEBUG b'{"Event":"INDIServer","Timestamp":"176678.957517704","Msg":"2023-01-01T17:53:03: [SCOPE] RES <+3240000025774210#> "}\r'
18:53:06,150 root DEBUG b'{"Event":"INDIServer","Timestamp":"176680.840999277","Msg":"2023-01-01T17:53:05: [SCOPE] CMD <> "}\r'
18:53:06,206 root DEBUG b'{"Event":"INDIServer","Timestamp":"176680.899011907","Msg":"2023-01-01T17:53:05: [SCOPE] RES <+028825498909170521#> "}\r'
18:53:06,207 root DEBUG b'{"Event":"INDIServer","Timestamp":"176680.900084425","Msg":"2023-01-01T17:53:05: [SCOPE] CMD <:GEC#> "}\r'
18:53:06,263 root DEBUG b'{"Event":"INDIServer","Timestamp":"176680.956959092","Msg":"2023-01-01T17:53:05: [SCOPE] RES <+3240000025776210#> "}\r'
18:53:17,756 root DEBUG b'{"Event":"Version","Timestamp":"176692.449310233","name":"ASI AIR guider","svr_ver_string":"1.0","svr_ver_int":12}\r'
