19:44:39,493 root DEBUG b'{"Event":"Version","Timestamp":"179774.201519208","name":"ASI AIR guider","svr_ver_string":"1.0","svr_ver_int":12}\r'
19:44:39,589 root DEBUG b'{"Event":"LoopingExposures","Timestamp":"179774.298372375","Frame":5}\r'
19:44:42,518 root DEBUG b'{"Event":"LoopingExposures","Timestamp":"179777.224943188","Frame":6}\r'
19:44:45,560 root DEBUG b'{"Event":"LoopingExposures","Timestamp":"179780.273331520","Frame":7}\r'
19:44:47,101 root DEBUG b'{"Event":"INDIServer","Timestamp":"179781.811181000","Msg":"2023-01-01T18:44:46: [SCOPE] CMD <> "}\r'
19:44:47,161 root DEBUG b'{"Event":"INDIServer","Timestamp":"179781.871540241","Msg":"2023-01-01T18:44:46: [SCOPE] RES <+028825498909110221#> "}\r'
19:44:47,162 root DEBUG b'{"Event":"INDIServer","Timestamp":"179781.872031556","Msg":"2023-01-01T18:44:46: [SCOPE] CMD <:GEC#> "}\r'
19:44:47,218 root DEBUG b'{"Event":"INDIServer","Timestamp":"179781.928788241","Msg":"2023-01-01T18:44:46: [SCOPE] RES <+1320515614531760#> "}\r'
19:44:47,283 root DEBUG b'{"Event":"StartCalibration","Timestamp":"179781.993833074","Mount":"iOptron CEM25/CEM60"}\r'
19:44:48,551 root DEBUG b'{"Event":"INDIServer","Timestamp":"179783.261046444","Msg":"2023-01-01T18:44:47: [SCOPE] CMD <> "}\r'
19:44:48,609 root DEBUG b'{"Event":"INDIServer","Timestamp":"179783.320553462","Msg":"2023-01-01T18:44:47: [SCOPE] RES <+028825498909110221#> "}\r'
19:44:48,610 root DEBUG b'{"Event":"INDIServer","Timestamp":"179783.321170703","Msg":"2023-01-01T18:44:47: [SCOPE] CMD <:GEC#> "}\r'
19:44:48,647 root DEBUG b'{"Event":"INDIServer","Timestamp":"179783.360594036","Msg":"2023-01-01T18:44:47: [SCOPE] RES <+1320515614531780#> "}\r'
19:44:48,668 root DEBUG b'{"Event":"Calibrating","Timestamp":"179783.380317184","State":"West step   1, dist= 0.0"}\r'
19:44:49,175 root DEBUG b'{"Event":"INDIServer","Timestamp":"179783.820505925","Msg":"2023-01-01T18:44:48: [DEBUG] CMD <:Mw00800#> "}\r'
19:44:51,632 root DEBUG b'{"Event":"Calibrating","Timestamp":"179786.287001423","State":"West step   2, dist= 0.7"}\r'
19:44:52,23 root DEBUG b'{"Event":"INDIServer","Timestamp":"179786.730514886","Msg":"2023-01-01T18:44:51: [DEBUG] CMD <:Mw00800#> "}\r'
19:44:54,603 root DEBUG b'{"Event":"Calibrating","Timestamp":"179789.298843255","State":"West step   3, dist= 1.7"}\r'
19:44:55,62 root DEBUG b'{"Event":"INDIServer","Timestamp":"179789.740550921","Msg":"2023-01-01T18:44:54: [DEBUG] CMD <:Mw00800#> "}\r'
19:44:55,154 root DEBUG b'{"Event":"Version","Timestamp":"179789.861630810","name":"ASI AIR guider","svr_ver_string":"1.0","svr_ver_int":12}\r'
19:44:57,614 root DEBUG b'{"Event":"Calibrating","Timestamp":"179792.326347420","State":"West step   4, dist= 3.5"}\r'
19:44:58,79 root DEBUG b'{"Event":"INDIServer","Timestamp":"179792.780531994","Msg":"2023-01-01T18:44:57: [DEBUG] CMD <:Mw00800#> "}\r'
19:45:00,518 root DEBUG b'{"Event":"Calibrating","Timestamp":"179795.229936714","State":"West step   5, dist= 4.9"}\r'
19:45:01,22 root DEBUG b'{"Event":"INDIServer","Timestamp":"179795.730558899","Msg":"2023-01-01T18:45:00: [DEBUG] CMD <:Mw00800#> "}\r'
19:45:03,562 root DEBUG b'{"Event":"Calibrating","Timestamp":"179798.275206583","State":"West step   6, dist= 6.2"}\r'
19:45:04,23 root DEBUG b'{"Event":"INDIServer","Timestamp":"179798.710551601","Msg":"2023-01-01T18:45:02: [DEBUG] CMD <:Mw00800#> "}\r'
19:45:06,682 root DEBUG b'{"Event":"Calibrating","Timestamp":"179801.288776137","State":"West step   7, dist= 7.7"}\r'
19:45:07,94 root DEBUG b'{"Event":"INDIServer","Timestamp":"179801.720529470","Msg":"2023-01-01T18:45:06: [DEBUG] CMD <:Mw00800#> "}\r'
19:45:09,617 root DEBUG b'{"Event":"Calibrating","Timestamp":"179804.320538005","State":"West step   8, dist= 8.3"}\r'
19:45:10,66 root DEBUG b'{"Event":"INDIServer","Timestamp":"179804.760531172","Msg":"2023-01-01T18:45:09: [DEBUG] CMD <:Mw00800#> "}\r'
19:45:10,215 root DEBUG b'{"Event":"Version","Timestamp":"179804.923024598","name":"ASI AIR guider","svr_ver_string":"1.0","svr_ver_int":12}\r'
19:45:12,532 root DEBUG b'{"Event":"Calibrating","Timestamp":"179807.235967615","State":"West step   9, dist= 9.8"}\r'
19:45:13,57 root DEBUG b'{"Event":"INDIServer","Timestamp":"179807.750570170","Msg":"2023-01-01T18:45:12: [DEBUG] CMD <:Mw00800#> "}\r'
19:45:15,561 root DEBUG b'{"Event":"StarLost","Timestamp":"179810.262020965","Frame":17,"Time":179810.261,"StarMass":103,"SNR":6.60,"AvgDist":9.58,"ErrorCode":6,"Status":"Star lost - mass changed"}\r'
19:45:18,567 root DEBUG b'{"Event":"StarLost","Timestamp":"179813.275024722","Frame":18,"Time":179813.274,"StarMass":0,"SNR":0.00,"AvgDist":9.58,"ErrorCode":2,"Status":"Star lost - low SNR"}\r'
19:45:21,589 root DEBUG b'{"Event":"StarLost","Timestamp":"179816.301984313","Frame":19,"Time":179816.301,"StarMass":0,"SNR":0.00,"AvgDist":9.58,"ErrorCode":2,"Status":"Star lost - low SNR"}\r'
19:45:24,592 root DEBUG b'{"Event":"StarLost","Timestamp":"179819.301416256","Frame":20,"Time":179819.301,"StarMass":0,"SNR":0.00,"AvgDist":9.58,"ErrorCode":2,"Status":"Star lost - low SNR"}\r'
19:45:25,400 root DEBUG b'{"Event":"Version","Timestamp":"179820.100895218","name":"ASI AIR guider","svr_ver_string":"1.0","svr_ver_int":12}\r'
19:45:27,609 root DEBUG b'{"Event":"StarLost","Timestamp":"179822.311918106","Frame":21,"Time":179822.311,"StarMass":0,"SNR":0.00,"AvgDist":9.58,"ErrorCode":2,"Status":"Star lost - low SNR"}\r'
19:45:30,551 root DEBUG b'{"Event":"StarLost","Timestamp":"179825.263837548","Frame":22,"Time":179825.263,"StarMass":0,"SNR":0.00,"AvgDist":9.58,"ErrorCode":2,"Status":"Star lost - low SNR"}\r'
19:45:33,570 root DEBUG b'{"Event":"StarLost","Timestamp":"179828.280131084","Frame":23,"Time":179828.280,"StarMass":0,"SNR":0.00,"AvgDist":100.00,"ErrorCode":2,"Status":"Star lost - low SNR"}\r'
19:45:36,383 root DEBUG b'{"Event":"CalibrationFailed","Timestamp":"179831.076693212","Mount":"iOptron CEM25/CEM60","Reason":"Calibration manually stopped"}\r'
19:45:36,384 root DEBUG b'{"Event":"GuidingStopped","Timestamp":"179831.076880045"}\r'
19:45:36,384 root DEBUG b'{"Event":"LockPositionLost","Timestamp":"179831.077011841"}\r'
19:45:36,788 root DEBUG b'{"Event":"LoopingExposuresStopped","Timestamp":"179831.466883322"}\r'
19:45:36,789 root DEBUG b'{"Event":"SettleDone","Timestamp":"179831.467131748","Status":1,"Error":"Image capture stopped","TotalFrames":0,"DroppedFrames":0}\r'
19:45:40,793 root DEBUG b'{"Event":"Version","Timestamp":"179835.504805820","name":"ASI AIR guider","svr_ver_string":"1.0","svr_ver_int":12}\r'
19:47:50,286 root DEBUG b'{"Event":"Version","Timestamp":"179964.995919853","name":"ASI AIR guider","svr_ver_string":"1.0","svr_ver_int":12}\r'
19:48:05,81 root DEBUG b'{"Event":"LoopingExposures","Timestamp":"179979.718882418","Frame":1}\r'
19:48:05,490 root DEBUG b'{"Event":"Version","Timestamp":"179980.184752177","name":"ASI AIR guider","svr_ver_string":"1.0","svr_ver_int":12}\r'
19:48:08,44 root DEBUG b'{"Event":"LoopingExposures","Timestamp":"179982.725640657","Frame":2}\r'
19:48:11,9 root DEBUG b'{"Event":"LoopingExposures","Timestamp":"179985.677271915","Frame":3}\r'
19:48:14,44 root DEBUG b'{"Event":"LoopingExposures","Timestamp":"179988.755098283","Frame":4}\r'
19:48:17,51 root DEBUG b'{"Event":"LoopingExposures","Timestamp":"179991.703986652","Frame":5}\r'
19:48:20,3 root DEBUG b'{"Event":"LoopingExposures","Timestamp":"179994.716187280","Frame":6}\r'
19:48:20,497 root DEBUG b'{"Event":"Version","Timestamp":"179995.211098057","name":"ASI AIR guider","svr_ver_string":"1.0","svr_ver_int":12}\r'
19:48:22,967 root DEBUG b'{"Event":"LoopingExposures","Timestamp":"179997.678707741","Frame":7}\r'
19:48:26,30 root DEBUG b'{"Event":"LoopingExposures","Timestamp":"180000.742007961","Frame":8}\r'
19:48:29,93 root DEBUG b'{"Event":"LoopingExposures","Timestamp":"180003.765254570","Frame":9}\r'
19:48:32,57 root DEBUG b'{"Event":"LoopingExposures","Timestamp":"180006.767850828","Frame":10}\r'
19:48:34,969 root DEBUG b'{"Event":"LoopingExposures","Timestamp":"180009.682894345","Frame":11}\r'
19:48:35,771 root DEBUG b'{"Event":"Version","Timestamp":"180010.483623307","name":"ASI AIR guider","svr_ver_string":"1.0","svr_ver_int":12}\r'
19:48:38,26 root DEBUG b'{"Event":"LoopingExposures","Timestamp":"180012.732150158","Frame":12}\r'
19:48:41,34 root DEBUG b'{"Event":"LoopingExposures","Timestamp":"180015.744584508","Frame":13}\r'
19:48:44,89 root DEBUG b'{"Event":"LoopingExposures","Timestamp":"180018.756817524","Frame":14}\r'
19:48:47,55 root DEBUG b'{"Event":"LoopingExposures","Timestamp":"180021.684267856","Frame":15}\r'
19:48:50,15 root DEBUG b'{"Event":"LoopingExposures","Timestamp":"180024.728496836","Frame":16}\r'
19:48:53,19 root DEBUG b'{"Event":"LoopingExposures","Timestamp":"180027.733785223","Frame":17}\r'
19:48:53,465 root DEBUG b'{"Event":"Version","Timestamp":"180028.177290315","name":"ASI AIR guider","svr_ver_string":"1.0","svr_ver_int":12}\r'
19:48:56,65 root DEBUG b'{"Event":"LoopingExposures","Timestamp":"180030.745866610","Frame":18}\r'
19:48:58,984 root DEBUG b'{"Event":"LoopingExposures","Timestamp":"180033.694308108","Frame":19}\r'
19:49:02,93 root DEBUG b'{"Event":"LoopingExposures","Timestamp":"180036.772044532","Frame":20}\r'
19:49:05,28 root DEBUG b'{"Event":"LoopingExposures","Timestamp":"180039.731375845","Frame":21}\r'
19:49:08,44 root DEBUG b'{"Event":"LoopingExposures","Timestamp":"180042.743189881","Frame":22}\r'
19:49:08,556 root DEBUG b'{"Event":"Version","Timestamp":"180043.269651065","name":"ASI AIR guider","svr_ver_string":"1.0","svr_ver_int":12}\r'
19:49:11,0 root DEBUG b'{"Event":"LoopingExposures","Timestamp":"180045.705855305","Frame":23}\r'
19:49:14,99 root DEBUG b'{"Event":"LoopingExposures","Timestamp":"180048.757700710","Frame":24}\r'
19:49:17,93 root DEBUG b'{"Event":"LoopingExposures","Timestamp":"180051.768938857","Frame":25}\r'
19:49:20,69 root DEBUG b'{"Event":"LoopingExposures","Timestamp":"180054.781311466","Frame":26}\r'
19:49:22,986 root DEBUG b'{"Event":"LoopingExposures","Timestamp":"180057.700615983","Frame":27}\r'
19:49:26,43 root DEBUG b'{"Event":"LoopingExposures","Timestamp":"180060.745081092","Frame":28}\r'
19:49:26,494 root DEBUG b'{"Event":"Version","Timestamp":"180061.202623129","name":"ASI AIR guider","svr_ver_string":"1.0","svr_ver_int":12}\r'
19:49:29,93 root DEBUG b'{"Event":"LoopingExposures","Timestamp":"180063.758027387","Frame":29}\r'
19:49:32,56 root DEBUG b'{"Event":"LoopingExposures","Timestamp":"180066.769603144","Frame":30}\r'
19:49:34,992 root DEBUG b'{"Event":"LoopingExposures","Timestamp":"180069.704133624","Frame":31}\r'
19:49:35,450 root DEBUG b'{"Event":"INDIServer","Timestamp":"180070.160551142","Msg":"2023-01-01T18:49:34: [SCOPE] CMD <> "}\r'
19:49:35,505 root DEBUG b'{"Event":"INDIServer","Timestamp":"180070.218241827","Msg":"2023-01-01T18:49:34: [SCOPE] RES <+028825498909110221#> "}\r'
19:49:35,505 root DEBUG b'{"Event":"INDIServer","Timestamp":"180070.218455123","Msg":"2023-01-01T18:49:34: [SCOPE] CMD <:GEC#> "}\r'
19:49:35,565 root DEBUG b'{"Event":"INDIServer","Timestamp":"180070.275852364","Msg":"2023-01-01T18:49:34: [SCOPE] RES <+0234160084547750#> "}\r'
19:49:36,514 root DEBUG b'{"Event":"LockPositionSet","Timestamp":"180071.216525290","X":1173.513,"Y":1081.980}\r'
19:49:36,515 root DEBUG b'{"Event":"LoopingExposures","Timestamp":"180071.217282678","Frame":31}\r'
19:49:36,515 root DEBUG b'{"Event":"StarSelected","Timestamp":"180071.217920660","X":1173.513,"Y":1081.980}\r'
19:49:38,56 root DEBUG b'{"Event":"LoopingExposures","Timestamp":"180072.701611418","Frame":32}\r'
19:49:38,499 root DEBUG b'{"Event":"INDIServer","Timestamp":"180073.210517159","Msg":"2023-01-01T18:49:37: [SCOPE] CMD <> "}\r'
19:49:38,555 root DEBUG b'{"Event":"INDIServer","Timestamp":"180073.268030770","Msg":"2023-01-01T18:49:37: [SCOPE] RES <+028825498909110221#> "}\r'
19:49:38,555 root DEBUG b'{"Event":"INDIServer","Timestamp":"180073.268244011","Msg":"2023-01-01T18:49:37: [SCOPE] CMD <:GEC#> "}\r'
19:49:38,614 root DEBUG b'{"Event":"INDIServer","Timestamp":"180073.326552640","Msg":"2023-01-01T18:49:37: [SCOPE] RES <+0234160084547670#> "}\r'
19:49:38,631 root DEBUG b'{"Event":"StartCalibration","Timestamp":"180073.344892233","Mount":"iOptron CEM25/CEM60"}\r'
19:49:41,100 root DEBUG b'{"Event":"INDIServer","Timestamp":"180075.800515453","Msg":"2023-01-01T18:49:40: [SCOPE] CMD <> "}\r'
19:49:41,159 root DEBUG b'{"Event":"INDIServer","Timestamp":"180075.857412250","Msg":"2023-01-01T18:49:40: [SCOPE] RES <+028825498909110221#> "}\r'
19:49:41,160 root DEBUG b'{"Event":"INDIServer","Timestamp":"180075.857790268","Msg":"2023-01-01T18:49:40: [SCOPE] CMD <:GEC#> "}\r'
19:49:41,190 root DEBUG b'{"Event":"INDIServer","Timestamp":"180075.898408676","Msg":"2023-01-01T18:49:40: [SCOPE] RES <+0234160084547730#> "}\r'
19:49:41,221 root DEBUG b'{"Event":"Calibrating","Timestamp":"180075.916422805","State":"West step   1, dist= 0.0"}\r'
19:49:41,671 root DEBUG b'{"Event":"Version","Timestamp":"180076.372210342","name":"ASI AIR guider","svr_ver_string":"1.0","svr_ver_int":12}\r'
19:49:41,672 root DEBUG b'{"Event":"INDIServer","Timestamp":"180076.380488953","Msg":"2023-01-01T18:49:41: [DEBUG] CMD <:Mw00800#> "}\r'
19:49:44,186 root DEBUG b'{"Event":"Calibrating","Timestamp":"180078.759073489","State":"West step   2, dist= 1.0"}\r'
19:49:44,522 root DEBUG b'{"Event":"INDIServer","Timestamp":"180079.220531433","Msg":"2023-01-01T18:49:43: [DEBUG] CMD <:Mw00800#> "}\r'
19:49:46,999 root DEBUG b'{"Event":"Calibrating","Timestamp":"180081.711471876","State":"West step   3, dist= 2.8"}\r'
19:49:47,458 root DEBUG b'{"Event":"INDIServer","Timestamp":"180082.170498209","Msg":"2023-01-01T18:49:46: [DEBUG] CMD <:Mw00800#> "}\r'
19:49:50,71 root DEBUG b'{"Event":"Calibrating","Timestamp":"180084.783890430","State":"West step   4, dist= 4.6"}\r'
19:49:50,517 root DEBUG b'{"Event":"INDIServer","Timestamp":"180085.230515170","Msg":"2023-01-01T18:49:49: [DEBUG] CMD <:Mw00800#> "}\r'
19:49:53,23 root DEBUG b'{"Event":"Calibrating","Timestamp":"180087.736548094","State":"West step   5, dist= 6.0"}\r'
19:49:53,466 root DEBUG b'{"Event":"INDIServer","Timestamp":"180088.180535761","Msg":"2023-01-01T18:49:52: [DEBUG] CMD <:Mw00800#> "}\r'
19:49:56,42 root DEBUG b'{"Event":"Calibrating","Timestamp":"180090.755512870","State":"West step   6, dist= 7.9"}\r'
19:49:56,526 root DEBUG b'{"Event":"INDIServer","Timestamp":"180091.240564463","Msg":"2023-01-01T18:49:55: [DEBUG] CMD <:Mw00800#> "}\r'
19:49:59,12 root DEBUG b'{"Event":"Calibrating","Timestamp":"180093.717866721","State":"West step   7, dist= 9.3"}\r'
19:49:59,512 root DEBUG b'{"Event":"Version","Timestamp":"180094.207563017","name":"ASI AIR guider","svr_ver_string":"1.0","svr_ver_int":12}\r'
19:50:02,94 root DEBUG b'{"Event":"Calibrating","Timestamp":"180096.784231237","State":"West step   8, dist=11.2"}\r'
19:50:02,542 root DEBUG b'{"Event":"INDIServer","Timestamp":"180097.250527348","Msg":"2023-01-01T18:50:01: [DEBUG] CMD <:Mw00800#> "}\r'
19:50:05,74 root DEBUG b'{"Event":"Calibrating","Timestamp":"180099.787041347","State":"West step   9, dist=13.2"}\r'
19:50:05,519 root DEBUG b'{"Event":"INDIServer","Timestamp":"180100.230521550","Msg":"2023-01-01T18:50:04: [DEBUG] CMD <:Mw00800#> "}\r'
19:50:08,86 root DEBUG b'{"Event":"Calibrating","Timestamp":"180102.798609567","State":"West step  10, dist=14.5"}\r'
19:50:08,557 root DEBUG b'{"Event":"INDIServer","Timestamp":"180103.270613307","Msg":"2023-01-01T18:50:07: [DEBUG] CMD <:Mw00800#> "}\r'
19:50:11,25 root DEBUG b'{"Event":"Calibrating","Timestamp":"180105.715356843","State":"West step  11, dist=16.3"}\r'
19:50:11,447 root DEBUG b'{"Event":"INDIServer","Timestamp":"180106.160534509","Msg":"2023-01-01T18:50:10: [DEBUG] CMD <:Mw00800#> "}\r'
19:50:14,93 root DEBUG b'{"Event":"Calibrating","Timestamp":"180108.760594915","State":"West step  12, dist=17.8"}\r'
19:50:14,623 root DEBUG b'{"Event":"INDIServer","Timestamp":"180109.210542767","Msg":"2023-01-01T18:50:13: [DEBUG] CMD <:Mw00800#> "}\r'
19:50:14,652 root DEBUG b'{"Event":"Version","Timestamp":"180109.364859952","name":"ASI AIR guider","svr_ver_string":"1.0","svr_ver_int":12}\r'
19:50:17,64 root DEBUG b'{"Event":"Calibrating","Timestamp":"180111.774455710","State":"West step  13, dist=19.4"}\r'
19:50:17,508 root DEBUG b'{"Event":"INDIServer","Timestamp":"180112.220628321","Msg":"2023-01-01T18:50:16: [DEBUG] CMD <:Mw00800#> "}\r'
19:50:20,17 root DEBUG b'{"Event":"Calibrating","Timestamp":"180114.730598041","State":"West step  14, dist=21.4"}\r'
19:50:20,476 root DEBUG b'{"Event":"INDIServer","Timestamp":"180115.190620504","Msg":"2023-01-01T18:50:19: [DEBUG] CMD <:Mw00800#> "}\r'
19:50:23,29 root DEBUG b'{"Event":"Calibrating","Timestamp":"180117.743285669","State":"West step  15, dist=23.0"}\r'
19:50:23,481 root DEBUG b'{"Event":"INDIServer","Timestamp":"180118.190514928","Msg":"2023-01-01T18:50:22: [DEBUG] CMD <:Mw00800#> "}\r'
19:50:26,50 root DEBUG b'{"Event":"Calibrating","Timestamp":"180120.760389279","State":"West step  16, dist=24.6"}\r'
19:50:26,498 root DEBUG b'{"Event":"INDIServer","Timestamp":"180121.210639630","Msg":"2023-01-01T18:50:25: [DEBUG] CMD <:Mw00800#> "}\r'
19:50:29,109 root DEBUG b'{"Event":"INDIServer","Timestamp":"180123.810471406","Msg":"2023-01-01T18:50:28: [SCOPE] CMD <> "}\r'
19:50:29,157 root DEBUG b'{"Event":"INDIServer","Timestamp":"180123.867311110","Msg":"2023-01-01T18:50:28: [SCOPE] RES <+028825498909110221#> "}\r'
19:50:29,158 root DEBUG b'{"Event":"INDIServer","Timestamp":"180123.867738462","Msg":"2023-01-01T18:50:28: [SCOPE] CMD <:GEC#> "}\r'
19:50:29,214 root DEBUG b'{"Event":"INDIServer","Timestamp":"180123.924266758","Msg":"2023-01-01T18:50:28: [SCOPE] RES <+0234160084538050#> "}\r'
19:50:29,221 root DEBUG b'{"Event":"Calibrating","Timestamp":"180123.929867128","State":"East step  13, dist=26.0"}\r'
19:50:29,675 root DEBUG b'{"Event":"INDIServer","Timestamp":"180124.380551424","Msg":"2023-01-01T18:50:29: [DEBUG] CMD <:Me01000#> "}\r'
19:50:29,736 root DEBUG b'{"Event":"Version","Timestamp":"180124.448468054","name":"ASI AIR guider","svr_ver_string":"1.0","svr_ver_int":12}\r'
19:50:32,80 root DEBUG b'{"Event":"Calibrating","Timestamp":"180126.783643330","State":"East step  12, dist=25.6"}\r'
19:50:32,549 root DEBUG b'{"Event":"INDIServer","Timestamp":"180127.260618312","Msg":"2023-01-01T18:50:31: [DEBUG] CMD <:Me01000#> "}\r'
19:50:35,14 root DEBUG b'{"Event":"Calibrating","Timestamp":"180129.727598921","State":"East step  11, dist=23.4"}\r'
19:50:35,459 root DEBUG b'{"Event":"INDIServer","Timestamp":"180130.170582217","Msg":"2023-01-01T18:50:34: [DEBUG] CMD <:Me01000#> "}\r'
19:50:38,86 root DEBUG b'{"Event":"Calibrating","Timestamp":"180132.798578475","State":"East step  10, dist=21.8"}\r'
19:50:38,536 root DEBUG b'{"Event":"INDIServer","Timestamp":"180133.250524345","Msg":"2023-01-01T18:50:37: [DEBUG] CMD <:Me01000#> "}\r'
19:50:41,45 root DEBUG b'{"Event":"Calibrating","Timestamp":"180135.753934658","State":"East step   9, dist=19.9"}\r'
19:50:41,487 root DEBUG b'{"Event":"INDIServer","Timestamp":"180136.200554195","Msg":"2023-01-01T18:50:40: [DEBUG] CMD <:Me01000#> "}\r'
19:50:44,51 root DEBUG b'{"Event":"Calibrating","Timestamp":"180138.764628046","State":"East step   8, dist=17.7"}\r'
19:50:44,511 root DEBUG b'{"Event":"INDIServer","Timestamp":"180139.220724712","Msg":"2023-01-01T18:50:43: [DEBUG] CMD <:Me01000#> "}\r'
19:50:47,93 root DEBUG b'{"Event":"Calibrating","Timestamp":"180141.732419525","State":"East step   7, dist=15.9"}\r'
19:50:47,518 root DEBUG b'{"Event":"Version","Timestamp":"180142.206132543","name":"ASI AIR guider","svr_ver_string":"1.0","svr_ver_int":12}\r'
19:50:50,83 root DEBUG b'{"Event":"Calibrating","Timestamp":"180144.786521338","State":"East step   6, dist=13.8"}\r'
19:50:50,519 root DEBUG b'{"Event":"INDIServer","Timestamp":"180145.230518894","Msg":"2023-01-01T18:50:49: [DEBUG] CMD <:Me01000#> "}\r'
19:50:53,86 root DEBUG b'{"Event":"Calibrating","Timestamp":"180147.800091355","State":"East step   5, dist=11.7"}\r'
19:50:53,527 root DEBUG b'{"Event":"INDIServer","Timestamp":"180148.240619188","Msg":"2023-01-01T18:50:52: [DEBUG] CMD <:Me01000#> "}\r'
19:50:56,106 root DEBUG b'{"Event":"Calibrating","Timestamp":"180150.820327724","State":"East step   4, dist= 9.0"}\r'
19:50:56,594 root DEBUG b'{"Event":"INDIServer","Timestamp":"180151.280537131","Msg":"2023-01-01T18:50:55: [DEBUG] CMD <:Me01000#> "}\r'
19:50:59,55 root DEBUG b'{"Event":"Calibrating","Timestamp":"180153.735722407","State":"East step   3, dist= 7.2"}\r'
19:50:59,468 root DEBUG b'{"Event":"INDIServer","Timestamp":"180154.180538444","Msg":"2023-01-01T18:50:58: [DEBUG] CMD <:Me01000#> "}\r'
19:51:02,101 root DEBUG b'{"Event":"Calibrating","Timestamp":"180156.774472442","State":"East step   2, dist= 5.3"}\r'
19:51:02,511 root DEBUG b'{"Event":"INDIServer","Timestamp":"180157.220619257","Msg":"2023-01-01T18:51:01: [DEBUG] CMD <:Me01000#> "}\r'
19:51:03,335 root DEBUG b'{"Event":"Version","Timestamp":"180158.046699367","name":"ASI AIR guider","svr_ver_string":"1.0","svr_ver_int":12}\r'
19:51:05,76 root DEBUG b'{"Event":"Calibrating","Timestamp":"180159.786051607","State":"East step   1, dist= 2.9"}\r'
19:51:05,519 root DEBUG b'{"Event":"INDIServer","Timestamp":"180160.230530440","Msg":"2023-01-01T18:51:04: [DEBUG] CMD <:Me00800#> "}\r'
19:51:08,70 root DEBUG b'{"Event":"INDIServer","Timestamp":"180162.780466587","Msg":"2023-01-01T18:51:07: [SCOPE] CMD <> "}\r'
19:51:08,110 root DEBUG b'{"Event":"INDIServer","Timestamp":"180162.822311161","Msg":"2023-01-01T18:51:07: [SCOPE] RES <+028825498909110221#> "}\r'
19:51:08,110 root DEBUG b'{"Event":"INDIServer","Timestamp":"180162.823381365","Msg":"2023-01-01T18:51:07: [SCOPE] CMD <:GEC#> "}\r'
19:51:08,168 root DEBUG b'{"Event":"INDIServer","Timestamp":"180162.880523309","Msg":"2023-01-01T18:51:07: [SCOPE] RES <+0234160084547780#> "}\r'
19:51:08,183 root DEBUG b'{"Event":"Calibrating","Timestamp":"180162.893092550","State":"Clearing backlash step 1"}\r'
19:51:08,637 root DEBUG b'{"Event":"INDIServer","Timestamp":"180163.350490068","Msg":"2023-01-01T18:51:07: [DEBUG] CMD <:Mn00800#> "}\r'
19:51:11,66 root DEBUG b'{"Event":"INDIServer","Timestamp":"180165.780579289","Msg":"2023-01-01T18:51:10: [SCOPE] CMD <> "}\r'
19:51:11,123 root DEBUG b'{"Event":"INDIServer","Timestamp":"180165.837379141","Msg":"2023-01-01T18:51:10: [SCOPE] RES <+028825498909110221#> "}\r'
19:51:11,124 root DEBUG b'{"Event":"INDIServer","Timestamp":"180165.837792159","Msg":"2023-01-01T18:51:10: [SCOPE] CMD <:GEC#> "}\r'
19:51:11,179 root DEBUG b'{"Event":"INDIServer","Timestamp":"180165.894434400","Msg":"2023-01-01T18:51:10: [SCOPE] RES <+0234069884547700#> "}\r'
19:51:11,185 root DEBUG b'{"Event":"Calibrating","Timestamp":"180165.895979826","State":"Clearing backlash step   2"}\r'
19:51:11,746 root DEBUG b'{"Event":"INDIServer","Timestamp":"180166.400560825","Msg":"2023-01-01T18:51:11: [DEBUG] CMD <:Mn00800#> "}\r'
19:51:14,158 root DEBUG b'{"Event":"INDIServer","Timestamp":"180168.870451731","Msg":"2023-01-01T18:51:13: [SCOPE] CMD <> "}\r'
19:51:14,212 root DEBUG b'{"Event":"INDIServer","Timestamp":"180168.927268398","Msg":"2023-01-01T18:51:13: [SCOPE] RES <+028825498909110221#> "}\r'
19:51:14,217 root DEBUG b'{"Event":"INDIServer","Timestamp":"180168.927660953","Msg":"2023-01-01T18:51:13: [SCOPE] CMD <:GEC#> "}\r'
19:51:14,271 root DEBUG b'{"Event":"INDIServer","Timestamp":"180168.984253490","Msg":"2023-01-01T18:51:13: [SCOPE] RES <+0233979684547760#> "}\r'
19:51:14,296 root DEBUG b'{"Event":"Calibrating","Timestamp":"180169.003571065","State":"Clearing backlash step   3"}\r'
19:51:14,729 root DEBUG b'{"Event":"INDIServer","Timestamp":"180169.440633231","Msg":"2023-01-01T18:51:14: [DEBUG] CMD <:Mn00800#> "}\r'
19:51:17,79 root DEBUG b'{"Event":"Calibrating","Timestamp":"180171.775567600","State":"North step   2, dist= 1.6"}\r'
19:51:17,501 root DEBUG b'{"Event":"INDIServer","Timestamp":"180172.210688415","Msg":"2023-01-01T18:51:16: [DEBUG] CMD <:Mn00800#> "}\r'
19:51:20,104 root DEBUG b'{"Event":"Calibrating","Timestamp":"180174.789173154","State":"North step   3, dist= 3.5"}\r'
19:51:20,563 root DEBUG b'{"Event":"Version","Timestamp":"180175.274401450","name":"ASI AIR guider","svr_ver_string":"1.0","svr_ver_int":12}\r'
19:51:23,25 root DEBUG b'{"Event":"Calibrating","Timestamp":"180177.737899411","State":"North step   4, dist= 5.2"}\r'
19:51:23,467 root DEBUG b'{"Event":"INDIServer","Timestamp":"180178.180528059","Msg":"2023-01-01T18:51:22: [DEBUG] CMD <:Mn00800#> "}\r'
19:51:26,100 root DEBUG b'{"Event":"Calibrating","Timestamp":"180180.813343298","State":"North step   5, dist= 6.9"}\r'
19:51:26,547 root DEBUG b'{"Event":"INDIServer","Timestamp":"180181.260521965","Msg":"2023-01-01T18:51:25: [DEBUG] CMD <:Mn00800#> "}\r'
19:51:29,117 root DEBUG b'{"Event":"Calibrating","Timestamp":"180183.825164815","State":"North step   6, dist= 8.6"}\r'
19:51:29,558 root DEBUG b'{"Event":"INDIServer","Timestamp":"180184.270542648","Msg":"2023-01-01T18:51:28: [DEBUG] CMD <:Mn00800#> "}\r'
19:51:32,62 root DEBUG b'{"Event":"Calibrating","Timestamp":"180186.775802998","State":"North step   7, dist=10.1"}\r'
19:51:32,527 root DEBUG b'{"Event":"INDIServer","Timestamp":"180187.240544609","Msg":"2023-01-01T18:51:31: [DEBUG] CMD <:Mn00800#> "}\r'
19:51:35,37 root DEBUG b'{"Event":"Calibrating","Timestamp":"180189.747139015","State":"North step   8, dist=12.0"}\r'
19:51:35,483 root DEBUG b'{"Event":"INDIServer","Timestamp":"180190.190534978","Msg":"2023-01-01T18:51:34: [DEBUG] CMD <:Mn00800#> "}\r'
19:51:38,86 root DEBUG b'{"Event":"Calibrating","Timestamp":"180192.798956050","State":"North step   9, dist=13.6"}\r'
19:51:38,507 root DEBUG b'{"Event":"Version","Timestamp":"180193.219647883","name":"ASI AIR guider","svr_ver_string":"1.0","svr_ver_int":12}\r'
19:51:38,536 root DEBUG b'{"Event":"INDIServer","Timestamp":"180193.250552791","Msg":"2023-01-01T18:51:37: [DEBUG] CMD <:Mn00800#> "}\r'
19:51:41,97 root DEBUG b'{"Event":"Calibrating","Timestamp":"180195.811290512","State":"North step  10, dist=15.3"}\r'
19:51:41,546 root DEBUG b'{"Event":"INDIServer","Timestamp":"180196.260584159","Msg":"2023-01-01T18:51:40: [DEBUG] CMD <:Mn00800#> "}\r'
19:51:44,110 root DEBUG b'{"Event":"Calibrating","Timestamp":"180198.823444213","State":"North step  11, dist=16.9"}\r'
19:51:44,621 root DEBUG b'{"Event":"INDIServer","Timestamp":"180199.280545880","Msg":"2023-01-01T18:51:43: [DEBUG] CMD <:Mn00800#> "}\r'
19:51:47,75 root DEBUG b'{"Event":"Calibrating","Timestamp":"180201.757940452","State":"North step  12, dist=18.7"}\r'
19:51:47,520 root DEBUG b'{"Event":"INDIServer","Timestamp":"180202.220561008","Msg":"2023-01-01T18:51:46: [DEBUG] CMD <:Mn00800#> "}\r'
19:51:50,78 root DEBUG b'{"Event":"Calibrating","Timestamp":"180204.788734580","State":"North step  13, dist=20.5"}\r'
19:51:50,560 root DEBUG b'{"Event":"INDIServer","Timestamp":"180205.230546265","Msg":"2023-01-01T18:51:49: [DEBUG] CMD <:Mn00800#> "}\r'
19:51:53,39 root DEBUG b'{"Event":"Calibrating","Timestamp":"180207.749220190","State":"North step  14, dist=22.1"}\r'
19:51:53,491 root DEBUG b'{"Event":"INDIServer","Timestamp":"180208.200543226","Msg":"2023-01-01T18:51:52: [DEBUG] CMD <:Mn00800#> "}\r'
19:51:53,601 root DEBUG b'{"Event":"Version","Timestamp":"180208.306738412","name":"ASI AIR guider","svr_ver_string":"1.0","svr_ver_int":12}\r'
19:51:56,109 root DEBUG b'{"Event":"Calibrating","Timestamp":"180210.822619540","State":"North step  15, dist=23.6"}\r'
19:51:56,577 root DEBUG b'{"Event":"INDIServer","Timestamp":"180211.290576113","Msg":"2023-01-01T18:51:55: [DEBUG] CMD <:Mn00800#> "}\r'
19:51:59,88 root DEBUG b'{"Event":"INDIServer","Timestamp":"180213.800547242","Msg":"2023-01-01T18:51:58: [SCOPE] CMD <> "}\r'
19:51:59,148 root DEBUG b'{"Event":"INDIServer","Timestamp":"180213.859128408","Msg":"2023-01-01T18:51:58: [SCOPE] RES <+028825498909110221#> "}\r'
19:51:59,148 root DEBUG b'{"Event":"INDIServer","Timestamp":"180213.859478982","Msg":"2023-01-01T18:51:58: [SCOPE] CMD <:GEC#> "}\r'
19:51:59,206 root DEBUG b'{"Event":"INDIServer","Timestamp":"180213.916386149","Msg":"2023-01-01T18:51:58: [SCOPE] RES <+0232626084547750#> "}\r'
19:51:59,207 root DEBUG b'{"Event":"Calibrating","Timestamp":"180213.919519093","State":"South step  12, dist=25.2"}\r'
19:51:59,737 root DEBUG b'{"Event":"INDIServer","Timestamp":"180214.450522056","Msg":"2023-01-01T18:51:59: [DEBUG] CMD <:Ms01000#> "}\r'
19:52:02,124 root DEBUG b'{"Event":"Calibrating","Timestamp":"180216.836950073","State":"South step  11, dist=25.1"}\r'
19:52:02,571 root DEBUG b'{"Event":"INDIServer","Timestamp":"180217.280518591","Msg":"2023-01-01T18:52:01: [DEBUG] CMD <:Ms01000#> "}\r'
19:52:05,99 root DEBUG b'{"Event":"Calibrating","Timestamp":"180219.787895257","State":"South step  10, dist=23.0"}\r'
19:52:05,538 root DEBUG b'{"Event":"INDIServer","Timestamp":"180220.230847108","Msg":"2023-01-01T18:52:04: [DEBUG] CMD <:Ms01000#> "}\r'
19:52:08,88 root DEBUG b'{"Event":"Calibrating","Timestamp":"180222.799401310","State":"South step   9, dist=20.8"}\r'
19:52:08,574 root DEBUG b'{"Event":"INDIServer","Timestamp":"180223.260545106","Msg":"2023-01-01T18:52:07: [DEBUG] CMD <:Ms01000#> "}\r'
19:52:11,93 root DEBUG b'{"Event":"Calibrating","Timestamp":"180225.754380475","State":"South step   8, dist=19.0"}\r'
19:52:11,461 root DEBUG b'{"Event":"Version","Timestamp":"180226.174345086","name":"ASI AIR guider","svr_ver_string":"1.0","svr_ver_int":12}\r'
19:52:11,489 root DEBUG b'{"Event":"INDIServer","Timestamp":"180226.200547956","Msg":"2023-01-01T18:52:10: [DEBUG] CMD <:Ms01000#> "}\r'
19:52:14,112 root DEBUG b'{"Event":"Calibrating","Timestamp":"180228.823193492","State":"South step   7, dist=16.8"}\r'
19:52:14,621 root DEBUG b'{"Event":"INDIServer","Timestamp":"180229.270604899","Msg":"2023-01-01T18:52:13: [DEBUG] CMD <:Ms01000#> "}\r'
19:52:17,122 root DEBUG b'{"Event":"Calibrating","Timestamp":"180231.835865564","State":"South step   6, dist=14.8"}\r'
19:52:17,578 root DEBUG b'{"Event":"INDIServer","Timestamp":"180232.290541175","Msg":"2023-01-01T18:52:16: [DEBUG] CMD <:Ms01000#> "}\r'
19:52:20,74 root DEBUG b'{"Event":"Calibrating","Timestamp":"180234.788685636","State":"South step   5, dist=12.5"}\r'
19:52:20,547 root DEBUG b'{"Event":"INDIServer","Timestamp":"180235.260611821","Msg":"2023-01-01T18:52:19: [DEBUG] CMD <:Ms01000#> "}\r'
19:52:23,50 root DEBUG b'{"Event":"Calibrating","Timestamp":"180237.757320838","State":"South step   4, dist=10.5"}\r'
19:52:23,497 root DEBUG b'{"Event":"INDIServer","Timestamp":"180238.200545171","Msg":"2023-01-01T18:52:22: [DEBUG] CMD <:Ms01000#> "}\r'
19:52:26,107 root DEBUG b'{"Event":"Calibrating","Timestamp":"180240.818865411","State":"South step   3, dist= 8.3"}\r'
19:52:26,542 root DEBUG b'{"Event":"Version","Timestamp":"180241.253325781","name":"ASI AIR guider","svr_ver_string":"1.0","svr_ver_int":12}\r'
19:52:26,555 root DEBUG b'{"Event":"INDIServer","Timestamp":"180241.260506096","Msg":"2023-01-01T18:52:25: [DEBUG] CMD <:Ms01000#> "}\r'
19:52:29,122 root DEBUG b'{"Event":"Calibrating","Timestamp":"180243.834958168","State":"South step   2, dist= 6.4"}\r'
19:52:29,677 root DEBUG b'{"Event":"INDIServer","Timestamp":"180244.290560816","Msg":"2023-01-01T18:52:28: [DEBUG] CMD <:Ms01000#> "}\r'
19:52:32,133 root DEBUG b'{"Event":"Calibrating","Timestamp":"180246.849080370","State":"South step   1, dist= 4.2"}\r'
19:52:32,609 root DEBUG b'{"Event":"INDIServer","Timestamp":"180247.320531092","Msg":"2023-01-01T18:52:31: [DEBUG] CMD <:Ms01000#> "}\r'
19:52:35,76 root DEBUG b'{"Event":"Calibrating","Timestamp":"180249.788664479","State":"Nudge South   1"}\r'
19:52:35,518 root DEBUG b'{"Event":"INDIServer","Timestamp":"180250.230540127","Msg":"2023-01-01T18:52:34: [DEBUG] CMD <:Ms00800#> "}\r'
19:52:38,109 root DEBUG b'{"Event":"Calibrating","Timestamp":"180252.810408126","State":"Nudge South   2"}\r'
19:52:38,557 root DEBUG b'{"Event":"INDIServer","Timestamp":"180253.260545922","Msg":"2023-01-01T18:52:37: [DEBUG] CMD <:Ms00800#> "}\r'
19:52:41,183 root DEBUG b'{"Event":"INDIServer","Timestamp":"180255.890478828","Msg":"2023-01-01T18:52:40: [SCOPE] CMD <> "}\r'
19:52:41,264 root DEBUG b'{"Event":"INDIServer","Timestamp":"180255.947407846","Msg":"2023-01-01T18:52:40: [SCOPE] RES <+028825498909110221#> "}\r'
19:52:41,264 root DEBUG b'{"Event":"INDIServer","Timestamp":"180255.947780587","Msg":"2023-01-01T18:52:40: [SCOPE] CMD <:GEC#> "}\r'
19:52:41,304 root DEBUG b'{"Event":"INDIServer","Timestamp":"180256.004614290","Msg":"2023-01-01T18:52:40: [SCOPE] RES <+0234163684547740#> "}\r'
19:52:41,530 root DEBUG b'{"Event":"CalibrationComplete","Timestamp":"180256.238492142","Mount":"iOptron CEM25/CEM60"}\r'
19:52:41,559 root DEBUG b'{"Event":"StartGuiding","Timestamp":"180256.270385457"}\r'
19:52:42,70 root DEBUG b'{"Event":"SettleBegin","Timestamp":"180256.733812938"}\r'
19:52:42,108 root DEBUG b'{"Event":"Version","Timestamp":"180256.818899197","name":"ASI AIR guider","svr_ver_string":"1.0","svr_ver_int":12}\r'
19:52:44,518 root DEBUG b'{"Event":"SettleDone","Timestamp":"180259.231273011","Status":1,"Error":"timed-out waiting for guider to settle","TotalFrames":1,"DroppedFrames":0}\r'
19:52:44,568 root DEBUG b'{"Event":"INDIServer","Timestamp":"180259.280654251","Msg":"2023-01-01T18:52:43: [DEBUG] CMD <:Me00305#> "}\r'
19:52:44,933 root DEBUG b'{"Event":"GuideStep","Timestamp":"180259.537263992","Frame":1,"Time":3.295,"Mount":"iOptron CEM25/CEM60","dx":-0.476,"dy":-1.650,"RADistanceRaw":-5.392,"DECDistanceRaw":-0.125,"RADistanceGuide":-0.618,"DECDistanceGuide":0.000,"RADuration":305,"RADirection":"East","IsSettle":0,"IsDither":0,"StarMass":3110,"SNR":37.99,"AvgDist":1.80,"ErrorCode":1}\r'
19:52:47,497 root DEBUG b'{"Event":"INDIServer","Timestamp":"180262.210524713","Msg":"2023-01-01T18:52:46: [DEBUG] CMD <:Me00194#> "}\r'
19:52:47,645 root DEBUG b'{"Event":"GuideStep","Timestamp":"180262.359227842","Frame":2,"Time":6.117,"Mount":"iOptron CEM25/CEM60","dx":-0.159,"dy":-1.022,"RADistanceRaw":-3.220,"DECDistanceRaw":0.335,"RADistanceGuide":-0.394,"DECDistanceGuide":0.000,"RADuration":194,"RADirection":"East","IsSettle":0,"IsDither":0,"StarMass":3354,"SNR":39.27,"AvgDist":1.57,"ErrorCode":1}\r'
19:52:50,546 root DEBUG b'{"Event":"INDIServer","Timestamp":"180265.260530970","Msg":"2023-01-01T18:52:49: [DEBUG] CMD <:Me00189#> "}\r'
19:52:50,697 root DEBUG b'{"Event":"GuideStep","Timestamp":"180265.408114377","Frame":3,"Time":9.166,"Mount":"iOptron CEM25/CEM60","dx":-0.123,"dy":-1.028,"RADistanceRaw":-3.206,"DECDistanceRaw":0.450,"RADistanceGuide":-0.383,"DECDistanceGuide":0.000,"RADuration":189,"RADirection":"East","IsSettle":0,"IsDither":0,"StarMass":3351,"SNR":39.30,"AvgDist":1.41,"ErrorCode":1}\r'
19:52:53,530 root DEBUG b'{"Event":"INDIServer","Timestamp":"180268.240502839","Msg":"2023-01-01T18:52:52: [DEBUG] CMD <:Me00057#> "}\r'
19:52:53,546 root DEBUG b'{"Event":"GuideStep","Timestamp":"180268.253875246","Frame":4,"Time":12.011,"Mount":"iOptron CEM25/CEM60","dx":-0.120,"dy":-0.255,"RADistanceRaw":-0.876,"DECDistanceRaw":-0.161,"RADistanceGuide":-0.116,"DECDistanceGuide":0.000,"RADuration":57,"RADirection":"East","IsSettle":0,"IsDither":0,"StarMass":3421,"SNR":39.79,"AvgDist":1.07,"ErrorCode":1}\r'
19:52:56,553 root DEBUG b'{"Event":"INDIServer","Timestamp":"180271.260643059","Msg":"2023-01-01T18:52:55: [DEBUG] CMD <:Me00021#> "}\r'
19:52:56,597 root DEBUG b'{"Event":"INDIServer","Timestamp":"180271.310793189","Msg":"2023-01-01T18:52:55: [DEBUG] CMD <:Ms00052#> "}\r'
19:52:56,660 root DEBUG b'{"Event":"GuideStep","Timestamp":"180271.368680467","Frame":5,"Time":15.126,"Mount":"iOptron CEM25/CEM60","dx":0.203,"dy":-0.172,"RADistanceRaw":-0.337,"DECDistanceRaw":0.755,"RADistanceGuide":-0.043,"DECDistanceGuide":0.108,"RADuration":21,"RADirection":"East","DECDuration":52,"DECDirection":"South","IsSettle":0,"IsDither":0,"StarMass":3360,"SNR":39.35,"AvgDist":0.83,"ErrorCode":1}\r'
19:52:59,482 root DEBUG b'{"Event":"Version","Timestamp":"180274.196477650","name":"ASI AIR guider","svr_ver_string":"1.0","svr_ver_int":12}\r'
19:53:02,572 root DEBUG b'{"Event":"INDIServer","Timestamp":"180277.280532796","Msg":"2023-01-01T18:53:01: [DEBUG] CMD <:Me00028#> "}\r'
19:53:02,573 root DEBUG b'{"Event":"GuideStep","Timestamp":"180277.283466519","Frame":7,"Time":21.041,"Mount":"iOptron CEM25/CEM60","dx":-0.110,"dy":-0.135,"RADistanceRaw":-0.503,"DECDistanceRaw":-0.227,"RADistanceGuide":-0.058,"DECDistanceGuide":0.000,"RADuration":28,"RADirection":"East","IsSettle":0,"IsDither":0,"StarMass":3393,"SNR":39.40,"AvgDist":0.48,"ErrorCode":1}\r'
19:53:05,588 root DEBUG b'{"Event":"INDIServer","Timestamp":"180280.300560220","Msg":"2023-01-01T18:53:04: [DEBUG] CMD <:Me00067#> "}\r'
19:53:05,612 root DEBUG b'{"Event":"GuideStep","Timestamp":"180280.323852776","Frame":8,"Time":24.081,"Mount":"iOptron CEM25/CEM60","dx":-0.008,"dy":-0.387,"RADistanceRaw":-1.173,"DECDistanceRaw":0.287,"RADistanceGuide":-0.137,"DECDistanceGuide":0.000,"RADuration":67,"RADirection":"East","IsSettle":0,"IsDither":0,"StarMass":3219,"SNR":38.19,"AvgDist":0.45,"ErrorCode":1}\r'
19:53:08,547 root DEBUG b'{"Event":"INDIServer","Timestamp":"180283.260620367","Msg":"2023-01-01T18:53:07: [DEBUG] CMD <:Me00040#> "}\r'
19:53:08,548 root DEBUG b'{"Event":"GuideStep","Timestamp":"180283.263016885","Frame":9,"Time":27.020,"Mount":"iOptron CEM25/CEM60","dx":-0.060,"dy":-0.202,"RADistanceRaw":-0.662,"DECDistanceRaw":-0.019,"RADistanceGuide":-0.081,"DECDistanceGuide":0.000,"RADuration":40,"RADirection":"East","IsSettle":0,"IsDither":0,"StarMass":3236,"SNR":38.68,"AvgDist":0.38,"ErrorCode":1}\r'
19:53:11,470 root DEBUG b'{"Event":"GuideStep","Timestamp":"180286.183089013","Frame":10,"Time":29.940,"Mount":"iOptron CEM25/CEM60","dx":-0.004,"dy":-0.087,"RADistanceRaw":-0.267,"DECDistanceRaw":0.058,"RADistanceGuide":0.000,"DECDistanceGuide":0.000,"IsSettle":0,"IsDither":0,"StarMass":3457,"SNR":39.86,"AvgDist":0.29,"ErrorCode":1}\r'
19:53:14,651 root DEBUG b'{"Event":"Version","Timestamp":"180289.364856271","name":"ASI AIR guider","svr_ver_string":"1.0","svr_ver_int":12}\r'
19:53:17,536 root DEBUG b'{"Event":"GuideStep","Timestamp":"180292.247265861","Frame":12,"Time":36.005,"Mount":"iOptron CEM25/CEM60","dx":-0.013,"dy":-0.093,"RADistanceRaw":-0.293,"DECDistanceRaw":0.035,"RADistanceGuide":0.000,"DECDistanceGuide":0.000,"IsSettle":0,"IsDither":0,"StarMass":3371,"SNR":39.26,"AvgDist":0.19,"ErrorCode":1}\r'
19:53:20,571 root DEBUG b'{"Event":"GuideStep","Timestamp":"180295.244100897","Frame":13,"Time":39.002,"Mount":"iOptron CEM25/CEM60","dx":0.009,"dy":0.090,"RADistanceRaw":0.280,"DECDistanceRaw":-0.044,"RADistanceGuide":0.000,"DECDistanceGuide":0.000,"IsSettle":0,"IsDither":0,"StarMass":3292,"SNR":38.99,"AvgDist":0.16,"ErrorCode":1}\r'
19:53:23,517 root DEBUG b'{"Event":"INDIServer","Timestamp":"180298.230552173","Msg":"2023-01-01T18:53:22: [DEBUG] CMD <:Ms00025#> "}\r'
19:53:23,522 root DEBUG b'{"Event":"GuideStep","Timestamp":"180298.233902284","Frame":14,"Time":41.991,"Mount":"iOptron CEM25/CEM60","dx":0.135,"dy":0.050,"RADistanceRaw":0.270,"DECDistanceRaw":0.369,"RADistanceGuide":0.000,"DECDistanceGuide":0.053,"DECDuration":25,"DECDirection":"South","IsSettle":0,"IsDither":0,"StarMass":3436,"SNR":39.69,"AvgDist":0.15,"ErrorCode":1}\r'
19:53:26,3 root DEBUG b'{"Event":"GuidingStopped","Timestamp":"180300.623663949"}\r'
19:53:26,343 root DEBUG b'{"Event":"LoopingExposuresStopped","Timestamp":"180301.045471523"}\r'
19:53:26,343 root DEBUG b'{"Event":"LockPositionLost","Timestamp":"180301.045691412"}\r'
19:53:32,451 root DEBUG b'{"Event":"Version","Timestamp":"180307.165830982","name":"ASI AIR guider","svr_ver_string":"1.0","svr_ver_int":12}\r'
