19:44:39,493 root DEBUG b'{"Event":"Version","Timestamp":"179774.201519208","name":"ASI AIR guider","svr_ver_string":"1.0","svr_ver_int":12}\r'
19:44:39,589 root DEBUG b'{"Event":"LoopingExposures","Timestamp":"179774.298372375","Frame":5}\r'
19:44:42,518 root DEBUG b'{"Event":"LoopingExposures","Timestamp":"179777.224943188","Frame":6}\r'
19:44:45,560 root DEBUG b'{"Event":"LoopingExposures","Timestamp":"179780.273331520","Frame":7}\r'
19:44:47,101 root DEBUG b'{"Event":"INDIServer","Timestamp":"179781.811181000","Msg":"2023-01-01T18:44:46: [SCOPE] CMD <> "}\r'
19:44:47,161 root DEBUG b'{"Event":"INDIServer","Timestamp":"179781.871540241","Msg":"2023-01-01T18:44:46: [SCOPE] RES <+028825498909110221#> "}\r'
19:44:47,162 root DEBUG b'{"Event":"INDIServer","Timestamp":"179781.872031556","Msg":"2023-01-01T18:44:46: [SCOPE] CMD <:GEC#> "}\r'
19:44:47,218 root DEBUG b'{"Event":"INDIServer","Timestamp":"179781.928788241","Msg":"2023-01-01T18:44:46: [SCOPE] RES <+1320515614531760#> "}\r'
19:44:47,283 root DEBUG b'{"Event":"StartCalibration","Timestamp":"179781.993833074","Mount":"iOptron CEM25/CEM60"}\r'
19:44:48,551 root DEBUG b'{"Event":"INDIServer","Timestamp":"179783.261046444","Msg":"2023-01-01T18:44:47: [SCOPE] CMD <> "}\r'
19:44:48,609 root DEBUG b'{"Event":"INDIServer","Timestamp":"179783.320553462","Msg":"2023-01-01T18:44:47: [SCOPE] RES <+028825498909110221#> "}\r'
19:44:48,610 root DEBUG b'{"Event":"INDIServer","Timestamp":"179783.321170703","Msg":"2023-01-01T18:44:47: [SCOPE] CMD <:GEC#> "}\r'
19:44:48,647 root DEBUG b'{"Event":"INDIServer","Timestamp":"179783.360594036","Msg":"2023-01-01T18:44:47: [SCOPE] RES <+1320515614531780#> "}\r'
19:44:48,668 root DEBUG b'{"Event":"Calibrating","Timestamp":"179783.380317184","State":"West step   1, dist= 0.0"}\r'
19:44:49,175 root DEBUG b'{"Event":"INDIServer","Timestamp":"179783.820505925","Msg":"2023-01-01T18:44:48: [DEBUG] CMD <:Mw00800#> "}\r'
19:44:51,632 root DEBUG b'{"Event":"Calibrating","Timestamp":"179786.287001423","State":"West step   2, dist= 0.7"}\r'
19:44:52,23 root DEBUG b'{"Event":"INDIServer","Timestamp":"179786.730514886","Msg":"2023-01-01T18:44:51: [DEBUG] CMD <:Mw00800#> "}\r'
19:44:54,603 root DEBUG b'{"Event":"Calibrating","Timestamp":"179789.298843255","State":"West step   3, dist= 1.7"}\r'
19:44:55,62 root DEBUG b'{"Event":"INDIServer","Timestamp":"179789.740550921","Msg":"2023-01-01T18:44:54: [DEBUG] CMD <:Mw00800#> "}\r'
19:44:55,154 root DEBUG b'{"Event":"Version","Timestamp":"179789.861630810","name":"ASI AIR guider","svr_ver_string":"1.0","svr_ver_int":12}\r'
19:44:57,614 root DEBUG b'{"Event":"Calibrating","Timestamp":"179792.326347420","State":"West step   4, dist= 3.5"}\r'
19:44:58,79 root DEBUG b'{"Event":"INDIServer","Timestamp":"179792.780531994","Msg":"2023-01-01T18:44:57: [DEBUG] CMD <:Mw00800#> "}\r'
19:45:00,518 root DEBUG b'{"Event":"Calibrating","Timestamp":"179795.229936714","State":"West step   5, dist= 4.9"}\r'
19:45:01,22 root DEBUG b'{"Event":"INDIServer","Timestamp":"179795.730558899","Msg":"2023-01-01T18:45:00: [DEBUG] CMD <:Mw00800#> "}\r'
19:45:03,562 root DEBUG b'{"Event":"Calibrating","Timestamp":"179798.275206583","State":"West step   6, dist= 6.2"}\r'
19:45:04,23 root DEBUG b'{"Event":"INDIServer","Timestamp":"179798.710551601","Msg":"2023-01-01T18:45:02: [DEBUG] CMD <:Mw00800#> "}\r'
19:45:06,682 root DEBUG b'{"Event":"Calibrating","Timestamp":"179801.288776137","State":"West step   7, dist= 7.7"}\r'
19:45:07,94 root DEBUG b'{"Event":"INDIServer","Timestamp":"179801.720529470","Msg":"2023-01-01T18:45:06: [DEBUG] CMD <:Mw00800#> "}\r'
19:45:09,617 root DEBUG b'{"Event":"Calibrating","Timestamp":"179804.320538005","State":"West step   8, dist= 8.3"}\r'
19:45:10,66 root DEBUG b'{"Event":"INDIServer","Timestamp":"179804.760531172","Msg":"2023-01-01T18:45:09: [DEBUG] CMD <:Mw00800#> "}\r'
19:45:10,215 root DEBUG b'{"Event":"Version","Timestamp":"179804.923024598","name":"ASI AIR guider","svr_ver_string":"1.0","svr_ver_int":12}\r'
19:45:12,532 root DEBUG b'{"Event":"Calibrating","Timestamp":"179807.235967615","State":"West step   9, dist= 9.8"}\r'
19:45:13,57 root DEBUG b'{"Event":"INDIServer","Timestamp":"179807.750570170","Msg":"2023-01-01T18:45:12: [DEBUG] CMD <:Mw00800#> "}\r'
19:45:15,561 root DEBUG b'{"Event":"StarLost","Timestamp":"179810.262020965","Frame":17,"Time":179810.261,"StarMass":103,"SNR":6.60,"AvgDist":9.58,"ErrorCode":6,"Status":"Star lost - mass changed"}\r'
19:45:18,567 root DEBUG b'{"Event":"StarLost","Timestamp":"179813.275024722","Frame":18,"Time":179813.274,"StarMass":0,"SNR":0.00,"AvgDist":9.58,"ErrorCode":2,"Status":"Star lost - low SNR"}\r'
19:45:21,589 root DEBUG b'{"Event":"StarLost","Timestamp":"179816.301984313","Frame":19,"Time":179816.301,"StarMass":0,"SNR":0.00,"AvgDist":9.58,"ErrorCode":2,"Status":"Star lost - low SNR"}\r'
19:45:24,592 root DEBUG b'{"Event":"StarLost","Timestamp":"179819.301416256","Frame":20,"Time":179819.301,"StarMass":0,"SNR":0.00,"AvgDist":9.58,"ErrorCode":2,"Status":"Star lost - low SNR"}\r'
19:45:25,400 root DEBUG b'{"Event":"Version","Timestamp":"179820.100895218","name":"ASI AIR guider","svr_ver_string":"1.0","svr_ver_int":12}\r'
19:45:27,609 root DEBUG b'{"Event":"StarLost","Timestamp":"179822.311918106","Frame":21,"Time":179822.311,"StarMass":0,"SNR":0.00,"AvgDist":9.58,"ErrorCode":2,"Status":"Star lost - low SNR"}\r'
19:45:30,551 root DEBUG b'{"Event":"StarLost","Timestamp":"179825.263837548","Frame":22,"Time":179825.263,"StarMass":0,"SNR":0.00,"AvgDist":9.58,"ErrorCode":2,"Status":"Star lost - low SNR"}\r'
19:45:33,570 root DEBUG b'{"Event":"StarLost","Timestamp":"179828.280131084","Frame":23,"Time":179828.280,"StarMass":0,"SNR":0.00,"AvgDist":100.00,"ErrorCode":2,"Status":"Star lost - low SNR"}\r'
19:45:36,383 root DEBUG b'{"Event":"CalibrationFailed","Timestamp":"179831.076693212","Mount":"iOptron CEM25/CEM60","Reason":"Calibration manually stopped"}\r'
19:45:36,384 root DEBUG b'{"Event":"GuidingStopped","Timestamp":"179831.076880045"}\r'
19:45:36,384 root DEBUG b'{"Event":"LockPositionLost","Timestamp":"179831.077011841"}\r'
19:45:36,788 root DEBUG b'{"Event":"LoopingExposuresStopped","Timestamp":"179831.466883322"}\r'
19:45:36,789 root DEBUG b'{"Event":"SettleDone","Timestamp":"179831.467131748","Status":1,"Error":"Image capture stopped","TotalFrames":0,"DroppedFrames":0}\r'
19:45:40,793 root DEBUG b'{"Event":"Version","Timestamp":"179835.504805820","name":"ASI AIR guider","svr_ver_string":"1.0","svr_ver_int":12}\r'
