20:08:37,653 root DEBUG b'{"Event":"Version","Timestamp":"181212.331797498","name":"ASI AIR imager","svr_ver_string":"1.0","svr_ver_int":29,"firmware_ver_int":1046,"firmware_ver_string":"10.46"}\r'
20:08:37,913 root DEBUG b'{"Event":"FocuserMove","Timestamp":"181212.560140276","state":"complete","position":47198}\r'
20:08:38,958 root DEBUG b'{"Event":"Exposure","Timestamp":"181213.564564498","page":"preview","state":"start","exp_us":5000000}\r'
20:08:44,906 root DEBUG b'{"Event":"Exposure","Timestamp":"181219.582829049","page":"preview","state":"downloading"}\r'
20:08:45,279 root DEBUG b'{"Event":"Exposure","Timestamp":"181219.934856105","page":"preview","state":"complete"}\r'
20:08:46,710 root DEBUG b'{"Event":"Temperature","Timestamp":"181221.388228660","value":17.2}\r'
20:08:48,72 root DEBUG b'{"Event":"AutoFocus","Timestamp":"181222.751876807","state":"working","result":{"x_scale":[47138,48983],"y_scale":[1.9,21.7626],"curve":[-1.132e-05,1.10133,-26769],"points":[[48923,19.5829],[48848,21.6626],[48773,18.8884],[48698,17.981],[48623,17.6362],[48548,17.287],[48473,17.4729],[48398,17.2337],[48323,16.6247],[48248,16.1355],[48173,15.7093],[48098,15.0402],[47948,14.4532],[47798,6.29269],[47648,5.1464],[47573,4.5149],[47498,4.20997],[47348,4.54691],[47273,4.39828],[47198,4.45307]],"status_flag":2}}\r'
20:08:48,73 root DEBUG b'{"Event":"FocuserMove","Timestamp":"181222.752039548","state":"start"}\r'
20:08:48,308 root DEBUG b'{"Event":"FocuserMove","Timestamp":"181222.986145844","state":"moving","postion":47194}\r'
20:08:49,92 root DEBUG b'{"Event":"FocuserMove","Timestamp":"181223.490102695","state":"complete","position":47123}\r'
20:08:49,820 root DEBUG b'{"Event":"Exposure","Timestamp":"181224.500324232","page":"preview","state":"start","exp_us":5000000}\r'
20:08:54,480 root DEBUG b'{"Event":"Version","Timestamp":"181229.159411192","name":"ASI AIR imager","svr_ver_string":"1.0","svr_ver_int":29,"firmware_ver_int":1046,"firmware_ver_string":"10.46"}\r'
20:08:55,774 root DEBUG b'{"Event":"Exposure","Timestamp":"181230.451641117","page":"preview","state":"downloading"}\r'
20:08:56,402 root DEBUG b'{"Event":"Exposure","Timestamp":"181230.874956765","page":"preview","state":"complete"}\r'
20:08:58,937 root DEBUG b'{"Event":"AutoFocus","Timestamp":"181233.613591689","state":"working","result":{"x_scale":[47063,48983],"y_scale":[1.9,21.7626],"curve":[-3.04524e-06,0.301805,-7456.63],"points":[[48923,19.5829],[48848,21.6626],[48773,18.8884],[48698,17.981],[48623,17.6362],[48548,17.287],[48473,17.4729],[48398,17.2337],[48323,16.6247],[48248,16.1355],[48173,15.7093],[48098,15.0402],[47948,14.4532],[47798,6.29269],[47648,5.1464],[47573,4.5149],[47498,4.20997],[47348,4.54691],[47273,4.39828],[47198,4.45307],[47123,4.60699]],"status_flag":2}}\r'
20:08:58,937 root DEBUG b'{"Event":"FocuserMove","Timestamp":"181233.613750041","state":"start"}\r'
20:08:59,156 root DEBUG b'{"Event":"FocuserMove","Timestamp":"181233.838088022","state":"moving","postion":47122}\r'
20:08:59,665 root DEBUG b'{"Event":"FocuserMove","Timestamp":"181234.343938096","state":"complete","position":47048}\r'
20:09:00,671 root DEBUG b'{"Event":"Exposure","Timestamp":"181235.349778040","page":"preview","state":"start","exp_us":5000000}\r'
20:09:06,877 root DEBUG b'{"Event":"Exposure","Timestamp":"181241.360563407","page":"preview","state":"downloading"}\r'
20:09:07,25 root DEBUG b'{"Event":"Exposure","Timestamp":"181241.705771981","page":"preview","state":"complete"}\r'
20:09:09,672 root DEBUG b'{"Event":"Version","Timestamp":"181244.346289905","name":"ASI AIR imager","svr_ver_string":"1.0","svr_ver_int":29,"firmware_ver_int":1046,"firmware_ver_string":"10.46"}\r'
20:09:09,733 root DEBUG b'{"Event":"AutoFocus","Timestamp":"181244.394000961","state":"working","result":{"x_scale":[47018,48983],"y_scale":[1.9,21.7626],"curve":[-8.18714e-06,0.800516,-19548.7],"points":[[48923,19.5829],[48848,21.6626],[48773,18.8884],[48698,17.981],[48623,17.6362],[48548,17.287],[48473,17.4729],[48398,17.2337],[48323,16.6247],[48248,16.1355],[48173,15.7093],[48098,15.0402],[47948,14.4532],[47798,6.29269],[47648,5.1464],[47573,4.5149],[47498,4.20997],[47348,4.54691],[47273,4.39828],[47198,4.45307],[47123,4.60699],[47048,4.9359]],"status_flag":3}}\r'
20:09:09,734 root DEBUG b'{"Event":"FocuserMove","Timestamp":"181244.394192201","state":"start"}\r'
20:09:10,47 root DEBUG b'{"Event":"FocuserMove","Timestamp":"181244.725250109","state":"moving","postion":47050}\r'
20:09:10,574 root DEBUG b'{"Event":"FocuserMove","Timestamp":"181245.242513738","state":"moving","postion":47238}\r'
20:09:10,713 root DEBUG b'{"Event":"Temperature","Timestamp":"181245.390080886","value":17.3}\r'
20:09:11,98 root DEBUG b'{"Event":"FocuserMove","Timestamp":"181245.756602404","state":"moving","postion":47424}\r'
20:09:11,623 root DEBUG b'{"Event":"FocuserMove","Timestamp":"181246.293168811","state":"moving","postion":47618}\r'
20:09:12,140 root DEBUG b'{"Event":"FocuserMove","Timestamp":"181246.811724737","state":"moving","postion":47806}\r'
20:09:12,650 root DEBUG b'{"Event":"FocuserMove","Timestamp":"181247.326500774","state":"moving","postion":47993}\r'
20:09:13,171 root DEBUG b'{"Event":"FocuserMove","Timestamp":"181247.846238440","state":"moving","postion":48181}\r'
20:09:13,689 root DEBUG b'{"Event":"FocuserMove","Timestamp":"181248.365827366","state":"moving","postion":48369}\r'
20:09:14,235 root DEBUG b'{"Event":"FocuserMove","Timestamp":"181248.873411051","state":"moving","postion":48553}\r'
20:09:14,710 root DEBUG b'{"Event":"FocuserMove","Timestamp":"181249.379463939","state":"complete","position":48648}\r'
20:09:14,711 root DEBUG b'{"Event":"FocuserMove","Timestamp":"181249.379650198","state":"start"}\r'
20:09:14,711 root DEBUG b'{"Event":"Temperature","Timestamp":"181249.390649754","value":17.2}\r'
20:09:15,49 root DEBUG b'{"Event":"FocuserMove","Timestamp":"181249.713499383","state":"moving","postion":48645}\r'
20:09:15,567 root DEBUG b'{"Event":"FocuserMove","Timestamp":"181250.220304661","state":"moving","postion":48462}\r'
20:09:16,52 root DEBUG b'{"Event":"FocuserMove","Timestamp":"181250.726027772","state":"moving","postion":48279}\r'
20:09:16,552 root DEBUG b'{"Event":"FocuserMove","Timestamp":"181251.234115660","state":"moving","postion":48095}\r'
20:09:17,68 root DEBUG b'{"Event":"FocuserMove","Timestamp":"181251.741671938","state":"moving","postion":47912}\r'
20:09:17,576 root DEBUG b'{"Event":"FocuserMove","Timestamp":"181252.252075882","state":"moving","postion":47727}\r'
20:09:18,80 root DEBUG b'{"Event":"FocuserMove","Timestamp":"181252.757850715","state":"complete","position":47648}\r'
20:09:19,108 root DEBUG b'{"Event":"Exposure","Timestamp":"181253.763500937","page":"preview","state":"start","exp_us":5000000}\r'
20:09:25,15 root DEBUG b'{"Event":"Version","Timestamp":"181259.695926729","name":"ASI AIR imager","svr_ver_string":"1.0","svr_ver_int":29,"firmware_ver_int":1046,"firmware_ver_string":"10.46"}\r'
20:09:25,16 root DEBUG b'{"Event":"Exposure","Timestamp":"181259.696674748","page":"preview","state":"downloading"}\r'
20:09:25,476 root DEBUG b'{"Event":"Exposure","Timestamp":"181260.145741081","page":"preview","state":"complete"}\r'
20:09:28,195 root DEBUG b'{"Event":"AutoFocus","Timestamp":"181262.873570227","state":"working","result":{"x_scale":[47018,48983],"y_scale":[1.9,21.7626],"curve":[-8.18714e-06,0.800516,-19548.7],"points":[[47648,4.86197]],"status_flag":3}}\r'
20:09:28,195 root DEBUG b'{"Event":"FocuserMove","Timestamp":"181262.873747301","state":"start"}\r'
20:09:28,421 root DEBUG b'{"Event":"FocuserMove","Timestamp":"181263.098558320","state":"moving","postion":47647}\r'
20:09:29,32 root DEBUG b'{"Event":"FocuserMove","Timestamp":"181263.616223690","state":"complete","position":47611}\r'
20:09:30,59 root DEBUG b'{"Event":"Exposure","Timestamp":"181264.621216226","page":"preview","state":"start","exp_us":5000000}\r'
20:09:35,993 root DEBUG b'{"Event":"Exposure","Timestamp":"181270.664767667","page":"preview","state":"downloading"}\r'
20:09:36,325 root DEBUG b'{"Event":"Exposure","Timestamp":"181271.005417889","page":"preview","state":"complete"}\r'
20:09:39,146 root DEBUG b'{"Event":"AutoFocus","Timestamp":"181273.825613425","state":"working","result":{"x_scale":[47018,48983],"y_scale":[1.9,21.7626],"curve":[-8.18714e-06,0.800516,-19548.7],"points":[[47648,4.86197],[47611,4.86322]],"status_flag":3}}\r'
20:09:39,146 root DEBUG b'{"Event":"FocuserMove","Timestamp":"181273.825784776","state":"start"}\r'
20:09:39,374 root DEBUG b'{"Event":"FocuserMove","Timestamp":"181274.054158461","state":"moving","postion":47609}\r'
20:09:39,882 root DEBUG b'{"Event":"FocuserMove","Timestamp":"181274.559956943","state":"complete","position":47574}\r'
20:09:40,716 root DEBUG b'{"Event":"Version","Timestamp":"181275.396289164","name":"ASI AIR imager","svr_ver_string":"1.0","svr_ver_int":29,"firmware_ver_int":1046,"firmware_ver_string":"10.46"}\r'
20:09:40,883 root DEBUG b'{"Event":"Exposure","Timestamp":"181275.564469812","page":"preview","state":"start","exp_us":5000000}\r'
20:09:46,949 root DEBUG b'{"Event":"Exposure","Timestamp":"181281.585232457","page":"preview","state":"downloading"}\r'
20:09:47,238 root DEBUG b'{"Event":"Exposure","Timestamp":"181281.917763809","page":"preview","state":"complete"}\r'
20:09:50,6 root DEBUG b'{"Event":"AutoFocus","Timestamp":"181284.683685214","state":"working","result":{"x_scale":[47018,48983],"y_scale":[1.9,21.7626],"curve":[-8.18714e-06,0.800516,-19548.7],"points":[[47648,4.86197],[47611,4.86322],[47574,5.05696]],"status_flag":3}}\r'
20:09:50,6 root DEBUG b'{"Event":"FocuserMove","Timestamp":"181284.683875474","state":"start"}\r'
20:09:50,227 root DEBUG b'{"Event":"FocuserMove","Timestamp":"181284.908703788","state":"moving","postion":47573}\r'
20:09:50,836 root DEBUG b'{"Event":"FocuserMove","Timestamp":"181285.414806029","state":"complete","position":47537}\r'
20:09:51,761 root DEBUG b'{"Event":"Exposure","Timestamp":"181286.419596121","page":"preview","state":"start","exp_us":5000000}\r'
20:09:56,441 root DEBUG b'{"Event":"Version","Timestamp":"181291.119727988","name":"ASI AIR imager","svr_ver_string":"1.0","svr_ver_int":29,"firmware_ver_int":1046,"firmware_ver_string":"10.46"}\r'
20:09:57,803 root DEBUG b'{"Event":"Exposure","Timestamp":"181292.441562543","page":"preview","state":"downloading"}\r'
20:09:58,443 root DEBUG b'{"Event":"Exposure","Timestamp":"181293.117863228","page":"preview","state":"complete"}\r'
20:10:01,182 root DEBUG b'{"Event":"AutoFocus","Timestamp":"181295.848549448","state":"working","result":{"x_scale":[47018,48983],"y_scale":[1.9,21.7626],"curve":[-8.18714e-06,0.800516,-19548.7],"points":[[47648,4.86197],[47611,4.86322],[47574,5.05696],[47537,4.7881]],"status_flag":3}}\r'
20:10:01,182 root DEBUG b'{"Event":"FocuserMove","Timestamp":"181295.848742115","state":"start"}\r'
20:10:01,418 root DEBUG b'{"Event":"FocuserMove","Timestamp":"181296.091319189","state":"moving","postion":47530}\r'
20:10:02,1 root DEBUG b'{"Event":"FocuserMove","Timestamp":"181296.631609355","state":"complete","position":47500}\r'
20:10:02,960 root DEBUG b'{"Event":"Exposure","Timestamp":"181297.638049281","page":"preview","state":"start","exp_us":5000000}\r'
20:10:09,66 root DEBUG b'{"Event":"Exposure","Timestamp":"181303.660029036","page":"preview","state":"downloading"}\r'
20:10:09,312 root DEBUG b'{"Event":"Exposure","Timestamp":"181303.993030573","page":"preview","state":"complete"}\r'
20:10:10,716 root DEBUG b'{"Event":"Temperature","Timestamp":"181305.396851480","value":17.1}\r'
20:10:12,140 root DEBUG b'{"Event":"AutoFocus","Timestamp":"181306.753120553","state":"working","result":{"x_scale":[47018,48983],"y_scale":[1.9,21.7626],"curve":[-8.18714e-06,0.800516,-19548.7],"points":[[47648,4.86197],[47611,4.86322],[47574,5.05696],[47537,4.7881],[47500,4.71307]],"status_flag":3}}\r'
20:10:12,140 root DEBUG b'{"Event":"Exposure","Timestamp":"181306.763851720","page":"preview","state":"start","exp_us":5000000}\r'
20:10:12,154 root DEBUG b'{"Event":"Version","Timestamp":"181306.835103683","name":"ASI AIR imager","svr_ver_string":"1.0","svr_ver_int":29,"firmware_ver_int":1046,"firmware_ver_string":"10.46"}\r'
20:10:14,801 root DEBUG b'{"Event":"Temperature","Timestamp":"181309.397471626","value":17.2}\r'
20:10:18,181 root DEBUG b'{"Event":"Exposure","Timestamp":"181312.777619994","page":"preview","state":"downloading"}\r'
20:10:18,460 root DEBUG b'{"Event":"Exposure","Timestamp":"181313.131543160","page":"preview","state":"complete"}\r'
20:10:18,461 root DEBUG b'{"Event":"AutoFocus","Timestamp":"181313.133404290","state":"complete","result":{"last_point":[47500,4.71307]}}\r'
20:10:18,462 root DEBUG b'{"Event":"RestartGuide","Timestamp":"181313.133598697","state":"start"}\r'
20:10:18,462 root DEBUG b'{"Event":"LoopingFrames","Timestamp":"181313.133724475","state":"start"}\r'
20:10:20,491 root DEBUG b'{"Event":"PiStatus","Timestamp":"181315.169803344","is_overtemp":false,"temp":54,"is_undervolt":false,"is_over_current":false}\r'
20:10:22,538 root DEBUG b'{"Event":"PiStatus","Timestamp":"181317.215623917","is_overtemp":false,"temp":51,"is_undervolt":false,"is_over_current":false}\r'
20:10:24,932 root DEBUG b'{"Event":"LoopingFrames","Timestamp":"181319.611183434","state":"complete"}\r'
20:10:26,718 root DEBUG b'{"Event":"Temperature","Timestamp":"181321.398741026","value":17.1}\r'
20:10:27,431 root DEBUG b'{"Event":"Version","Timestamp":"181322.112965488","name":"ASI AIR imager","svr_ver_string":"1.0","svr_ver_int":29,"firmware_ver_int":1046,"firmware_ver_string":"10.46"}\r'
20:10:28,28 root DEBUG b'{"Event":"RestartGuide","Timestamp":"181322.707739507","state":"fail","error":"fail to operate","code":207}\r'
20:10:43,104 root DEBUG b'{"Event":"Version","Timestamp":"181337.781431905","name":"ASI AIR imager","svr_ver_string":"1.0","svr_ver_int":29,"firmware_ver_int":1046,"firmware_ver_string":"10.46"}\r'
20:12:32,606 root DEBUG b'{"Event":"Version","Timestamp":"181447.282954784","name":"ASI AIR imager","svr_ver_string":"1.0","svr_ver_int":29,"firmware_ver_int":1046,"firmware_ver_string":"10.46"}\r'
20:12:32,700 root DEBUG b'{"Event":"AviRecord","Timestamp":"181447.374038191","state":"working","write_file_fps":13.059}\r'
20:12:34,759 root DEBUG b'{"Event":"Temperature","Timestamp":"181449.433519375","value":11.3}\r'
20:12:34,760 root DEBUG b'{"Event":"CoolerPower","Timestamp":"181449.433882690","value":17}\r'
20:12:35,242 root DEBUG b'{"Event":"AviRecord","Timestamp":"181449.916797801","state":"complete","code":253,"error":"aborted","duration_sec":10,"name":"2023-01-01-201224-Jupiter-Bin1 12.4C.avi"}\r'
20:12:38,761 root DEBUG b'{"Event":"Temperature","Timestamp":"181453.434241614","value":11}\r'
20:12:38,761 root DEBUG b'{"Event":"CoolerPower","Timestamp":"181453.434756040","value":18}\r'
20:12:42,761 root DEBUG b'{"Event":"Temperature","Timestamp":"181457.435227630","value":10.6}\r'
20:12:46,772 root DEBUG b'{"Event":"Temperature","Timestamp":"181461.436044757","value":10.1}\r'
20:12:46,773 root DEBUG b'{"Event":"CoolerPower","Timestamp":"181461.436408591","value":21}\r'
20:12:49,447 root DEBUG b'{"Event":"Version","Timestamp":"181464.121200848","name":"ASI AIR imager","svr_ver_string":"1.0","svr_ver_int":29,"firmware_ver_int":1046,"firmware_ver_string":"10.46"}\r'
20:12:50,864 root DEBUG b'{"Event":"Temperature","Timestamp":"181465.437016218","value":9.8}\r'
20:12:54,767 root DEBUG b'{"Event":"Temperature","Timestamp":"181469.438237234","value":9.5}\r'
20:12:54,767 root DEBUG b'{"Event":"CoolerPower","Timestamp":"181469.438790919","value":22}\r'
20:12:58,767 root DEBUG b'{"Event":"Temperature","Timestamp":"181473.439189435","value":9.2}\r'
20:13:02,768 root DEBUG b'{"Event":"Temperature","Timestamp":"181477.439794618","value":8.9}\r'
20:13:02,769 root DEBUG b'{"Event":"CoolerPower","Timestamp":"181477.440387933","value":23}\r'
20:13:06,838 root DEBUG b'{"Event":"Temperature","Timestamp":"181481.440867060","value":8.4}\r'
20:13:09,449 root DEBUG b'{"Event":"Version","Timestamp":"181484.119577947","name":"ASI AIR imager","svr_ver_string":"1.0","svr_ver_int":29,"firmware_ver_int":1046,"firmware_ver_string":"10.46"}\r'
20:13:10,767 root DEBUG b'{"Event":"Temperature","Timestamp":"181485.441737113","value":8.1}\r'
20:13:10,767 root DEBUG b'{"Event":"CoolerPower","Timestamp":"181485.442082039","value":24}\r'
20:13:14,776 root DEBUG b'{"Event":"Temperature","Timestamp":"181489.442459907","value":7.8}\r'
20:13:14,777 root DEBUG b'{"Event":"CoolerPower","Timestamp":"181489.442990055","value":25}\r'
20:13:18,819 root DEBUG b'{"Event":"Temperature","Timestamp":"181493.443512312","value":7.5}\r'
20:13:22,816 root DEBUG b'{"Event":"Temperature","Timestamp":"181497.444291643","value":7.3}\r'
20:13:22,816 root DEBUG b'{"Event":"CoolerPower","Timestamp":"181497.444629236","value":26}\r'
20:13:26,826 root DEBUG b'{"Event":"Temperature","Timestamp":"181501.466519567","value":6.8}\r'
20:13:26,826 root DEBUG b'{"Event":"CoolerPower","Timestamp":"181501.467576418","value":27}\r'
20:13:26,862 root DEBUG b'{"Event":"Version","Timestamp":"181501.531013455","name":"ASI AIR imager","svr_ver_string":"1.0","svr_ver_int":29,"firmware_ver_int":1046,"firmware_ver_string":"10.46"}\r'
20:13:30,812 root DEBUG b'{"Event":"Temperature","Timestamp":"181505.468198694","value":6.5}\r'
20:13:30,813 root DEBUG b'{"Event":"CoolerPower","Timestamp":"181505.468867101","value":28}\r'
20:13:34,898 root DEBUG b'{"Event":"Temperature","Timestamp":"181509.469356488","value":6.3}\r'
20:13:38,798 root DEBUG b'{"Event":"Temperature","Timestamp":"181513.470053967","value":6}\r'
20:13:38,799 root DEBUG b'{"Event":"CoolerPower","Timestamp":"181513.470751115","value":29}\r'
20:13:42,802 root DEBUG b'{"Event":"Temperature","Timestamp":"181517.471136742","value":5.7}\r'
20:13:44,554 root DEBUG b'{"Event":"Version","Timestamp":"181519.226546482","name":"ASI AIR imager","svr_ver_string":"1.0","svr_ver_int":29,"firmware_ver_int":1046,"firmware_ver_string":"10.46"}\r'
20:13:46,805 root DEBUG b'{"Event":"Temperature","Timestamp":"181521.471661555","value":5.3}\r'
20:13:46,805 root DEBUG b'{"Event":"CoolerPower","Timestamp":"181521.471988203","value":30}\r'
20:13:50,797 root DEBUG b'{"Event":"Temperature","Timestamp":"181525.472348682","value":5}\r'
20:13:50,798 root DEBUG b'{"Event":"CoolerPower","Timestamp":"181525.472864552","value":31}\r'
20:13:53,44 root DEBUG b'{"Event":"AviRecord","Timestamp":"181527.718203347","state":"start","fps":12.9836}\r'
20:13:53,389 root DEBUG b'{"Event":"AviRecord","Timestamp":"181528.056712532","state":"working","write_file_fps":1000}\r'
20:13:53,468 root DEBUG b'{"Event":"AviRecord","Timestamp":"181528.132064699","state":"working","write_file_fps":25.974}\r'
20:13:53,540 root DEBUG b'{"Event":"AviRecord","Timestamp":"181528.209049032","state":"working","write_file_fps":19.4805}\r'
20:13:53,612 root DEBUG b'{"Event":"AviRecord","Timestamp":"181528.285921162","state":"working","write_file_fps":17.3913}\r'
20:13:53,689 root DEBUG b'{"Event":"AviRecord","Timestamp":"181528.362931810","state":"working","write_file_fps":16.2866}\r'
20:13:53,842 root DEBUG b'{"Event":"AviRecord","Timestamp":"181528.516907865","state":"working","write_file_fps":15.1844}\r'
20:13:54,228 root DEBUG b'{"Event":"AviRecord","Timestamp":"181528.902586050","state":"working","write_file_fps":14.1677}\r'
20:13:54,866 root DEBUG b'{"Event":"Temperature","Timestamp":"181529.473271217","value":4.8}\r'
20:13:58,863 root DEBUG b'{"Event":"Temperature","Timestamp":"181533.473780585","value":4.5}\r'
20:13:58,863 root DEBUG b'{"Event":"CoolerPower","Timestamp":"181533.474239899","value":32}\r'
20:13:58,864 root DEBUG b'{"Event":"AviRecord","Timestamp":"181533.523451085","state":"working","write_file_fps":13.1675}\r'
20:13:59,826 root DEBUG b'{"Event":"Version","Timestamp":"181534.489953991","name":"ASI AIR imager","svr_ver_string":"1.0","svr_ver_int":29,"firmware_ver_int":1046,"firmware_ver_string":"10.46"}\r'
20:14:02,859 root DEBUG b'{"Event":"Temperature","Timestamp":"181537.477312619","value":4.2}\r'
20:14:02,860 root DEBUG b'{"Event":"CoolerPower","Timestamp":"181537.478363304","value":33}\r'
20:14:03,491 root DEBUG b'{"Event":"AviRecord","Timestamp":"181538.159244508","state":"complete","code":253,"error":"aborted","duration_sec":10,"name":"2023-01-01-201352-Jupiter-Bin1 4.9C.avi"}\r'
20:14:06,847 root DEBUG b'{"Event":"Temperature","Timestamp":"181541.478977284","value":3.8}\r'
20:14:06,847 root DEBUG b'{"Event":"CoolerPower","Timestamp":"181541.479621172","value":34}\r'
20:14:10,805 root DEBUG b'{"Event":"Temperature","Timestamp":"181545.480061744","value":3.6}\r'
20:14:14,840 root DEBUG b'{"Event":"Temperature","Timestamp":"181549.480564186","value":3.3}\r'
20:14:14,840 root DEBUG b'{"Event":"CoolerPower","Timestamp":"181549.480867705","value":35}\r'
20:14:14,867 root DEBUG b'{"Event":"Version","Timestamp":"181549.540616668","name":"ASI AIR imager","svr_ver_string":"1.0","svr_ver_int":29,"firmware_ver_int":1046,"firmware_ver_string":"10.46"}\r'
20:14:15,968 root DEBUG b'{"Event":"RTMP","Timestamp":"181550.547842852","state":"fail","error":"aborted","code":253}\r'
20:14:16,329 root DEBUG b'{"Event":"Nginx","Timestamp":"181550.956668389","state":"stop"}\r'
20:14:18,838 root DEBUG b'{"Event":"Temperature","Timestamp":"181553.481323480","value":3.1}\r'
20:14:21,80 root DEBUG b'{"Event":"CameraControlChange","Timestamp":"181555.730058164"}\r'
20:14:22,809 root DEBUG b'{"Event":"Temperature","Timestamp":"181557.482140515","value":2.6}\r'
20:14:22,810 root DEBUG b'{"Event":"CoolerPower","Timestamp":"181557.482492070","value":36}\r'
20:14:25,10 root DEBUG b'{"Event":"Exposure","Timestamp":"181559.666102291","page":"preview","state":"start","exp_us":2000000}\r'
20:14:26,808 root DEBUG b'{"Event":"Temperature","Timestamp":"181561.482862142","value":2.3}\r'
20:14:26,808 root DEBUG b'{"Event":"CoolerPower","Timestamp":"181561.483429031","value":37}\r'
20:14:28,49 root DEBUG b'{"Event":"Exposure","Timestamp":"181562.671376419","page":"preview","state":"downloading"}\r'
20:14:28,546 root DEBUG b'{"Event":"Exposure","Timestamp":"181563.212342808","page":"preview","state":"complete"}\r'
20:14:28,546 root DEBUG b'{"Event":"Annotate","Timestamp":"181563.212753271","page":"preview","tag":"Exposure","state":"start"}\r'
20:14:28,547 root DEBUG b'{"Event":"PlateSolve","Timestamp":"181563.212908456","page":"preview","tag":"Exposure","state":"start"}\r'
20:14:30,285 root DEBUG b'{"Event":"Version","Timestamp":"181564.951525621","name":"ASI AIR imager","svr_ver_string":"1.0","svr_ver_int":29,"firmware_ver_int":1046,"firmware_ver_string":"10.46"}\r'
20:14:30,332 root DEBUG b'{"Event":"PiStatus","Timestamp":"181565.002623862","is_overtemp":false,"temp":53,"is_undervolt":false,"is_over_current":false}\r'
20:14:30,813 root DEBUG b'{"Event":"Temperature","Timestamp":"181565.483895491","value":2}\r'
20:14:31,601 root DEBUG b'{"Event":"PlateSolve","Timestamp":"181566.275272991","page":"preview","tag":"Exposure","state":"solving","star_number":8}\r'
20:14:32,723 root DEBUG b'{"Event":"PlateSolve","Timestamp":"181567.395850805","page":"preview","tag":"Exposure","error":"solve failed","code":251,"state":"fail","result":{"star_number":8,"duration_ms":4183}}\r'
20:14:32,723 root DEBUG b'{"Event":"Annotate","Timestamp":"181567.396109898","page":"preview","tag":"Exposure","state":"fail","error":"solve failed","code":251}\r'
20:14:34,505 root DEBUG b'{"Event":"PiStatus","Timestamp":"181569.173791304","is_overtemp":false,"temp":51,"is_undervolt":false,"is_over_current":false}\r'
20:14:34,906 root DEBUG b'{"Event":"Temperature","Timestamp":"181569.484568415","value":1.6}\r'
20:14:34,906 root DEBUG b'{"Event":"CoolerPower","Timestamp":"181569.484887730","value":38}\r'
20:14:36,646 root DEBUG b'{"Event":"PiStatus","Timestamp":"181571.219745970","is_overtemp":false,"temp":49,"is_undervolt":false,"is_over_current":false}\r'
20:14:38,698 root DEBUG b'{"Event":"PiStatus","Timestamp":"181573.321743413","is_overtemp":false,"temp":51,"is_undervolt":false,"is_over_current":false}\r'
20:14:38,811 root DEBUG b'{"Event":"Temperature","Timestamp":"181573.485169172","value":1.3}\r'
20:14:38,812 root DEBUG b'{"Event":"CoolerPower","Timestamp":"181573.485533172","value":39}\r'
20:14:42,892 root DEBUG b'{"Event":"Temperature","Timestamp":"181577.486874281","value":0.7}\r'
20:14:42,893 root DEBUG b'{"Event":"CoolerPower","Timestamp":"181577.487380003","value":40}\r'
20:14:45,903 root DEBUG b'{"Event":"Version","Timestamp":"181580.568523094","name":"ASI AIR imager","svr_ver_string":"1.0","svr_ver_int":29,"firmware_ver_int":1046,"firmware_ver_string":"10.46"}\r'
20:14:46,819 root DEBUG b'{"Event":"Temperature","Timestamp":"181581.487716871","value":0.4}\r'
20:14:46,819 root DEBUG b'{"Event":"CoolerPower","Timestamp":"181581.488018537","value":41}\r'
20:14:48,992 root DEBUG b'{"Event":"PiStatus","Timestamp":"181583.663468147","is_overtemp":false,"temp":49,"is_undervolt":false,"is_over_current":false}\r'
20:14:50,815 root DEBUG b'{"Event":"Temperature","Timestamp":"181585.488397480","value":0}\r'
20:14:51,36 root DEBUG b'{"Event":"PiStatus","Timestamp":"181585.710605868","is_overtemp":false,"temp":51,"is_undervolt":false,"is_over_current":false}\r'
20:14:54,813 root DEBUG b'{"Event":"Temperature","Timestamp":"181589.489257977","value":-0.2}\r'
20:14:55,287 root DEBUG b'{"Event":"PiStatus","Timestamp":"181589.856653181","is_overtemp":false,"temp":49,"is_undervolt":false,"is_over_current":false}\r'
20:14:58,868 root DEBUG b'{"Event":"Temperature","Timestamp":"181593.489781697","value":-0.5}\r'
20:15:01,482 root DEBUG b'{"Event":"Version","Timestamp":"181596.153099732","name":"ASI AIR imager","svr_ver_string":"1.0","svr_ver_int":29,"firmware_ver_int":1046,"firmware_ver_string":"10.46"}\r'
20:15:02,834 root DEBUG b'{"Event":"Temperature","Timestamp":"181597.490337565","value":-1}\r'
20:15:02,834 root DEBUG b'{"Event":"CoolerPower","Timestamp":"181597.490904546","value":42}\r'
20:15:06,857 root DEBUG b'{"Event":"Temperature","Timestamp":"181601.491345229","value":-1.2}\r'
20:15:06,858 root DEBUG b'{"Event":"CoolerPower","Timestamp":"181601.491729377","value":43}\r'
20:15:10,237 root DEBUG b'{"Event":"AutoGoto","Timestamp":"181604.878437579","page":"preview","func":"goto_ra_dec","state":"start","target_ra_dec":[14.5488,41.5025]}\r'
20:15:10,563 root DEBUG b'{"Event":"AutoGoto","Timestamp":"181605.238169764","page":"preview","func":"goto_ra_dec","state":"working","count":1}\r'
20:15:10,818 root DEBUG b'{"Event":"Temperature","Timestamp":"181605.492051931","value":-1.5}\r'
20:15:14,821 root DEBUG b'{"Event":"Temperature","Timestamp":"181609.492626076","value":-1.8}\r'
20:15:14,822 root DEBUG b'{"Event":"CoolerPower","Timestamp":"181609.493110632","value":44}\r'
20:15:18,823 root DEBUG b'{"Event":"Temperature","Timestamp":"181613.493529444","value":-2.1}\r'
20:15:21,385 root DEBUG b'{"Event":"Version","Timestamp":"181616.055340443","name":"ASI AIR imager","svr_ver_string":"1.0","svr_ver_int":29,"firmware_ver_int":1046,"firmware_ver_string":"10.46"}\r'
20:15:22,821 root DEBUG b'{"Event":"Temperature","Timestamp":"181617.494056701","value":-2.5}\r'
20:15:22,822 root DEBUG b'{"Event":"CoolerPower","Timestamp":"181617.494339812","value":46}\r'
