20:08:40,686 root DEBUG b'{"Event":"Version","Timestamp":"181215.363521737","name":"ASI AIR guider","svr_ver_string":"1.0","svr_ver_int":12}\r'
20:08:42,860 root DEBUG b'{"Event":"LoopingExposures","Timestamp":"181217.539199421","Frame":109}\r'
20:08:45,101 root DEBUG b'{"Event":"INDIServer","Timestamp":"181219.780459327","Msg":"2023-01-01T19:08:44: [SCOPE] CMD <-0023450800409307\x9e> "}\r'
20:08:45,160 root DEBUG b'{"Event":"INDIServer","Timestamp":"181219.838001920","Msg":"2023-01-01T19:08:44: [SCOPE] RES <+028825498909110221#> "}\r'
20:08:45,161 root DEBUG b'{"Event":"INDIServer","Timestamp":"181219.838751827","Msg":"2023-01-01T19:08:44: [SCOPE] CMD <:GEC#> "}\r'
20:08:45,249 root DEBUG b'{"Event":"INDIServer","Timestamp":"181219.895241975","Msg":"2023-01-01T19:08:44: [SCOPE] RES <-0023450800409300#> "}\r'
20:08:45,907 root DEBUG b'{"Event":"LoopingExposures","Timestamp":"181220.501912623","Frame":110}\r'
20:08:49,94 root DEBUG b'{"Event":"LoopingExposures","Timestamp":"181223.491442547","Frame":111}\r'
20:08:51,901 root DEBUG b'{"Event":"LoopingExposures","Timestamp":"181226.568678268","Frame":112}\r'
20:08:54,925 root DEBUG b'{"Event":"LoopingExposures","Timestamp":"181229.602831988","Frame":113}\r'
20:08:56,43 root DEBUG b'{"Event":"Version","Timestamp":"181230.706643358","name":"ASI AIR guider","svr_ver_string":"1.0","svr_ver_int":12}\r'
20:08:56,65 root DEBUG b'{"Event":"INDIServer","Timestamp":"181230.740486821","Msg":"2023-01-01T19:08:55: [SCOPE] CMD <-0023450800409300#> "}\r'
20:08:56,125 root DEBUG b'{"Event":"INDIServer","Timestamp":"181230.797452969","Msg":"2023-01-01T19:08:55: [SCOPE] RES <+028825498909110221#> "}\r'
20:08:56,126 root DEBUG b'{"Event":"INDIServer","Timestamp":"181230.797858506","Msg":"2023-01-01T19:08:55: [SCOPE] CMD <:GEC#> "}\r'
20:08:56,402 root DEBUG b'{"Event":"INDIServer","Timestamp":"181230.854617821","Msg":"2023-01-01T19:08:55: [SCOPE] RES <-0023450800409250#> "}\r'
20:08:57,832 root DEBUG b'{"Event":"LoopingExposures","Timestamp":"181232.509424394","Frame":114}\r'
20:09:00,889 root DEBUG b'{"Event":"LoopingExposures","Timestamp":"181235.555523596","Frame":115}\r'
20:09:03,882 root DEBUG b'{"Event":"LoopingExposures","Timestamp":"181238.562411760","Frame":116}\r'
20:09:06,889 root DEBUG b'{"Event":"INDIServer","Timestamp":"181241.570668610","Msg":"2023-01-01T19:09:06: [SCOPE] CMD <\x90\xcdK\xb6> "}\r'
20:09:06,958 root DEBUG b'{"Event":"INDIServer","Timestamp":"181241.628762833","Msg":"2023-01-01T19:09:06: [SCOPE] RES <+028825498909110221#> "}\r'
20:09:06,958 root DEBUG b'{"Event":"INDIServer","Timestamp":"181241.629043833","Msg":"2023-01-01T19:09:06: [SCOPE] CMD <:GEC#> "}\r'
20:09:07,5 root DEBUG b'{"Event":"INDIServer","Timestamp":"181241.686136721","Msg":"2023-01-01T19:09:06: [SCOPE] RES <-0023450800409240#> "}\r'
20:09:07,24 root DEBUG b'{"Event":"LoopingExposures","Timestamp":"181241.705479296","Frame":117}\r'
20:09:10,27 root DEBUG b'{"Event":"LoopingExposures","Timestamp":"181244.516502998","Frame":118}\r'
20:09:11,521 root DEBUG b'{"Event":"Version","Timestamp":"181246.200537534","name":"ASI AIR guider","svr_ver_string":"1.0","svr_ver_int":12}\r'
20:09:12,865 root DEBUG b'{"Event":"LoopingExposures","Timestamp":"181247.539937162","Frame":119}\r'
20:09:15,884 root DEBUG b'{"Event":"LoopingExposures","Timestamp":"181250.557397179","Frame":120}\r'
20:09:18,831 root DEBUG b'{"Event":"LoopingExposures","Timestamp":"181253.507815140","Frame":121}\r'
20:09:21,849 root DEBUG b'{"Event":"LoopingExposures","Timestamp":"181256.526940564","Frame":122}\r'
20:09:24,900 root DEBUG b'{"Event":"LoopingExposures","Timestamp":"181259.571237952","Frame":123}\r'
20:09:25,335 root DEBUG b'{"Event":"INDIServer","Timestamp":"181260.010464174","Msg":"2023-01-01T19:09:24: [SCOPE] CMD <\x90\xcdK\xb6> "}\r'
20:09:25,390 root DEBUG b'{"Event":"INDIServer","Timestamp":"181260.068139507","Msg":"2023-01-01T19:09:24: [SCOPE] RES <+028825498909110221#> "}\r'
20:09:25,391 root DEBUG b'{"Event":"INDIServer","Timestamp":"181260.068564711","Msg":"2023-01-01T19:09:24: [SCOPE] CMD <:GEC#> "}\r'
20:09:25,448 root DEBUG b'{"Event":"INDIServer","Timestamp":"181260.125182062","Msg":"2023-01-01T19:09:24: [SCOPE] RES <-0023450800409260#> "}\r'
20:09:27,827 root DEBUG b'{"Event":"LoopingExposures","Timestamp":"181262.507697320","Frame":124}\r'
20:09:29,499 root DEBUG b'{"Event":"Version","Timestamp":"181264.176822986","name":"ASI AIR guider","svr_ver_string":"1.0","svr_ver_int":12}\r'
20:09:30,976 root DEBUG b'{"Event":"LoopingExposures","Timestamp":"181265.557964059","Frame":125}\r'
20:09:33,896 root DEBUG b'{"Event":"LoopingExposures","Timestamp":"181268.576009780","Frame":126}\r'
20:09:36,192 root DEBUG b'{"Event":"INDIServer","Timestamp":"181270.870677334","Msg":"2023-01-01T19:09:35: [SCOPE] CMD <\x90\xcdK\xb6> "}\r'
20:09:36,247 root DEBUG b'{"Event":"INDIServer","Timestamp":"181270.927941945","Msg":"2023-01-01T19:09:35: [SCOPE] RES <+028825498909110221#> "}\r'
20:09:36,248 root DEBUG b'{"Event":"INDIServer","Timestamp":"181270.928343241","Msg":"2023-01-01T19:09:35: [SCOPE] CMD <:GEC#> "}\r'
20:09:36,303 root DEBUG b'{"Event":"INDIServer","Timestamp":"181270.984959537","Msg":"2023-01-01T19:09:35: [SCOPE] RES <-0023450800409340#> "}\r'
20:09:36,911 root DEBUG b'{"Event":"LoopingExposures","Timestamp":"181271.525022204","Frame":127}\r'
20:09:39,881 root DEBUG b'{"Event":"LoopingExposures","Timestamp":"181274.536140406","Frame":128}\r'
20:09:42,868 root DEBUG b'{"Event":"LoopingExposures","Timestamp":"181277.547823700","Frame":129}\r'
20:09:45,929 root DEBUG b'{"Event":"LoopingExposures","Timestamp":"181280.565574624","Frame":130}\r'
20:09:47,63 root DEBUG b'{"Event":"Version","Timestamp":"181281.744131216","name":"ASI AIR guider","svr_ver_string":"1.0","svr_ver_int":12}\r'
20:09:47,101 root DEBUG b'{"Event":"INDIServer","Timestamp":"181281.780447753","Msg":"2023-01-01T19:09:46: [SCOPE] CMD <\x90\xcdK\xb6> "}\r'
20:09:47,158 root DEBUG b'{"Event":"INDIServer","Timestamp":"181281.837480957","Msg":"2023-01-01T19:09:46: [SCOPE] RES <+028825498909110221#> "}\r'
20:09:47,159 root DEBUG b'{"Event":"INDIServer","Timestamp":"181281.838929531","Msg":"2023-01-01T19:09:46: [SCOPE] CMD <:GEC#> "}\r'
20:09:47,216 root DEBUG b'{"Event":"INDIServer","Timestamp":"181281.895801605","Msg":"2023-01-01T19:09:46: [SCOPE] RES <-0023450800409290#> "}\r'
20:09:48,890 root DEBUG b'{"Event":"LoopingExposures","Timestamp":"181283.516409826","Frame":131}\r'
20:09:51,898 root DEBUG b'{"Event":"LoopingExposures","Timestamp":"181286.580206324","Frame":132}\r'
20:09:54,934 root DEBUG b'{"Event":"LoopingExposures","Timestamp":"181289.599115693","Frame":133}\r'
20:09:57,869 root DEBUG b'{"Event":"LoopingExposures","Timestamp":"181292.545805025","Frame":134}\r'
20:09:58,417 root DEBUG b'{"Event":"INDIServer","Timestamp":"181293.000609302","Msg":"2023-01-01T19:09:57: [SCOPE] CMD <-0023450800409297\x9e> "}\r'
20:09:58,417 root DEBUG b'{"Event":"INDIServer","Timestamp":"181293.057881469","Msg":"2023-01-01T19:09:57: [SCOPE] RES <+028825498909110221#> "}\r'
20:09:58,417 root DEBUG b'{"Event":"INDIServer","Timestamp":"181293.058290320","Msg":"2023-01-01T19:09:57: [SCOPE] CMD <:GEC#> "}\r'
20:09:58,443 root DEBUG b'{"Event":"INDIServer","Timestamp":"181293.114922728","Msg":"2023-01-01T19:09:57: [SCOPE] RES <-0023450800409240#> "}\r'
20:10:00,877 root DEBUG b'{"Event":"LoopingExposures","Timestamp":"181295.526218152","Frame":135}\r'
20:10:02,502 root DEBUG b'{"Event":"Version","Timestamp":"181297.179469281","name":"ASI AIR guider","svr_ver_string":"1.0","svr_ver_int":12}\r'
20:10:03,945 root DEBUG b'{"Event":"LoopingExposures","Timestamp":"181298.576254391","Frame":136}\r'
20:10:07,20 root DEBUG b'{"Event":"LoopingExposures","Timestamp":"181301.588437204","Frame":137}\r'
20:10:09,180 root DEBUG b'{"Event":"INDIServer","Timestamp":"181303.860487629","Msg":"2023-01-01T19:10:08: [SCOPE] CMD <\x90\xcdK\xb6> "}\r'
20:10:09,236 root DEBUG b'{"Event":"INDIServer","Timestamp":"181303.917398629","Msg":"2023-01-01T19:10:08: [SCOPE] RES <+028825498909110221#> "}\r'
20:10:09,238 root DEBUG b'{"Event":"INDIServer","Timestamp":"181303.917799592","Msg":"2023-01-01T19:10:08: [SCOPE] CMD <:GEC#> "}\r'
20:10:09,293 root DEBUG b'{"Event":"INDIServer","Timestamp":"181303.974400870","Msg":"2023-01-01T19:10:08: [SCOPE] RES <-0023450800409320#> "}\r'
20:10:09,886 root DEBUG b'{"Event":"LoopingExposures","Timestamp":"181304.532725480","Frame":138}\r'
20:10:12,852 root DEBUG b'{"Event":"LoopingExposures","Timestamp":"181307.526283367","Frame":139}\r'
20:10:15,894 root DEBUG b'{"Event":"LoopingExposures","Timestamp":"181310.567325051","Frame":140}\r'
20:10:18,312 root DEBUG b'{"Event":"Version","Timestamp":"181312.990608531","name":"ASI AIR guider","svr_ver_string":"1.0","svr_ver_int":12}\r'
20:10:18,334 root DEBUG b'{"Event":"INDIServer","Timestamp":"181313.010463938","Msg":"2023-01-01T19:10:17: [SCOPE] CMD <\x90\xcdK\xb6> "}\r'
20:10:18,389 root DEBUG b'{"Event":"INDIServer","Timestamp":"181313.067976864","Msg":"2023-01-01T19:10:17: [SCOPE] RES <+028825498909110221#> "}\r'
20:10:18,390 root DEBUG b'{"Event":"INDIServer","Timestamp":"181313.068368531","Msg":"2023-01-01T19:10:17: [SCOPE] CMD <:GEC#> "}\r'
20:10:18,448 root DEBUG b'{"Event":"INDIServer","Timestamp":"181313.125305197","Msg":"2023-01-01T19:10:17: [SCOPE] RES <-0023450800409230#> "}\r'
20:10:19,2 root DEBUG b'{"Event":"LoopingExposures","Timestamp":"181313.598838197","Frame":141}\r'
20:10:21,919 root DEBUG b'{"Event":"LoopingExposures","Timestamp":"181316.594381992","Frame":142}\r'
20:10:24,932 root DEBUG b'{"Event":"LoopingExposures","Timestamp":"181319.610420305","Frame":143}\r'
20:10:26,252 root DEBUG b'{"Event":"LockPositionSet","Timestamp":"181320.929858730","X":152.673,"Y":1063.232}\r'
20:10:26,253 root DEBUG b'{"Event":"LoopingExposures","Timestamp":"181320.930605415","Frame":143}\r'
20:10:26,253 root DEBUG b'{"Event":"StarSelected","Timestamp":"181320.931270545","X":152.673,"Y":1063.232}\r'
20:10:27,929 root DEBUG b'{"Event":"INDIServer","Timestamp":"181322.610463414","Msg":"2023-01-01T19:10:27: [SCOPE] CMD <\x90\xcdK\xb6> "}\r'
20:10:27,986 root DEBUG b'{"Event":"INDIServer","Timestamp":"181322.667669099","Msg":"2023-01-01T19:10:27: [SCOPE] RES <+028825498909110221#> "}\r'
20:10:27,987 root DEBUG b'{"Event":"INDIServer","Timestamp":"181322.668067470","Msg":"2023-01-01T19:10:27: [SCOPE] CMD <:GEC#> "}\r'
20:10:28,46 root DEBUG b'{"Event":"INDIServer","Timestamp":"181322.724679118","Msg":"2023-01-01T19:10:27: [SCOPE] RES <-0023450800409300#> "}\r'
20:10:28,94 root DEBUG b'{"Event":"StartGuiding","Timestamp":"181322.773149469"}\r'
20:10:28,480 root DEBUG b'{"Event":"SettleBegin","Timestamp":"181323.159966395"}\r'
20:10:31,395 root DEBUG b'{"Event":"Settling","Timestamp":"181325.973905856","Distance":0.54,"Time":0.0,"SettleTime":5.0,"StarLocked":true}\r'
20:10:31,395 root DEBUG b'{"Event":"INDIServer","Timestamp":"181326.020492171","Msg":"2023-01-01T19:10:30: [DEBUG] CMD <:Mw00051#> "}\r'
20:10:31,397 root DEBUG b'{"Event":"GuideStep","Timestamp":"181326.025402764","Frame":1,"Time":3.280,"Mount":"iOptron CEM25/CEM60","dx":-0.073,"dy":0.324,"RADistanceRaw":0.912,"DECDistanceRaw":-0.480,"RADistanceGuide":0.105,"DECDistanceGuide":0.000,"RADuration":51,"RADirection":"West","IsSettle":1,"IsDither":0,"StarMass":3185,"SNR":36.93,"AvgDist":0.17}\r'
20:10:34,296 root DEBUG b'{"Event":"Settling","Timestamp":"181328.971918244","Distance":0.88,"Time":3.0,"SettleTime":5.0,"StarLocked":true}\r'
20:10:34,344 root DEBUG b'{"Event":"INDIServer","Timestamp":"181329.020506892","Msg":"2023-01-01T19:10:33: [DEBUG] CMD <:Mw00058#> "}\r'
20:10:34,404 root DEBUG b'{"Event":"INDIServer","Timestamp":"181329.080567466","Msg":"2023-01-01T19:10:33: [DEBUG] CMD <:Mn00090#> "}\r'
20:10:34,463 root DEBUG b'{"Event":"GuideStep","Timestamp":"181329.130724299","Frame":2,"Time":6.385,"Mount":"iOptron CEM25/CEM60","dx":-0.323,"dy":0.425,"RADistanceRaw":0.994,"DECDistanceRaw":-1.321,"RADistanceGuide":0.118,"DECDistanceGuide":-0.189,"RADuration":58,"RADirection":"West","DECDuration":90,"DECDirection":"North","IsSettle":1,"IsDither":0,"StarMass":3156,"SNR":36.40,"AvgDist":0.28,"ErrorCode":1}\r'
20:10:35,487 root DEBUG b'{"Event":"Version","Timestamp":"181330.165370632","name":"ASI AIR guider","svr_ver_string":"1.0","svr_ver_int":12}\r'
20:10:37,329 root DEBUG b'{"Event":"SettleDone","Timestamp":"181331.994440631","Status":0,"TotalFrames":3,"DroppedFrames":0}\r'
20:10:37,359 root DEBUG b'{"Event":"INDIServer","Timestamp":"181332.040497408","Msg":"2023-01-01T19:10:36: [DEBUG] CMD <:Me00039#> "}\r'
20:10:37,411 root DEBUG b'{"Event":"INDIServer","Timestamp":"181332.090436649","Msg":"2023-01-01T19:10:36: [DEBUG] CMD <:Mn00023#> "}\r'
20:10:37,471 root DEBUG b'{"Event":"GuideStep","Timestamp":"181332.148193001","Frame":3,"Time":9.403,"Mount":"iOptron CEM25/CEM60","dx":-0.163,"dy":-0.193,"RADistanceRaw":-0.727,"DECDistanceRaw":-0.339,"RADistanceGuide":-0.079,"DECDistanceGuide":-0.049,"RADuration":39,"RADirection":"East","DECDuration":23,"DECDirection":"North","IsSettle":0,"IsDither":0,"StarMass":2919,"SNR":35.19,"AvgDist":0.27,"ErrorCode":1}\r'
20:10:40,399 root DEBUG b'{"Event":"INDIServer","Timestamp":"181335.034816333","Msg":"2023-01-01T19:10:39: [DEBUG] CMD <:Me00023#> "}\r'
20:10:40,400 root DEBUG b'{"Event":"GuideStep","Timestamp":"181335.045275944","Frame":4,"Time":12.300,"Mount":"iOptron CEM25/CEM60","dx":0.019,"dy":-0.131,"RADistanceRaw":-0.378,"DECDistanceRaw":0.162,"RADistanceGuide":-0.046,"DECDistanceGuide":0.000,"RADuration":23,"RADirection":"East","IsSettle":0,"IsDither":0,"StarMass":2818,"SNR":34.86,"AvgDist":0.23}\r'
20:10:43,344 root DEBUG b'{"Event":"INDIServer","Timestamp":"181338.020535516","Msg":"2023-01-01T19:10:42: [DEBUG] CMD <:Mw00033#> "}\r'
20:10:43,345 root DEBUG b'{"Event":"GuideStep","Timestamp":"181338.021996571","Frame":5,"Time":15.276,"Mount":"iOptron CEM25/CEM60","dx":0.143,"dy":0.155,"RADistanceRaw":0.595,"DECDistanceRaw":0.311,"RADistanceGuide":0.066,"DECDistanceGuide":0.000,"RADuration":33,"RADirection":"West","IsSettle":0,"IsDither":0,"StarMass":2070,"SNR":29.92,"AvgDist":0.22}\r'
20:12:28,826 root DEBUG b'{"Event":"Version","Timestamp":"181443.501444416","name":"ASI AIR guider","svr_ver_string":"1.0","svr_ver_int":12}\r'
20:12:31,413 root DEBUG b'{"Event":"INDIServer","Timestamp":"181446.010528081","Msg":"2023-01-01T19:12:30: [DEBUG] CMD <:Me00043#> "}\r'
20:12:31,413 root DEBUG b'{"Event":"INDIServer","Timestamp":"181446.060539507","Msg":"2023-01-01T19:12:30: [DEBUG] CMD <:Mn00047#> "}\r'
20:12:31,437 root DEBUG b'{"Event":"GuideStep","Timestamp":"181446.111016507","Frame":41,"Time":123.365,"Mount":"iOptron CEM25/CEM60","dx":-0.272,"dy":-0.176,"RADistanceRaw":-0.769,"DECDistanceRaw":-0.684,"RADistanceGuide":-0.088,"DECDistanceGuide":-0.098,"RADuration":43,"RADirection":"East","DECDuration":47,"DECDirection":"North","IsSettle":0,"IsDither":0,"StarMass":2317,"SNR":31.92,"AvgDist":0.23}\r'
20:12:34,378 root DEBUG b'{"Event":"INDIServer","Timestamp":"181449.050575190","Msg":"2023-01-01T19:12:33: [DEBUG] CMD <:Me00061#> "}\r'
20:12:34,436 root DEBUG b'{"Event":"INDIServer","Timestamp":"181449.110811302","Msg":"2023-01-01T19:12:33: [DEBUG] CMD <:Mn00024#> "}\r'
20:12:34,497 root DEBUG b'{"Event":"GuideStep","Timestamp":"181449.168707746","Frame":42,"Time":126.423,"Mount":"iOptron CEM25/CEM60","dx":-0.192,"dy":-0.292,"RADistanceRaw":-1.049,"DECDistanceRaw":-0.348,"RADistanceGuide":-0.124,"DECDistanceGuide":-0.050,"RADuration":61,"RADirection":"East","DECDuration":24,"DECDirection":"North","IsSettle":0,"IsDither":0,"StarMass":2362,"SNR":32.10,"AvgDist":0.27}\r'
20:12:37,432 root DEBUG b'{"Event":"INDIServer","Timestamp":"181452.095118189","Msg":"2023-01-01T19:12:36: [DEBUG] CMD <:Me00055#> "}\r'
20:12:37,436 root DEBUG b'{"Event":"GuideStep","Timestamp":"181452.097966078","Frame":43,"Time":129.352,"Mount":"iOptron CEM25/CEM60","dx":0.065,"dy":-0.327,"RADistanceRaw":-0.927,"DECDistanceRaw":0.458,"RADistanceGuide":-0.111,"DECDistanceGuide":0.000,"RADuration":55,"RADirection":"East","IsSettle":0,"IsDither":0,"StarMass":2029,"SNR":29.83,"AvgDist":0.29}\r'
20:12:40,303 root DEBUG b'{"Event":"GuideStep","Timestamp":"181454.968204687","Frame":44,"Time":132.223,"Mount":"iOptron CEM25/CEM60","dx":0.198,"dy":0.041,"RADistanceRaw":0.299,"DECDistanceRaw":0.569,"RADistanceGuide":0.000,"DECDistanceGuide":0.000,"IsSettle":0,"IsDither":0,"StarMass":1778,"SNR":27.74,"AvgDist":0.26}\r'
20:12:43,379 root DEBUG b'{"Event":"GuideStep","Timestamp":"181458.038317500","Frame":45,"Time":135.293,"Mount":"iOptron CEM25/CEM60","dx":-0.006,"dy":-0.077,"RADistanceRaw":-0.236,"DECDistanceRaw":0.043,"RADistanceGuide":0.000,"DECDistanceGuide":0.000,"IsSettle":0,"IsDither":0,"StarMass":2092,"SNR":30.03,"AvgDist":0.21}\r'
20:12:44,518 root DEBUG b'{"Event":"Version","Timestamp":"181459.187264647","name":"ASI AIR guider","svr_ver_string":"1.0","svr_ver_int":12}\r'
20:12:46,362 root DEBUG b'{"Event":"INDIServer","Timestamp":"181461.010534443","Msg":"2023-01-01T19:12:45: [DEBUG] CMD <:Me00035#> "}\r'
20:12:46,363 root DEBUG b'{"Event":"GuideStep","Timestamp":"181461.012187739","Frame":46,"Time":138.267,"Mount":"iOptron CEM25/CEM60","dx":0.032,"dy":-0.215,"RADistanceRaw":-0.618,"DECDistanceRaw":0.269,"RADistanceGuide":-0.071,"DECDistanceGuide":0.000,"RADuration":35,"RADirection":"East","IsSettle":0,"IsDither":0,"StarMass":1786,"SNR":27.69,"AvgDist":0.21}\r'
20:12:49,432 root DEBUG b'{"Event":"INDIServer","Timestamp":"181464.060541607","Msg":"2023-01-01T19:12:48: [DEBUG] CMD <:Me00021#> "}\r'
20:12:49,433 root DEBUG b'{"Event":"GuideStep","Timestamp":"181464.064944126","Frame":47,"Time":141.319,"Mount":"iOptron CEM25/CEM60","dx":0.057,"dy":-0.131,"RADistanceRaw":-0.345,"DECDistanceRaw":0.279,"RADistanceGuide":-0.042,"DECDistanceGuide":0.000,"RADuration":21,"RADirection":"East","IsSettle":0,"IsDither":0,"StarMass":1919,"SNR":29.14,"AvgDist":0.19}\r'
20:12:52,336 root DEBUG b'{"Event":"INDIServer","Timestamp":"181467.010551143","Msg":"2023-01-01T19:12:51: [DEBUG] CMD <:Mw00024#> "}\r'
20:12:52,339 root DEBUG b'{"Event":"GuideStep","Timestamp":"181467.012849032","Frame":48,"Time":144.267,"Mount":"iOptron CEM25/CEM60","dx":0.070,"dy":0.124,"RADistanceRaw":0.435,"DECDistanceRaw":0.115,"RADistanceGuide":0.048,"DECDistanceGuide":0.000,"RADuration":24,"RADirection":"West","IsSettle":0,"IsDither":0,"StarMass":1890,"SNR":28.70,"AvgDist":0.18}\r'
20:12:55,396 root DEBUG b'{"Event":"INDIServer","Timestamp":"181470.070554548","Msg":"2023-01-01T19:12:54: [DEBUG] CMD <:Mw00043#> "}\r'
20:12:55,450 root DEBUG b'{"Event":"INDIServer","Timestamp":"181470.120733159","Msg":"2023-01-01T19:12:54: [DEBUG] CMD <:Mn00027#> "}\r'
20:12:55,515 root DEBUG b'{"Event":"GuideStep","Timestamp":"181470.187247363","Frame":49,"Time":147.442,"Mount":"iOptron CEM25/CEM60","dx":-0.062,"dy":0.269,"RADistanceRaw":0.754,"DECDistanceRaw":-0.402,"RADistanceGuide":0.088,"DECDistanceGuide":-0.058,"RADuration":43,"RADirection":"West","DECDuration":27,"DECDirection":"North","IsSettle":0,"IsDither":0,"StarMass":2073,"SNR":30.41,"AvgDist":0.21}\r'
20:12:58,450 root DEBUG b'{"Event":"INDIServer","Timestamp":"181473.080530658","Msg":"2023-01-01T19:12:57: [DEBUG] CMD <:Mw00069#> "}\r'
20:12:58,451 root DEBUG b'{"Event":"GuideStep","Timestamp":"181473.108540213","Frame":50,"Time":150.363,"Mount":"iOptron CEM25/CEM60","dx":0.042,"dy":0.382,"RADistanceRaw":1.188,"DECDistanceRaw":-0.179,"RADistanceGuide":0.140,"DECDistanceGuide":0.000,"RADuration":69,"RADirection":"West","IsSettle":0,"IsDither":0,"StarMass":2097,"SNR":30.27,"AvgDist":0.26}\r'
20:13:01,517 root DEBUG b'{"Event":"INDIServer","Timestamp":"181476.120529045","Msg":"2023-01-01T19:13:00: [DEBUG] CMD <:Mw00046#> "}\r'
20:13:01,518 root DEBUG b'{"Event":"GuideStep","Timestamp":"181476.122740748","Frame":51,"Time":153.377,"Mount":"iOptron CEM25/CEM60","dx":0.030,"dy":0.245,"RADistanceRaw":0.764,"DECDistanceRaw":-0.104,"RADistanceGuide":0.093,"DECDistanceGuide":0.000,"RADuration":46,"RADirection":"West","IsSettle":0,"IsDither":0,"StarMass":1997,"SNR":29.47,"AvgDist":0.26}\r'
20:13:02,490 root DEBUG b'{"Event":"Version","Timestamp":"181477.165317581","name":"ASI AIR guider","svr_ver_string":"1.0","svr_ver_int":12}\r'
20:13:04,381 root DEBUG b'{"Event":"INDIServer","Timestamp":"181479.020521043","Msg":"2023-01-01T19:13:03: [DEBUG] CMD <:Mw00037#> "}\r'
20:13:04,382 root DEBUG b'{"Event":"GuideStep","Timestamp":"181479.027485154","Frame":52,"Time":156.282,"Mount":"iOptron CEM25/CEM60","dx":-0.033,"dy":0.220,"RADistanceRaw":0.634,"DECDistanceRaw":-0.278,"RADistanceGuide":0.076,"DECDistanceGuide":0.000,"RADuration":37,"RADirection":"West","IsSettle":0,"IsDither":0,"StarMass":2146,"SNR":30.98,"AvgDist":0.25}\r'
20:13:07,456 root DEBUG b'{"Event":"INDIServer","Timestamp":"181482.090540078","Msg":"2023-01-01T19:13:06: [DEBUG] CMD <:Mw00029#> "}\r'
20:13:07,458 root DEBUG b'{"Event":"GuideStep","Timestamp":"181482.093017652","Frame":53,"Time":159.347,"Mount":"iOptron CEM25/CEM60","dx":0.137,"dy":0.121,"RADistanceRaw":0.486,"DECDistanceRaw":0.319,"RADistanceGuide":0.059,"DECDistanceGuide":0.000,"RADuration":29,"RADirection":"West","IsSettle":0,"IsDither":0,"StarMass":1995,"SNR":29.68,"AvgDist":0.23}\r'
20:13:10,429 root DEBUG b'{"Event":"INDIServer","Timestamp":"181485.080551206","Msg":"2023-01-01T19:13:09: [DEBUG] CMD <:Me00017#> "}\r'
20:13:10,431 root DEBUG b'{"Event":"GuideStep","Timestamp":"181485.081861743","Frame":54,"Time":162.336,"Mount":"iOptron CEM25/CEM60","dx":0.085,"dy":-0.131,"RADistanceRaw":-0.320,"DECDistanceRaw":0.364,"RADistanceGuide":-0.034,"DECDistanceGuide":0.000,"RADuration":17,"RADirection":"East","IsSettle":0,"IsDither":0,"StarMass":1772,"SNR":27.82,"AvgDist":0.21}\r'
20:13:13,454 root DEBUG b'{"Event":"INDIServer","Timestamp":"181488.120643501","Msg":"2023-01-01T19:13:12: [DEBUG] CMD <:Me00050#> "}\r'
20:13:13,460 root DEBUG b'{"Event":"GuideStep","Timestamp":"181488.131407352","Frame":55,"Time":165.386,"Mount":"iOptron CEM25/CEM60","dx":-0.140,"dy":-0.248,"RADistanceRaw":-0.872,"DECDistanceRaw":-0.225,"RADistanceGuide":-0.101,"DECDistanceGuide":0.000,"RADuration":50,"RADirection":"East","IsSettle":0,"IsDither":0,"StarMass":2112,"SNR":30.41,"AvgDist":0.23}\r'
20:13:16,468 root DEBUG b'{"Event":"INDIServer","Timestamp":"181491.050541351","Msg":"2023-01-01T19:13:15: [DEBUG] CMD <:Me00083#> "}\r'
20:13:16,468 root DEBUG b'{"Event":"INDIServer","Timestamp":"181491.140468369","Msg":"2023-01-01T19:13:15: [DEBUG] CMD <:Mn00091#> "}\r'
20:13:16,505 root DEBUG b'{"Event":"GuideStep","Timestamp":"181491.181338906","Frame":56,"Time":168.436,"Mount":"iOptron CEM25/CEM60","dx":-0.526,"dy":-0.326,"RADistanceRaw":-1.449,"DECDistanceRaw":-1.337,"RADistanceGuide":-0.170,"DECDistanceGuide":-0.192,"RADuration":83,"RADirection":"East","DECDuration":91,"DECDirection":"North","IsSettle":0,"IsDither":0,"StarMass":2268,"SNR":31.98,"AvgDist":0.35}\r'
20:13:19,438 root DEBUG b'{"Event":"GuideStep","Timestamp":"181494.008419904","Frame":57,"Time":171.263,"Mount":"iOptron CEM25/CEM60","dx":0.110,"dy":-0.044,"RADistanceRaw":-0.036,"DECDistanceRaw":0.370,"RADistanceGuide":0.000,"DECDistanceGuide":0.000,"IsSettle":0,"IsDither":0,"StarMass":2176,"SNR":31.03,"AvgDist":0.28}\r'
20:13:20,493 root DEBUG b'{"Event":"Version","Timestamp":"181495.167649589","name":"ASI AIR guider","svr_ver_string":"1.0","svr_ver_int":12}\r'
20:13:22,406 root DEBUG b'{"Event":"INDIServer","Timestamp":"181497.070540680","Msg":"2023-01-01T19:13:21: [DEBUG] CMD <:Mw00041#> "}\r'
20:13:22,407 root DEBUG b'{"Event":"GuideStep","Timestamp":"181497.073323773","Frame":58,"Time":174.328,"Mount":"iOptron CEM25/CEM60","dx":0.098,"dy":0.215,"RADistanceRaw":0.735,"DECDistanceRaw":0.125,"RADistanceGuide":0.084,"DECDistanceGuide":0.000,"RADuration":41,"RADirection":"West","IsSettle":0,"IsDither":0,"StarMass":2310,"SNR":32.14,"AvgDist":0.27}\r'
20:13:25,391 root DEBUG b'{"Event":"GuideStep","Timestamp":"181500.054003142","Frame":59,"Time":177.308,"Mount":"iOptron CEM25/CEM60","dx":0.052,"dy":-0.069,"RADistanceRaw":-0.162,"DECDistanceRaw":0.213,"RADistanceGuide":0.000,"DECDistanceGuide":0.000,"IsSettle":0,"IsDither":0,"StarMass":2076,"SNR":30.15,"AvgDist":0.21}\r'
20:13:28,375 root DEBUG b'{"Event":"INDIServer","Timestamp":"181503.050554066","Msg":"2023-01-01T19:13:27: [DEBUG] CMD <:Me00045#> "}\r'
20:13:28,384 root DEBUG b'{"Event":"GuideStep","Timestamp":"181503.052604806","Frame":60,"Time":180.307,"Mount":"iOptron CEM25/CEM60","dx":-0.070,"dy":-0.246,"RADistanceRaw":-0.804,"DECDistanceRaw":-0.016,"RADistanceGuide":-0.092,"DECDistanceGuide":0.000,"RADuration":45,"RADirection":"East","IsSettle":0,"IsDither":0,"StarMass":2280,"SNR":31.91,"AvgDist":0.23}\r'
20:13:31,522 root DEBUG b'{"Event":"INDIServer","Timestamp":"181506.110546305","Msg":"2023-01-01T19:13:30: [DEBUG] CMD <:Me00031#> "}\r'
20:13:31,522 root DEBUG b'{"Event":"INDIServer","Timestamp":"181506.160429193","Msg":"2023-01-01T19:13:30: [DEBUG] CMD <:Ms00027#> "}\r'
20:13:31,537 root DEBUG b'{"Event":"GuideStep","Timestamp":"181506.212242749","Frame":61,"Time":183.467,"Mount":"iOptron CEM25/CEM60","dx":0.078,"dy":-0.194,"RADistanceRaw":-0.514,"DECDistanceRaw":0.392,"RADistanceGuide":-0.063,"DECDistanceGuide":0.056,"RADuration":31,"RADirection":"East","DECDuration":27,"DECDirection":"South","IsSettle":0,"IsDither":0,"StarMass":2020,"SNR":29.90,"AvgDist":0.22}\r'
20:13:34,388 root DEBUG b'{"Event":"GuideStep","Timestamp":"181509.010565210","Frame":62,"Time":186.265,"Mount":"iOptron CEM25/CEM60","dx":0.071,"dy":0.026,"RADistanceRaw":0.142,"DECDistanceRaw":0.193,"RADistanceGuide":0.000,"DECDistanceGuide":0.000,"IsSettle":0,"IsDither":0,"StarMass":2039,"SNR":30.22,"AvgDist":0.18}\r'
20:13:37,460 root DEBUG b'{"Event":"INDIServer","Timestamp":"181512.090710727","Msg":"2023-01-01T19:13:36: [DEBUG] CMD <:Me00035#> "}\r'
20:13:37,461 root DEBUG b'{"Event":"GuideStep","Timestamp":"181512.097303245","Frame":63,"Time":189.352,"Mount":"iOptron CEM25/CEM60","dx":0.037,"dy":-0.217,"RADistanceRaw":-0.622,"DECDistanceRaw":0.285,"RADistanceGuide":-0.071,"DECDistanceGuide":0.000,"RADuration":35,"RADirection":"East","IsSettle":0,"IsDither":0,"StarMass":2223,"SNR":31.41,"AvgDist":0.19}\r'
20:13:38,489 root DEBUG b'{"Event":"Version","Timestamp":"181513.164385615","name":"ASI AIR guider","svr_ver_string":"1.0","svr_ver_int":12}\r'
20:13:40,346 root DEBUG b'{"Event":"GuideStep","Timestamp":"181515.017014003","Frame":64,"Time":192.271,"Mount":"iOptron CEM25/CEM60","dx":-0.038,"dy":-0.050,"RADistanceRaw":-0.183,"DECDistanceRaw":-0.075,"RADistanceGuide":0.000,"DECDistanceGuide":0.000,"IsSettle":0,"IsDither":0,"StarMass":2243,"SNR":31.48,"AvgDist":0.15}\r'
20:13:43,340 root DEBUG b'{"Event":"GuideStep","Timestamp":"181518.014190872","Frame":65,"Time":195.269,"Mount":"iOptron CEM25/CEM60","dx":-0.021,"dy":-0.001,"RADistanceRaw":-0.020,"DECDistanceRaw":-0.063,"RADistanceGuide":0.000,"DECDistanceGuide":0.000,"IsSettle":0,"IsDither":0,"StarMass":1962,"SNR":29.51,"AvgDist":0.11}\r'
20:13:46,436 root DEBUG b'{"Event":"INDIServer","Timestamp":"181521.110534055","Msg":"2023-01-01T19:13:45: [DEBUG] CMD <:Ms00025#> "}\r'
20:13:46,436 root DEBUG b'{"Event":"GuideStep","Timestamp":"181521.112012759","Frame":66,"Time":198.366,"Mount":"iOptron CEM25/CEM60","dx":0.097,"dy":-0.083,"RADistanceRaw":-0.165,"DECDistanceRaw":0.362,"RADistanceGuide":0.000,"DECDistanceGuide":0.052,"DECDuration":25,"DECDirection":"South","IsSettle":0,"IsDither":0,"StarMass":2323,"SNR":32.22,"AvgDist":0.12}\r'
20:13:49,495 root DEBUG b'{"Event":"INDIServer","Timestamp":"181524.160579479","Msg":"2023-01-01T19:13:48: [DEBUG] CMD <:Me00040#> "}\r'
20:13:49,498 root DEBUG b'{"Event":"GuideStep","Timestamp":"181524.169220127","Frame":67,"Time":201.424,"Mount":"iOptron CEM25/CEM60","dx":-0.028,"dy":-0.229,"RADistanceRaw":-0.714,"DECDistanceRaw":0.097,"RADistanceGuide":-0.082,"DECDistanceGuide":0.000,"RADuration":40,"RADirection":"East","IsSettle":0,"IsDither":0,"StarMass":2120,"SNR":30.89,"AvgDist":0.15}\r'
20:13:52,411 root DEBUG b'{"Event":"INDIServer","Timestamp":"181527.050584644","Msg":"2023-01-01T19:13:51: [DEBUG] CMD <:Me00035#> "}\r'
20:13:52,427 root DEBUG b'{"Event":"INDIServer","Timestamp":"181527.100480385","Msg":"2023-01-01T19:13:51: [DEBUG] CMD <:Ms00044#> "}\r'
20:13:52,480 root DEBUG b'{"Event":"GuideStep","Timestamp":"181527.153983885","Frame":68,"Time":204.408,"Mount":"iOptron CEM25/CEM60","dx":0.148,"dy":-0.241,"RADistanceRaw":-0.596,"DECDistanceRaw":0.641,"RADistanceGuide":-0.072,"DECDistanceGuide":0.092,"RADuration":35,"RADirection":"East","DECDuration":44,"DECDirection":"South","IsSettle":0,"IsDither":0,"StarMass":2079,"SNR":30.48,"AvgDist":0.19}\r'
20:13:53,137 root DEBUG b'{"Event":"INDIServer","Timestamp":"181527.810959236","Msg":"2023-01-01T19:13:52: [SCOPE] CMD <> "}\r'
20:13:53,180 root DEBUG b'{"Event":"INDIServer","Timestamp":"181527.854368829","Msg":"2023-01-01T19:13:52: [SCOPE] RES <+028825498909110221#> "}\r'
20:13:53,184 root DEBUG b'{"Event":"INDIServer","Timestamp":"181527.854947810","Msg":"2023-01-01T19:13:52: [SCOPE] CMD <:GEC#> "}\r'
20:13:53,237 root DEBUG b'{"Event":"INDIServer","Timestamp":"181527.911775014","Msg":"2023-01-01T19:13:52: [SCOPE] RES <-0023479600409220#> "}\r'
20:13:55,484 root DEBUG b'{"Event":"INDIServer","Timestamp":"181530.110542883","Msg":"2023-01-01T19:13:54: [DEBUG] CMD <:Me00062#> "}\r'
20:13:55,496 root DEBUG b'{"Event":"INDIServer","Timestamp":"181530.170504309","Msg":"2023-01-01T19:13:54: [DEBUG] CMD <:Ms00047#> "}\r'
20:13:55,551 root DEBUG b'{"Event":"GuideStep","Timestamp":"181530.222947198","Frame":69,"Time":207.477,"Mount":"iOptron CEM25/CEM60","dx":0.123,"dy":-0.392,"RADistanceRaw":-1.072,"DECDistanceRaw":0.687,"RADistanceGuide":-0.126,"DECDistanceGuide":0.098,"RADuration":62,"RADirection":"East","DECDuration":47,"DECDirection":"South","IsSettle":0,"IsDither":0,"StarMass":2102,"SNR":30.55,"AvgDist":0.26}\r'
20:13:56,504 root DEBUG b'{"Event":"Version","Timestamp":"181531.177565401","name":"ASI AIR guider","svr_ver_string":"1.0","svr_ver_int":12}\r'
20:13:58,458 root DEBUG b'{"Event":"GuideStep","Timestamp":"181533.065090826","Frame":70,"Time":210.320,"Mount":"iOptron CEM25/CEM60","dx":-0.004,"dy":-0.074,"RADistanceRaw":-0.226,"DECDistanceRaw":0.048,"RADistanceGuide":0.000,"DECDistanceGuide":0.000,"IsSettle":0,"IsDither":0,"StarMass":2274,"SNR":31.66,"AvgDist":0.20}\r'
20:14:01,483 root DEBUG b'{"Event":"INDIServer","Timestamp":"181536.140998787","Msg":"2023-01-01T19:14:00: [DEBUG] CMD <:Me00044#> "}\r'
20:14:01,483 root DEBUG b'{"Event":"GuideStep","Timestamp":"181536.149774361","Frame":71,"Time":213.404,"Mount":"iOptron CEM25/CEM60","dx":-0.127,"dy":-0.221,"RADistanceRaw":-0.779,"DECDistanceRaw":-0.207,"RADistanceGuide":-0.089,"DECDistanceGuide":0.000,"RADuration":44,"RADirection":"East","IsSettle":0,"IsDither":0,"StarMass":2244,"SNR":31.58,"AvgDist":0.22}\r'
20:14:04,497 root DEBUG b'{"Event":"INDIServer","Timestamp":"181539.130521637","Msg":"2023-01-01T19:14:03: [DEBUG] CMD <:Me00035#> "}\r'
20:14:04,498 root DEBUG b'{"Event":"GuideStep","Timestamp":"181539.133864711","Frame":72,"Time":216.388,"Mount":"iOptron CEM25/CEM60","dx":-0.001,"dy":-0.198,"RADistanceRaw":-0.596,"DECDistanceRaw":0.156,"RADistanceGuide":-0.072,"DECDistanceGuide":0.000,"RADuration":35,"RADirection":"East","IsSettle":0,"IsDither":0,"StarMass":2041,"SNR":30.09,"AvgDist":0.21}\r'
20:14:07,565 root DEBUG b'{"Event":"INDIServer","Timestamp":"181542.164622376","Msg":"2023-01-01T19:14:06: [DEBUG] CMD <:Ms00027#> "}\r'
20:14:07,565 root DEBUG b'{"Event":"GuideStep","Timestamp":"181542.174250487","Frame":73,"Time":219.429,"Mount":"iOptron CEM25/CEM60","dx":0.132,"dy":0.005,"RADistanceRaw":0.133,"DECDistanceRaw":0.396,"RADistanceGuide":0.000,"DECDistanceGuide":0.057,"DECDuration":27,"DECDirection":"South","IsSettle":0,"IsDither":0,"StarMass":2068,"SNR":30.56,"AvgDist":0.19}\r'
20:14:10,395 root DEBUG b'{"Event":"GuideStep","Timestamp":"181545.068185244","Frame":74,"Time":222.323,"Mount":"iOptron CEM25/CEM60","dx":-0.026,"dy":-0.090,"RADistanceRaw":-0.293,"DECDistanceRaw":-0.006,"RADistanceGuide":0.000,"DECDistanceGuide":0.000,"IsSettle":0,"IsDither":0,"StarMass":2344,"SNR":32.12,"AvgDist":0.16,"ErrorCode":1}\r'
20:14:13,445 root DEBUG b'{"Event":"INDIServer","Timestamp":"181548.114961761","Msg":"2023-01-01T19:14:12: [DEBUG] CMD <:Me00057#> "}\r'
20:14:13,456 root DEBUG b'{"Event":"GuideStep","Timestamp":"181548.125717835","Frame":75,"Time":225.380,"Mount":"iOptron CEM25/CEM60","dx":-0.120,"dy":-0.301,"RADistanceRaw":-1.014,"DECDistanceRaw":-0.122,"RADistanceGuide":-0.116,"DECDistanceGuide":0.000,"RADuration":57,"RADirection":"East","IsSettle":0,"IsDither":0,"StarMass":2239,"SNR":31.34,"AvgDist":0.21}\r'
20:14:14,501 root DEBUG b'{"Event":"Version","Timestamp":"181549.172970557","name":"ASI AIR guider","svr_ver_string":"1.0","svr_ver_int":12}\r'
20:14:16,336 root DEBUG b'{"Event":"GuideStep","Timestamp":"181551.004555111","Frame":76,"Time":228.259,"Mount":"iOptron CEM25/CEM60","dx":-0.043,"dy":-0.046,"RADistanceRaw":-0.177,"DECDistanceRaw":-0.094,"RADistanceGuide":0.000,"DECDistanceGuide":0.000,"IsSettle":0,"IsDither":0,"StarMass":2258,"SNR":31.48,"AvgDist":0.17}\r'
20:14:19,446 root DEBUG b'{"Event":"INDIServer","Timestamp":"181554.060501628","Msg":"2023-01-01T19:14:18: [DEBUG] CMD <:Mw00035#> "}\r'
20:14:19,447 root DEBUG b'{"Event":"GuideStep","Timestamp":"181554.064625591","Frame":77,"Time":231.319,"Mount":"iOptron CEM25/CEM60","dx":0.068,"dy":0.187,"RADistanceRaw":0.624,"DECDistanceRaw":0.057,"RADistanceGuide":0.072,"DECDistanceGuide":0.000,"RADuration":35,"RADirection":"West","IsSettle":0,"IsDither":0,"StarMass":2260,"SNR":31.45,"AvgDist":0.18}\r'
20:14:22,359 root DEBUG b'{"Event":"GuideStep","Timestamp":"181557.031435922","Frame":78,"Time":234.286,"Mount":"iOptron CEM25/CEM60","dx":0.024,"dy":-0.068,"RADistanceRaw":-0.183,"DECDistanceRaw":0.127,"RADistanceGuide":0.000,"DECDistanceGuide":0.000,"IsSettle":0,"IsDither":0,"StarMass":2326,"SNR":31.92,"AvgDist":0.14}\r'
20:14:25,424 root DEBUG b'{"Event":"INDIServer","Timestamp":"181560.100687180","Msg":"2023-01-01T19:14:24: [DEBUG] CMD <:Me00051#> "}\r'
20:14:25,428 root DEBUG b'{"Event":"GuideStep","Timestamp":"181560.102093087","Frame":79,"Time":237.357,"Mount":"iOptron CEM25/CEM60","dx":-0.137,"dy":-0.262,"RADistanceRaw":-0.911,"DECDistanceRaw":-0.206,"RADistanceGuide":-0.104,"DECDistanceGuide":0.000,"RADuration":51,"RADirection":"East","IsSettle":0,"IsDither":0,"StarMass":2387,"SNR":32.25,"AvgDist":0.19}\r'
20:14:28,458 root DEBUG b'{"Event":"INDIServer","Timestamp":"181563.070564160","Msg":"2023-01-01T19:14:27: [DEBUG] CMD <:Ms00034#> "}\r'
20:14:28,458 root DEBUG b'{"Event":"INDIServer","Timestamp":"181563.071825400","Msg":"2023-01-01T19:14:27: [SCOPE] CMD <> "}\r'
20:14:28,462 root DEBUG b'{"Event":"INDIServer","Timestamp":"181563.136884974","Msg":"2023-01-01T19:14:27: [SCOPE] RES <+028825498909130221#> "}\r'
20:14:28,462 root DEBUG b'{"Event":"INDIServer","Timestamp":"181563.137284622","Msg":"2023-01-01T19:14:27: [SCOPE] CMD <:GEC#> "}\r'
20:14:28,518 root DEBUG b'{"Event":"INDIServer","Timestamp":"181563.193839734","Msg":"2023-01-01T19:14:27: [SCOPE] RES <-0023471400409450#> "}\r'
20:14:28,544 root DEBUG b'{"Event":"GuideStep","Timestamp":"181563.211563993","Frame":80,"Time":240.328,"Mount":"iOptron CEM25/CEM60","dx":0.162,"dy":-0.009,"RADistanceRaw":0.116,"DECDistanceRaw":0.498,"RADistanceGuide":0.000,"DECDistanceGuide":0.071,"DECDuration":34,"DECDirection":"South","IsSettle":0,"IsDither":0,"StarMass":2358,"SNR":31.91,"AvgDist":0.18}\r'
20:14:31,463 root DEBUG b'{"Event":"GuideStep","Timestamp":"181566.132175917","Frame":81,"Time":243.387,"Mount":"iOptron CEM25/CEM60","dx":-0.029,"dy":-0.059,"RADistanceRaw":-0.202,"DECDistanceRaw":-0.041,"RADistanceGuide":0.000,"DECDistanceGuide":0.000,"IsSettle":0,"IsDither":0,"StarMass":2390,"SNR":32.46,"AvgDist":0.15}\r'
20:14:32,489 root DEBUG b'{"Event":"Version","Timestamp":"181567.163865157","name":"ASI AIR guider","svr_ver_string":"1.0","svr_ver_int":12}\r'
20:14:34,505 root DEBUG b'{"Event":"INDIServer","Timestamp":"181569.130529582","Msg":"2023-01-01T19:14:33: [DEBUG] CMD <:Me00058#> "}\r'
20:14:34,506 root DEBUG b'{"Event":"GuideStep","Timestamp":"181569.140210119","Frame":82,"Time":246.395,"Mount":"iOptron CEM25/CEM60","dx":-0.290,"dy":-0.254,"RADistanceRaw":-1.023,"DECDistanceRaw":-0.676,"RADistanceGuide":-0.117,"DECDistanceGuide":0.000,"RADuration":58,"RADirection":"East","IsSettle":0,"IsDither":0,"StarMass":2364,"SNR":32.13,"AvgDist":0.22}\r'
20:14:37,571 root DEBUG b'{"Event":"INDIServer","Timestamp":"181572.140528654","Msg":"2023-01-01T19:14:36: [DEBUG] CMD <:Me00047#> "}\r'
20:14:37,572 root DEBUG b'{"Event":"GuideStep","Timestamp":"181572.143044006","Frame":83,"Time":249.397,"Mount":"iOptron CEM25/CEM60","dx":-0.244,"dy":-0.192,"RADistanceRaw":-0.796,"DECDistanceRaw":-0.587,"RADistanceGuide":-0.096,"DECDistanceGuide":0.000,"RADuration":47,"RADirection":"East","IsSettle":0,"IsDither":0,"StarMass":2236,"SNR":30.95,"AvgDist":0.25}\r'
20:14:40,457 root DEBUG b'{"Event":"INDIServer","Timestamp":"181575.130797004","Msg":"2023-01-01T19:14:39: [DEBUG] CMD <:Me00053#> "}\r'
20:14:40,474 root DEBUG b'{"Event":"GuideStep","Timestamp":"181575.137712523","Frame":84,"Time":252.391,"Mount":"iOptron CEM25/CEM60","dx":-0.210,"dy":-0.242,"RADistanceRaw":-0.915,"DECDistanceRaw":-0.443,"RADistanceGuide":-0.109,"DECDistanceGuide":0.000,"RADuration":53,"RADirection":"East","IsSettle":0,"IsDither":0,"StarMass":2205,"SNR":30.89,"AvgDist":0.27}\r'
20:14:43,527 root DEBUG b'{"Event":"INDIServer","Timestamp":"181578.060519354","Msg":"2023-01-01T19:14:42: [DEBUG] CMD <:Me00073#> "}\r'
20:14:43,527 root DEBUG b'{"Event":"INDIServer","Timestamp":"181578.140419410","Msg":"2023-01-01T19:14:42: [DEBUG] CMD <:Mn00046#> "}\r'
20:14:43,529 root DEBUG b'{"Event":"GuideStep","Timestamp":"181578.198388576","Frame":85,"Time":255.453,"Mount":"iOptron CEM25/CEM60","dx":-0.310,"dy":-0.330,"RADistanceRaw":-1.270,"DECDistanceRaw":-0.678,"RADistanceGuide":-0.150,"DECDistanceGuide":-0.097,"RADuration":73,"RADirection":"East","DECDuration":46,"DECDirection":"North","IsSettle":0,"IsDither":0,"StarMass":2255,"SNR":31.16,"AvgDist":0.32}\r'
20:14:46,427 root DEBUG b'{"Event":"INDIServer","Timestamp":"181581.100863982","Msg":"2023-01-01T19:14:45: [DEBUG] CMD <:Me00066#> "}\r'
20:14:46,504 root DEBUG b'{"Event":"INDIServer","Timestamp":"181581.170488945","Msg":"2023-01-01T19:14:45: [DEBUG] CMD <:Mn00032#> "}\r'
20:14:46,556 root DEBUG b'{"Event":"GuideStep","Timestamp":"181581.226887778","Frame":86,"Time":258.481,"Mount":"iOptron CEM25/CEM60","dx":-0.233,"dy":-0.304,"RADistanceRaw":-1.123,"DECDistanceRaw":-0.463,"RADistanceGuide":-0.135,"DECDistanceGuide":-0.066,"RADuration":66,"RADirection":"East","DECDuration":32,"DECDirection":"North","IsSettle":0,"IsDither":0,"StarMass":1918,"SNR":29.14,"AvgDist":0.34}\r'
20:14:49,457 root DEBUG b'{"Event":"INDIServer","Timestamp":"181584.125132647","Msg":"2023-01-01T19:14:48: [DEBUG] CMD <:Me00072#> "}\r'
20:14:49,531 root DEBUG b'{"Event":"INDIServer","Timestamp":"181584.200422740","Msg":"2023-01-01T19:14:48: [DEBUG] CMD <:Mn00063#> "}\r'
20:14:49,586 root DEBUG b'{"Event":"GuideStep","Timestamp":"181584.255463036","Frame":87,"Time":261.510,"Mount":"iOptron CEM25/CEM60","dx":-0.381,"dy":-0.300,"RADistanceRaw":-1.240,"DECDistanceRaw":-0.917,"RADistanceGuide":-0.148,"DECDistanceGuide":-0.131,"RADuration":72,"RADirection":"East","DECDuration":63,"DECDirection":"North","IsSettle":0,"IsDither":0,"StarMass":2111,"SNR":30.46,"AvgDist":0.38}\r'
20:14:50,507 root DEBUG b'{"Event":"Version","Timestamp":"181585.181424054","name":"ASI AIR guider","svr_ver_string":"1.0","svr_ver_int":12}\r'
20:14:52,408 root DEBUG b'{"Event":"INDIServer","Timestamp":"181587.080643497","Msg":"2023-01-01T19:14:51: [DEBUG] CMD <:Me00045#> "}\r'
20:14:52,495 root DEBUG b'{"Event":"INDIServer","Timestamp":"181587.130752719","Msg":"2023-01-01T19:14:51: [DEBUG] CMD <:Mn00022#> "}\r'
20:14:52,512 root DEBUG b'{"Event":"GuideStep","Timestamp":"181587.186030830","Frame":88,"Time":264.440,"Mount":"iOptron CEM25/CEM60","dx":-0.160,"dy":-0.204,"RADistanceRaw":-0.758,"DECDistanceRaw":-0.322,"RADistanceGuide":-0.093,"DECDistanceGuide":-0.046,"RADuration":45,"RADirection":"East","DECDuration":22,"DECDirection":"North","IsSettle":0,"IsDither":0,"StarMass":2729,"SNR":34.54,"AvgDist":0.35}\r'
20:14:55,400 root DEBUG b'{"Event":"INDIServer","Timestamp":"181590.075111755","Msg":"2023-01-01T19:14:54: [DEBUG] CMD <:Me00022#> "}\r'
20:14:55,404 root DEBUG b'{"Event":"GuideStep","Timestamp":"181590.076954495","Frame":89,"Time":267.331,"Mount":"iOptron CEM25/CEM60","dx":-0.042,"dy":-0.106,"RADistanceRaw":-0.356,"DECDistanceRaw":-0.043,"RADistanceGuide":-0.045,"DECDistanceGuide":0.000,"RADuration":22,"RADirection":"East","IsSettle":0,"IsDither":0,"StarMass":2881,"SNR":35.51,"AvgDist":0.28}\r'
20:14:56,558 root DEBUG b'{"Event":"INDIServer","Timestamp":"181591.231052235","Msg":"2023-01-01T19:14:55: [SCOPE] CMD <> "}\r'
20:14:56,617 root DEBUG b'{"Event":"INDIServer","Timestamp":"181591.289153643","Msg":"2023-01-01T19:14:55: [SCOPE] RES <+028825498909110221#> "}\r'
20:14:56,618 root DEBUG b'{"Event":"INDIServer","Timestamp":"181591.290531772","Msg":"2023-01-01T19:14:55: [SCOPE] CMD <:GEC#> "}\r'
20:14:56,672 root DEBUG b'{"Event":"INDIServer","Timestamp":"181591.347132161","Msg":"2023-01-01T19:14:55: [SCOPE] RES <-0023485600409810#> "}\r'
20:14:58,462 root DEBUG b'{"Event":"GuideStep","Timestamp":"181593.062349827","Frame":90,"Time":270.317,"Mount":"iOptron CEM25/CEM60","dx":-0.067,"dy":0.103,"RADistanceRaw":0.252,"DECDistanceRaw":-0.286,"RADistanceGuide":0.000,"DECDistanceGuide":0.000,"IsSettle":0,"IsDither":0,"StarMass":2642,"SNR":33.94,"AvgDist":0.23}\r'
20:15:01,467 root DEBUG b'{"Event":"INDIServer","Timestamp":"181596.130720436","Msg":"2023-01-01T19:15:00: [DEBUG] CMD <:Mw00079#> "}\r'
20:15:01,536 root DEBUG b'{"Event":"INDIServer","Timestamp":"181596.200467992","Msg":"2023-01-01T19:15:00: [DEBUG] CMD <:Mn00068#> "}\r'
20:15:01,586 root DEBUG b'{"Event":"GuideStep","Timestamp":"181596.257922436","Frame":91,"Time":273.512,"Mount":"iOptron CEM25/CEM60","dx":-0.191,"dy":0.523,"RADistanceRaw":1.404,"DECDistanceRaw":-0.999,"RADistanceGuide":0.161,"DECDistanceGuide":-0.143,"RADuration":79,"RADirection":"West","DECDuration":68,"DECDirection":"North","IsSettle":0,"IsDither":0,"StarMass":2579,"SNR":33.35,"AvgDist":0.33,"ErrorCode":1}\r'
20:15:04,390 root DEBUG b'{"Event":"INDIServer","Timestamp":"181599.060728064","Msg":"2023-01-01T19:15:03: [DEBUG] CMD <:Mw00065#> "}\r'
20:15:04,463 root DEBUG b'{"Event":"INDIServer","Timestamp":"181599.130640064","Msg":"2023-01-01T19:15:03: [DEBUG] CMD <:Mn00022#> "}\r'
20:15:04,515 root DEBUG b'{"Event":"GuideStep","Timestamp":"181599.184892712","Frame":92,"Time":276.439,"Mount":"iOptron CEM25/CEM60","dx":-0.009,"dy":0.370,"RADistanceRaw":1.105,"DECDistanceRaw":-0.324,"RADistanceGuide":0.133,"DECDistanceGuide":-0.046,"RADuration":65,"RADirection":"West","DECDuration":22,"DECDirection":"North","IsSettle":0,"IsDither":0,"StarMass":2559,"SNR":33.54,"AvgDist":0.34}\r'
20:15:07,471 root DEBUG b'{"Event":"INDIServer","Timestamp":"181602.060602359","Msg":"2023-01-01T19:15:06: [DEBUG] CMD <:Me00025#> "}\r'
20:15:07,472 root DEBUG b'{"Event":"GuideStep","Timestamp":"181602.070841155","Frame":93,"Time":279.325,"Mount":"iOptron CEM25/CEM60","dx":0.030,"dy":-0.174,"RADistanceRaw":-0.498,"DECDistanceRaw":0.230,"RADistanceGuide":-0.052,"DECDistanceGuide":0.000,"RADuration":25,"RADirection":"East","IsSettle":0,"IsDither":0,"StarMass":2523,"SNR":32.85,"AvgDist":0.29}\r'
20:15:08,498 root DEBUG b'{"Event":"Version","Timestamp":"181603.170965839","name":"ASI AIR guider","svr_ver_string":"1.0","svr_ver_int":12}\r'
20:15:10,425 root DEBUG b'{"Event":"INDIServer","Timestamp":"181605.100536412","Msg":"2023-01-01T19:15:09: [DEBUG] CMD <:Me00054#> "}\r'
20:15:10,430 root DEBUG b'{"Event":"INDIServer","Timestamp":"181605.101838023","Msg":"2023-01-01T19:15:09: [SCOPE] CMD <> "}\r'
20:15:10,494 root DEBUG b'{"Event":"INDIServer","Timestamp":"181605.166973801","Msg":"2023-01-01T19:15:09: [SCOPE] RES <+028825498909130221#> "}\r'
20:15:10,495 root DEBUG b'{"Event":"INDIServer","Timestamp":"181605.167678968","Msg":"2023-01-01T19:15:09: [SCOPE] CMD <:GEC#> "}\r'
20:15:10,549 root DEBUG b'{"Event":"INDIServer","Timestamp":"181605.224033190","Msg":"2023-01-01T19:15:09: [SCOPE] RES <-0023495600409670#> "}\r'
20:15:10,559 root DEBUG b'{"Event":"GuideStep","Timestamp":"181605.231153986","Frame":94,"Time":282.359,"Mount":"iOptron CEM25/CEM60","dx":-0.051,"dy":-0.297,"RADistanceRaw":-0.939,"DECDistanceRaw":0.081,"RADistanceGuide":-0.110,"DECDistanceGuide":0.000,"RADuration":54,"RADirection":"East","IsSettle":0,"IsDither":0,"StarMass":2347,"SNR":31.77,"AvgDist":0.29}\r'
20:15:10,559 root DEBUG b'{"Event":"GuidingStopped","Timestamp":"181605.232952505"}\r'
20:15:10,656 root DEBUG b'{"Event":"INDIServer","Timestamp":"181605.330157245","Msg":"2023-01-01T19:15:09: [DEBUG] CMD <:Sr52375680#> "}\r'
20:15:10,657 root DEBUG b'{"Event":"INDIServer","Timestamp":"181605.330321838","Msg":"2023-01-01T19:15:09: [DEBUG] RES <1> "}\r'
20:15:10,658 root DEBUG b'{"Event":"INDIServer","Timestamp":"181605.330445949","Msg":"2023-01-01T19:15:09: [DEBUG] CMD <:Sd+14940899#> "}\r'
20:15:10,705 root DEBUG b'{"Event":"INDIServer","Timestamp":"181605.378995838","Msg":"2023-01-01T19:15:10: [DEBUG] RES <1> "}\r'
20:15:10,706 root DEBUG b'{"Event":"INDIServer","Timestamp":"181605.379164357","Msg":"2023-01-01T19:15:10: [DEBUG] CMD <:MS#> "}\r'
20:15:11,39 root DEBUG b'{"Event":"INDIServer","Timestamp":"181605.707033060","Msg":"2023-01-01T19:15:10: [DEBUG] RES <1> "}\r'
20:15:11,39 root DEBUG b'{"Event":"INDIServer","Timestamp":"181605.707273634","Msg":"2023-01-01T19:15:10: [INFO] Slewing to RA: 14:32:56 - DEC: 41:30:09 "}\r'
20:15:12,283 root DEBUG b'{"Event":"INDIServer","Timestamp":"181606.860957930","Msg":"2023-01-01T19:15:11: [SCOPE] CMD <\xe8> "}\r'
20:15:12,283 root DEBUG b'{"Event":"INDIServer","Timestamp":"181606.918334782","Msg":"2023-01-01T19:15:11: [SCOPE] RES <+028825498909120221#> "}\r'
20:15:12,284 root DEBUG b'{"Event":"INDIServer","Timestamp":"181606.919871893","Msg":"2023-01-01T19:15:11: [SCOPE] CMD <:GEC#> "}\r'
20:15:12,301 root DEBUG b'{"Event":"INDIServer","Timestamp":"181606.976529893","Msg":"2023-01-01T19:15:11: [SCOPE] RES <-0022970400293370#> "}\r'
20:15:12,319 root DEBUG b'{"Event":"ScopeTrack","Timestamp":"181606.992123467","state":"off"}\r'
20:15:13,55 root DEBUG b'{"Event":"LoopingExposures","Timestamp":"181607.677921837","Frame":95}\r'
20:15:13,55 root DEBUG b'{"Event":"LockPositionLost","Timestamp":"181607.678149948"}\r'
20:15:13,56 root DEBUG b'{"Event":"StarLost","Timestamp":"181607.678276670","Frame":95,"Time":284.933,"StarMass":0,"SNR":0.00,"AvgDist":0.29,"ErrorCode":7,"Status":"No star selected"}\r'
20:15:13,450 root DEBUG b'{"Event":"INDIServer","Timestamp":"181608.120505244","Msg":"2023-01-01T19:15:12: [SCOPE] CMD <\x90\xcdK\xb6> "}\r'
20:15:13,507 root DEBUG b'{"Event":"INDIServer","Timestamp":"181608.177864559","Msg":"2023-01-01T19:15:12: [SCOPE] RES <+028825498909120221#> "}\r'
20:15:13,507 root DEBUG b'{"Event":"INDIServer","Timestamp":"181608.178292966","Msg":"2023-01-01T19:15:12: [SCOPE] CMD <:GEC#> "}\r'
20:15:13,563 root DEBUG b'{"Event":"INDIServer","Timestamp":"181608.234865373","Msg":"2023-01-01T19:15:12: [SCOPE] RES <+0078401485885610#> "}\r'
20:15:14,648 root DEBUG b'{"Event":"INDIServer","Timestamp":"181609.320952817","Msg":"2023-01-01T19:15:13: [SCOPE] CMD <\x90\xcdK\xb6> "}\r'
20:15:14,705 root DEBUG b'{"Event":"INDIServer","Timestamp":"181609.378226206","Msg":"2023-01-01T19:15:14: [SCOPE] RES <+028825498909120221#> "}\r'
20:15:14,706 root DEBUG b'{"Event":"INDIServer","Timestamp":"181609.379259965","Msg":"2023-01-01T19:15:14: [SCOPE] CMD <:GEC#> "}\r'
20:15:14,762 root DEBUG b'{"Event":"INDIServer","Timestamp":"181609.436261132","Msg":"2023-01-01T19:15:14: [SCOPE] RES <+0201016085068930#> "}\r'
20:15:16,74 root DEBUG b'{"Event":"LoopingExposures","Timestamp":"181610.679638427","Frame":96}\r'
20:15:16,483 root DEBUG b'{"Event":"INDIServer","Timestamp":"181611.130651020","Msg":"2023-01-01T19:15:15: [SCOPE] CMD <\x90\xcdK\xb6> "}\r'
20:15:16,514 root DEBUG b'{"Event":"INDIServer","Timestamp":"181611.188350020","Msg":"2023-01-01T19:15:15: [SCOPE] RES <+028825498909120221#> "}\r'
20:15:16,514 root DEBUG b'{"Event":"INDIServer","Timestamp":"181611.188800483","Msg":"2023-01-01T19:15:15: [SCOPE] CMD <:GEC#> "}\r'
20:15:16,571 root DEBUG b'{"Event":"INDIServer","Timestamp":"181611.246030501","Msg":"2023-01-01T19:15:15: [SCOPE] RES <+0446243683435520#> "}\r'
20:15:17,717 root DEBUG b'{"Event":"INDIServer","Timestamp":"181612.360961723","Msg":"2023-01-01T19:15:16: [SCOPE] CMD <\x90\xcdK\xb6> "}\r'
20:15:17,747 root DEBUG b'{"Event":"INDIServer","Timestamp":"181612.418881778","Msg":"2023-01-01T19:15:17: [SCOPE] RES <+028825498909120221#> "}\r'
20:15:17,748 root DEBUG b'{"Event":"INDIServer","Timestamp":"181612.419679760","Msg":"2023-01-01T19:15:17: [SCOPE] CMD <:GEC#> "}\r'
20:15:17,804 root DEBUG b'{"Event":"INDIServer","Timestamp":"181612.476423241","Msg":"2023-01-01T19:15:17: [SCOPE] RES <+0568861082618810#> "}\r'
20:15:18,954 root DEBUG b'{"Event":"LoopingExposures","Timestamp":"181613.625338981","Frame":97}\r'
20:15:19,413 root DEBUG b'{"Event":"INDIServer","Timestamp":"181614.060497000","Msg":"2023-01-01T19:15:18: [SCOPE] CMD <\x90\xcdK\xb6> "}\r'
20:15:19,447 root DEBUG b'{"Event":"INDIServer","Timestamp":"181614.117682370","Msg":"2023-01-01T19:15:18: [SCOPE] RES <+028825498909120221#> "}\r'
20:15:19,448 root DEBUG b'{"Event":"INDIServer","Timestamp":"181614.118095500","Msg":"2023-01-01T19:15:18: [SCOPE] CMD <:GEC#> "}\r'
20:15:19,503 root DEBUG b'{"Event":"INDIServer","Timestamp":"181614.174906648","Msg":"2023-01-01T19:15:18: [SCOPE] RES <+0814092880868610#> "}\r'
20:15:20,708 root DEBUG b'{"Event":"INDIServer","Timestamp":"181615.380993147","Msg":"2023-01-01T19:15:20: [SCOPE] CMD <\x90\xcdK\xb6> "}\r'
20:15:20,796 root DEBUG b'{"Event":"INDIServer","Timestamp":"181615.438165684","Msg":"2023-01-01T19:15:20: [SCOPE] RES <+028825498909120221#> "}\r'
20:15:20,797 root DEBUG b'{"Event":"INDIServer","Timestamp":"181615.439098851","Msg":"2023-01-01T19:15:20: [SCOPE] CMD <:GEC#> "}\r'
20:15:20,828 root DEBUG b'{"Event":"INDIServer","Timestamp":"181615.496098962","Msg":"2023-01-01T19:15:20: [SCOPE] RES <+0954224480051890#> "}\r'
20:15:22,33 root DEBUG b'{"Event":"LoopingExposures","Timestamp":"181616.703315554","Frame":98}\r'
20:15:22,469 root DEBUG b'{"Event":"INDIServer","Timestamp":"181617.140520498","Msg":"2023-01-01T19:15:21: [SCOPE] CMD <\x90\xcdK\xb6> "}\r'
20:15:22,531 root DEBUG b'{"Event":"INDIServer","Timestamp":"181617.197738312","Msg":"2023-01-01T19:15:21: [SCOPE] RES <+028825498909120221#> "}\r'
20:15:22,531 root DEBUG b'{"Event":"INDIServer","Timestamp":"181617.198148812","Msg":"2023-01-01T19:15:21: [SCOPE] CMD <:GEC#> "}\r'
20:15:22,580 root DEBUG b'{"Event":"INDIServer","Timestamp":"181617.254694794","Msg":"2023-01-01T19:15:21: [SCOPE] RES <+1200708078418470#> "}\r'
