20:08:40,686 root DEBUG b'{"Event":"Version","Timestamp":"181215.363521737","name":"ASI AIR guider","svr_ver_string":"1.0","svr_ver_int":12}\r'
20:08:42,860 root DEBUG b'{"Event":"LoopingExposures","Timestamp":"181217.539199421","Frame":109}\r'
20:08:45,101 root DEBUG b'{"Event":"INDIServer","Timestamp":"181219.780459327","Msg":"2023-01-01T19:08:44: [SCOPE] CMD <-0023450800409307\x9e> "}\r'
20:08:45,160 root DEBUG b'{"Event":"INDIServer","Timestamp":"181219.838001920","Msg":"2023-01-01T19:08:44: [SCOPE] RES <+028825498909110221#> "}\r'
20:08:45,161 root DEBUG b'{"Event":"INDIServer","Timestamp":"181219.838751827","Msg":"2023-01-01T19:08:44: [SCOPE] CMD <:GEC#> "}\r'
20:08:45,249 root DEBUG b'{"Event":"INDIServer","Timestamp":"181219.895241975","Msg":"2023-01-01T19:08:44: [SCOPE] RES <-0023450800409300#> "}\r'
20:08:45,907 root DEBUG b'{"Event":"LoopingExposures","Timestamp":"181220.501912623","Frame":110}\r'
20:08:49,94 root DEBUG b'{"Event":"LoopingExposures","Timestamp":"181223.491442547","Frame":111}\r'
20:08:51,901 root DEBUG b'{"Event":"LoopingExposures","Timestamp":"181226.568678268","Frame":112}\r'
20:08:54,925 root DEBUG b'{"Event":"LoopingExposures","Timestamp":"181229.602831988","Frame":113}\r'
20:08:56,43 root DEBUG b'{"Event":"Version","Timestamp":"181230.706643358","name":"ASI AIR guider","svr_ver_string":"1.0","svr_ver_int":12}\r'
20:08:56,65 root DEBUG b'{"Event":"INDIServer","Timestamp":"181230.740486821","Msg":"2023-01-01T19:08:55: [SCOPE] CMD <-0023450800409300#> "}\r'
20:08:56,125 root DEBUG b'{"Event":"INDIServer","Timestamp":"181230.797452969","Msg":"2023-01-01T19:08:55: [SCOPE] RES <+028825498909110221#> "}\r'
20:08:56,126 root DEBUG b'{"Event":"INDIServer","Timestamp":"181230.797858506","Msg":"2023-01-01T19:08:55: [SCOPE] CMD <:GEC#> "}\r'
20:08:56,402 root DEBUG b'{"Event":"INDIServer","Timestamp":"181230.854617821","Msg":"2023-01-01T19:08:55: [SCOPE] RES <-0023450800409250#> "}\r'
20:08:57,832 root DEBUG b'{"Event":"LoopingExposures","Timestamp":"181232.509424394","Frame":114}\r'
20:09:00,889 root DEBUG b'{"Event":"LoopingExposures","Timestamp":"181235.555523596","Frame":115}\r'
20:09:03,882 root DEBUG b'{"Event":"LoopingExposures","Timestamp":"181238.562411760","Frame":116}\r'
20:09:06,889 root DEBUG b'{"Event":"INDIServer","Timestamp":"181241.570668610","Msg":"2023-01-01T19:09:06: [SCOPE] CMD <\x90\xcdK\xb6> "}\r'
20:09:06,958 root DEBUG b'{"Event":"INDIServer","Timestamp":"181241.628762833","Msg":"2023-01-01T19:09:06: [SCOPE] RES <+028825498909110221#> "}\r'
20:09:06,958 root DEBUG b'{"Event":"INDIServer","Timestamp":"181241.629043833","Msg":"2023-01-01T19:09:06: [SCOPE] CMD <:GEC#> "}\r'
20:09:07,5 root DEBUG b'{"Event":"INDIServer","Timestamp":"181241.686136721","Msg":"2023-01-01T19:09:06: [SCOPE] RES <-0023450800409240#> "}\r'
20:09:07,24 root DEBUG b'{"Event":"LoopingExposures","Timestamp":"181241.705479296","Frame":117}\r'
20:09:10,27 root DEBUG b'{"Event":"LoopingExposures","Timestamp":"181244.516502998","Frame":118}\r'
20:09:11,521 root DEBUG b'{"Event":"Version","Timestamp":"181246.200537534","name":"ASI AIR guider","svr_ver_string":"1.0","svr_ver_int":12}\r'
20:09:12,865 root DEBUG b'{"Event":"LoopingExposures","Timestamp":"181247.539937162","Frame":119}\r'
20:09:15,884 root DEBUG b'{"Event":"LoopingExposures","Timestamp":"181250.557397179","Frame":120}\r'
20:09:18,831 root DEBUG b'{"Event":"LoopingExposures","Timestamp":"181253.507815140","Frame":121}\r'
20:09:21,849 root DEBUG b'{"Event":"LoopingExposures","Timestamp":"181256.526940564","Frame":122}\r'
20:09:24,900 root DEBUG b'{"Event":"LoopingExposures","Timestamp":"181259.571237952","Frame":123}\r'
20:09:25,335 root DEBUG b'{"Event":"INDIServer","Timestamp":"181260.010464174","Msg":"2023-01-01T19:09:24: [SCOPE] CMD <\x90\xcdK\xb6> "}\r'
20:09:25,390 root DEBUG b'{"Event":"INDIServer","Timestamp":"181260.068139507","Msg":"2023-01-01T19:09:24: [SCOPE] RES <+028825498909110221#> "}\r'
20:09:25,391 root DEBUG b'{"Event":"INDIServer","Timestamp":"181260.068564711","Msg":"2023-01-01T19:09:24: [SCOPE] CMD <:GEC#> "}\r'
20:09:25,448 root DEBUG b'{"Event":"INDIServer","Timestamp":"181260.125182062","Msg":"2023-01-01T19:09:24: [SCOPE] RES <-0023450800409260#> "}\r'
20:09:27,827 root DEBUG b'{"Event":"LoopingExposures","Timestamp":"181262.507697320","Frame":124}\r'
20:09:29,499 root DEBUG b'{"Event":"Version","Timestamp":"181264.176822986","name":"ASI AIR guider","svr_ver_string":"1.0","svr_ver_int":12}\r'
20:09:30,976 root DEBUG b'{"Event":"LoopingExposures","Timestamp":"181265.557964059","Frame":125}\r'
20:09:33,896 root DEBUG b'{"Event":"LoopingExposures","Timestamp":"181268.576009780","Frame":126}\r'
20:09:36,192 root DEBUG b'{"Event":"INDIServer","Timestamp":"181270.870677334","Msg":"2023-01-01T19:09:35: [SCOPE] CMD <\x90\xcdK\xb6> "}\r'
20:09:36,247 root DEBUG b'{"Event":"INDIServer","Timestamp":"181270.927941945","Msg":"2023-01-01T19:09:35: [SCOPE] RES <+028825498909110221#> "}\r'
20:09:36,248 root DEBUG b'{"Event":"INDIServer","Timestamp":"181270.928343241","Msg":"2023-01-01T19:09:35: [SCOPE] CMD <:GEC#> "}\r'
20:09:36,303 root DEBUG b'{"Event":"INDIServer","Timestamp":"181270.984959537","Msg":"2023-01-01T19:09:35: [SCOPE] RES <-0023450800409340#> "}\r'
20:09:36,911 root DEBUG b'{"Event":"LoopingExposures","Timestamp":"181271.525022204","Frame":127}\r'
20:09:39,881 root DEBUG b'{"Event":"LoopingExposures","Timestamp":"181274.536140406","Frame":128}\r'
20:09:42,868 root DEBUG b'{"Event":"LoopingExposures","Timestamp":"181277.547823700","Frame":129}\r'
20:09:45,929 root DEBUG b'{"Event":"LoopingExposures","Timestamp":"181280.565574624","Frame":130}\r'
20:09:47,63 root DEBUG b'{"Event":"Version","Timestamp":"181281.744131216","name":"ASI AIR guider","svr_ver_string":"1.0","svr_ver_int":12}\r'
20:09:47,101 root DEBUG b'{"Event":"INDIServer","Timestamp":"181281.780447753","Msg":"2023-01-01T19:09:46: [SCOPE] CMD <\x90\xcdK\xb6> "}\r'
20:09:47,158 root DEBUG b'{"Event":"INDIServer","Timestamp":"181281.837480957","Msg":"2023-01-01T19:09:46: [SCOPE] RES <+028825498909110221#> "}\r'
20:09:47,159 root DEBUG b'{"Event":"INDIServer","Timestamp":"181281.838929531","Msg":"2023-01-01T19:09:46: [SCOPE] CMD <:GEC#> "}\r'
20:09:47,216 root DEBUG b'{"Event":"INDIServer","Timestamp":"181281.895801605","Msg":"2023-01-01T19:09:46: [SCOPE] RES <-0023450800409290#> "}\r'
20:09:48,890 root DEBUG b'{"Event":"LoopingExposures","Timestamp":"181283.516409826","Frame":131}\r'
20:09:51,898 root DEBUG b'{"Event":"LoopingExposures","Timestamp":"181286.580206324","Frame":132}\r'
20:09:54,934 root DEBUG b'{"Event":"LoopingExposures","Timestamp":"181289.599115693","Frame":133}\r'
20:09:57,869 root DEBUG b'{"Event":"LoopingExposures","Timestamp":"181292.545805025","Frame":134}\r'
20:09:58,417 root DEBUG b'{"Event":"INDIServer","Timestamp":"181293.000609302","Msg":"2023-01-01T19:09:57: [SCOPE] CMD <-0023450800409297\x9e> "}\r'
20:09:58,417 root DEBUG b'{"Event":"INDIServer","Timestamp":"181293.057881469","Msg":"2023-01-01T19:09:57: [SCOPE] RES <+028825498909110221#> "}\r'
20:09:58,417 root DEBUG b'{"Event":"INDIServer","Timestamp":"181293.058290320","Msg":"2023-01-01T19:09:57: [SCOPE] CMD <:GEC#> "}\r'
20:09:58,443 root DEBUG b'{"Event":"INDIServer","Timestamp":"181293.114922728","Msg":"2023-01-01T19:09:57: [SCOPE] RES <-0023450800409240#> "}\r'
20:10:00,877 root DEBUG b'{"Event":"LoopingExposures","Timestamp":"181295.526218152","Frame":135}\r'
20:10:02,502 root DEBUG b'{"Event":"Version","Timestamp":"181297.179469281","name":"ASI AIR guider","svr_ver_string":"1.0","svr_ver_int":12}\r'
20:10:03,945 root DEBUG b'{"Event":"LoopingExposures","Timestamp":"181298.576254391","Frame":136}\r'
20:10:07,20 root DEBUG b'{"Event":"LoopingExposures","Timestamp":"181301.588437204","Frame":137}\r'
20:10:09,180 root DEBUG b'{"Event":"INDIServer","Timestamp":"181303.860487629","Msg":"2023-01-01T19:10:08: [SCOPE] CMD <\x90\xcdK\xb6> "}\r'
20:10:09,236 root DEBUG b'{"Event":"INDIServer","Timestamp":"181303.917398629","Msg":"2023-01-01T19:10:08: [SCOPE] RES <+028825498909110221#> "}\r'
20:10:09,238 root DEBUG b'{"Event":"INDIServer","Timestamp":"181303.917799592","Msg":"2023-01-01T19:10:08: [SCOPE] CMD <:GEC#> "}\r'
20:10:09,293 root DEBUG b'{"Event":"INDIServer","Timestamp":"181303.974400870","Msg":"2023-01-01T19:10:08: [SCOPE] RES <-0023450800409320#> "}\r'
20:10:09,886 root DEBUG b'{"Event":"LoopingExposures","Timestamp":"181304.532725480","Frame":138}\r'
20:10:12,852 root DEBUG b'{"Event":"LoopingExposures","Timestamp":"181307.526283367","Frame":139}\r'
20:10:15,894 root DEBUG b'{"Event":"LoopingExposures","Timestamp":"181310.567325051","Frame":140}\r'
20:10:18,312 root DEBUG b'{"Event":"Version","Timestamp":"181312.990608531","name":"ASI AIR guider","svr_ver_string":"1.0","svr_ver_int":12}\r'
20:10:18,334 root DEBUG b'{"Event":"INDIServer","Timestamp":"181313.010463938","Msg":"2023-01-01T19:10:17: [SCOPE] CMD <\x90\xcdK\xb6> "}\r'
20:10:18,389 root DEBUG b'{"Event":"INDIServer","Timestamp":"181313.067976864","Msg":"2023-01-01T19:10:17: [SCOPE] RES <+028825498909110221#> "}\r'
20:10:18,390 root DEBUG b'{"Event":"INDIServer","Timestamp":"181313.068368531","Msg":"2023-01-01T19:10:17: [SCOPE] CMD <:GEC#> "}\r'
20:10:18,448 root DEBUG b'{"Event":"INDIServer","Timestamp":"181313.125305197","Msg":"2023-01-01T19:10:17: [SCOPE] RES <-0023450800409230#> "}\r'
20:10:19,2 root DEBUG b'{"Event":"LoopingExposures","Timestamp":"181313.598838197","Frame":141}\r'
20:10:21,919 root DEBUG b'{"Event":"LoopingExposures","Timestamp":"181316.594381992","Frame":142}\r'
20:10:24,932 root DEBUG b'{"Event":"LoopingExposures","Timestamp":"181319.610420305","Frame":143}\r'
20:10:26,252 root DEBUG b'{"Event":"LockPositionSet","Timestamp":"181320.929858730","X":152.673,"Y":1063.232}\r'
20:10:26,253 root DEBUG b'{"Event":"LoopingExposures","Timestamp":"181320.930605415","Frame":143}\r'
20:10:26,253 root DEBUG b'{"Event":"StarSelected","Timestamp":"181320.931270545","X":152.673,"Y":1063.232}\r'
20:10:27,929 root DEBUG b'{"Event":"INDIServer","Timestamp":"181322.610463414","Msg":"2023-01-01T19:10:27: [SCOPE] CMD <\x90\xcdK\xb6> "}\r'
20:10:27,986 root DEBUG b'{"Event":"INDIServer","Timestamp":"181322.667669099","Msg":"2023-01-01T19:10:27: [SCOPE] RES <+028825498909110221#> "}\r'
20:10:27,987 root DEBUG b'{"Event":"INDIServer","Timestamp":"181322.668067470","Msg":"2023-01-01T19:10:27: [SCOPE] CMD <:GEC#> "}\r'
20:10:28,46 root DEBUG b'{"Event":"INDIServer","Timestamp":"181322.724679118","Msg":"2023-01-01T19:10:27: [SCOPE] RES <-0023450800409300#> "}\r'
20:10:28,94 root DEBUG b'{"Event":"StartGuiding","Timestamp":"181322.773149469"}\r'
20:10:28,480 root DEBUG b'{"Event":"SettleBegin","Timestamp":"181323.159966395"}\r'
20:10:31,395 root DEBUG b'{"Event":"Settling","Timestamp":"181325.973905856","Distance":0.54,"Time":0.0,"SettleTime":5.0,"StarLocked":true}\r'
20:10:31,395 root DEBUG b'{"Event":"INDIServer","Timestamp":"181326.020492171","Msg":"2023-01-01T19:10:30: [DEBUG] CMD <:Mw00051#> "}\r'
20:10:31,397 root DEBUG b'{"Event":"GuideStep","Timestamp":"181326.025402764","Frame":1,"Time":3.280,"Mount":"iOptron CEM25/CEM60","dx":-0.073,"dy":0.324,"RADistanceRaw":0.912,"DECDistanceRaw":-0.480,"RADistanceGuide":0.105,"DECDistanceGuide":0.000,"RADuration":51,"RADirection":"West","IsSettle":1,"IsDither":0,"StarMass":3185,"SNR":36.93,"AvgDist":0.17}\r'
20:10:34,296 root DEBUG b'{"Event":"Settling","Timestamp":"181328.971918244","Distance":0.88,"Time":3.0,"SettleTime":5.0,"StarLocked":true}\r'
20:10:34,344 root DEBUG b'{"Event":"INDIServer","Timestamp":"181329.020506892","Msg":"2023-01-01T19:10:33: [DEBUG] CMD <:Mw00058#> "}\r'
20:10:34,404 root DEBUG b'{"Event":"INDIServer","Timestamp":"181329.080567466","Msg":"2023-01-01T19:10:33: [DEBUG] CMD <:Mn00090#> "}\r'
20:10:34,463 root DEBUG b'{"Event":"GuideStep","Timestamp":"181329.130724299","Frame":2,"Time":6.385,"Mount":"iOptron CEM25/CEM60","dx":-0.323,"dy":0.425,"RADistanceRaw":0.994,"DECDistanceRaw":-1.321,"RADistanceGuide":0.118,"DECDistanceGuide":-0.189,"RADuration":58,"RADirection":"West","DECDuration":90,"DECDirection":"North","IsSettle":1,"IsDither":0,"StarMass":3156,"SNR":36.40,"AvgDist":0.28,"ErrorCode":1}\r'
20:10:35,487 root DEBUG b'{"Event":"Version","Timestamp":"181330.165370632","name":"ASI AIR guider","svr_ver_string":"1.0","svr_ver_int":12}\r'
20:10:37,329 root DEBUG b'{"Event":"SettleDone","Timestamp":"181331.994440631","Status":0,"TotalFrames":3,"DroppedFrames":0}\r'
20:10:37,359 root DEBUG b'{"Event":"INDIServer","Timestamp":"181332.040497408","Msg":"2023-01-01T19:10:36: [DEBUG] CMD <:Me00039#> "}\r'
20:10:37,411 root DEBUG b'{"Event":"INDIServer","Timestamp":"181332.090436649","Msg":"2023-01-01T19:10:36: [DEBUG] CMD <:Mn00023#> "}\r'
20:10:37,471 root DEBUG b'{"Event":"GuideStep","Timestamp":"181332.148193001","Frame":3,"Time":9.403,"Mount":"iOptron CEM25/CEM60","dx":-0.163,"dy":-0.193,"RADistanceRaw":-0.727,"DECDistanceRaw":-0.339,"RADistanceGuide":-0.079,"DECDistanceGuide":-0.049,"RADuration":39,"RADirection":"East","DECDuration":23,"DECDirection":"North","IsSettle":0,"IsDither":0,"StarMass":2919,"SNR":35.19,"AvgDist":0.27,"ErrorCode":1}\r'
20:10:40,399 root DEBUG b'{"Event":"INDIServer","Timestamp":"181335.034816333","Msg":"2023-01-01T19:10:39: [DEBUG] CMD <:Me00023#> "}\r'
20:10:40,400 root DEBUG b'{"Event":"GuideStep","Timestamp":"181335.045275944","Frame":4,"Time":12.300,"Mount":"iOptron CEM25/CEM60","dx":0.019,"dy":-0.131,"RADistanceRaw":-0.378,"DECDistanceRaw":0.162,"RADistanceGuide":-0.046,"DECDistanceGuide":0.000,"RADuration":23,"RADirection":"East","IsSettle":0,"IsDither":0,"StarMass":2818,"SNR":34.86,"AvgDist":0.23}\r'
20:10:43,344 root DEBUG b'{"Event":"INDIServer","Timestamp":"181338.020535516","Msg":"2023-01-01T19:10:42: [DEBUG] CMD <:Mw00033#> "}\r'
20:10:43,345 root DEBUG b'{"Event":"GuideStep","Timestamp":"181338.021996571","Frame":5,"Time":15.276,"Mount":"iOptron CEM25/CEM60","dx":0.143,"dy":0.155,"RADistanceRaw":0.595,"DECDistanceRaw":0.311,"RADistanceGuide":0.066,"DECDistanceGuide":0.000,"RADuration":33,"RADirection":"West","IsSettle":0,"IsDither":0,"StarMass":2070,"SNR":29.92,"AvgDist":0.22}\r'
