19:15:51,480 root DEBUG b'{"Event":"Version","Timestamp":"178046.128777204","name":"ASI AIR guider","svr_ver_string":"1.0","svr_ver_int":12}\r'
19:15:54,386 root DEBUG b'{"Event":"LoopingExposures","Timestamp":"178049.032950758","Frame":382}\r'
19:15:57,339 root DEBUG b'{"Event":"LoopingExposures","Timestamp":"178051.994655608","Frame":383}\r'
19:16:00,347 root DEBUG b'{"Event":"LoopingExposures","Timestamp":"178054.996870606","Frame":384}\r'
19:16:00,807 root DEBUG b'{"Event":"INDIServer","Timestamp":"178055.460614476","Msg":"2023-01-01T18:15:59: [SCOPE] CMD <> "}\r'
19:16:00,865 root DEBUG b'{"Event":"INDIServer","Timestamp":"178055.518295958","Msg":"2023-01-01T18:15:59: [SCOPE] RES <+028825498909170521#> "}\r'
19:16:00,865 root DEBUG b'{"Event":"INDIServer","Timestamp":"178055.518669902","Msg":"2023-01-01T18:15:59: [SCOPE] CMD <:GEC#> "}\r'
19:16:00,905 root DEBUG b'{"Event":"INDIServer","Timestamp":"178055.559224124","Msg":"2023-01-01T18:15:59: [SCOPE] RES <+3240000027153970#> "}\r'
19:16:03,308 root DEBUG b'{"Event":"LoopingExposures","Timestamp":"178057.961633012","Frame":385}\r'
19:16:06,829 root DEBUG b'{"Event":"LockPositionSet","Timestamp":"178061.446695177","X":957.226,"Y":844.982}\r'
19:16:06,829 root DEBUG b'{"Event":"LoopingExposures","Timestamp":"178061.446938343","Frame":385}\r'
19:16:06,829 root DEBUG b'{"Event":"StarSelected","Timestamp":"178061.447226677","X":957.226,"Y":844.982}\r'
19:16:07,646 root DEBUG b'{"Event":"LoopingExposures","Timestamp":"178062.238038935","Frame":386}\r'
19:16:08,257 root DEBUG b'{"Event":"Version","Timestamp":"178062.886473379","name":"ASI AIR guider","svr_ver_string":"1.0","svr_ver_int":12}\r'
19:16:09,427 root DEBUG b'{"Event":"INDIServer","Timestamp":"178064.080471527","Msg":"2023-01-01T18:16:08: [SCOPE] CMD <> "}\r'
19:16:09,497 root DEBUG b'{"Event":"INDIServer","Timestamp":"178064.137829805","Msg":"2023-01-01T18:16:08: [SCOPE] RES <+028825498909170521#> "}\r'
19:16:09,497 root DEBUG b'{"Event":"INDIServer","Timestamp":"178064.138558990","Msg":"2023-01-01T18:16:08: [SCOPE] CMD <:GEC#> "}\r'
19:16:09,531 root DEBUG b'{"Event":"INDIServer","Timestamp":"178064.178969064","Msg":"2023-01-01T18:16:08: [SCOPE] RES <+3240000027163000#> "}\r'
19:16:09,545 root DEBUG b'{"Event":"Calibrating","Timestamp":"178064.197305767","State":"West step   1, dist= 0.0"}\r'
19:16:09,981 root DEBUG b'{"Event":"INDIServer","Timestamp":"178064.630515082","Msg":"2023-01-01T18:16:09: [DEBUG] CMD <:Mw00800#> "}\r'
19:16:12,351 root DEBUG b'{"Event":"Calibrating","Timestamp":"178066.994983636","State":"West step   2, dist= 0.6"}\r'
19:16:12,862 root DEBUG b'{"Event":"INDIServer","Timestamp":"178067.470537895","Msg":"2023-01-01T18:16:11: [DEBUG] CMD <:Mw00800#> "}\r'
19:16:15,305 root DEBUG b'{"Event":"Calibrating","Timestamp":"178069.959550042","State":"West step   3, dist= 0.8"}\r'
19:16:15,833 root DEBUG b'{"Event":"INDIServer","Timestamp":"178070.390589023","Msg":"2023-01-01T18:16:14: [DEBUG] CMD <:Mw00800#> "}\r'
19:16:18,356 root DEBUG b'{"Event":"Calibrating","Timestamp":"178073.010592170","State":"West step   4, dist= 0.4"}\r'
19:16:18,803 root DEBUG b'{"Event":"INDIServer","Timestamp":"178073.440508855","Msg":"2023-01-01T18:16:17: [DEBUG] CMD <:Mw00800#> "}\r'
19:16:21,373 root DEBUG b'{"Event":"Calibrating","Timestamp":"178076.025578779","State":"West step   5, dist= 0.9"}\r'
19:16:21,810 root DEBUG b'{"Event":"INDIServer","Timestamp":"178076.460546279","Msg":"2023-01-01T18:16:20: [DEBUG] CMD <:Mw00800#> "}\r'
19:16:23,740 root DEBUG b'{"Event":"Version","Timestamp":"178078.389515833","name":"ASI AIR guider","svr_ver_string":"1.0","svr_ver_int":12}\r'
19:16:24,439 root DEBUG b'{"Event":"Calibrating","Timestamp":"178079.043540462","State":"West step   6, dist= 0.8"}\r'
19:16:24,947 root DEBUG b'{"Event":"INDIServer","Timestamp":"178079.490531147","Msg":"2023-01-01T18:16:23: [DEBUG] CMD <:Mw00800#> "}\r'
19:16:27,407 root DEBUG b'{"Event":"Calibrating","Timestamp":"178081.963341349","State":"West step   7, dist= 1.3"}\r'
19:16:27,816 root DEBUG b'{"Event":"INDIServer","Timestamp":"178082.400552534","Msg":"2023-01-01T18:16:26: [DEBUG] CMD <:Mw00800#> "}\r'
19:16:30,374 root DEBUG b'{"Event":"StarLost","Timestamp":"178084.998844070","Frame":394,"Time":178084.998,"StarMass":145,"SNR":8.11,"AvgDist":1.14,"ErrorCode":6,"Status":"Star lost - mass changed"}\r'
19:16:33,446 root DEBUG b'{"Event":"Calibrating","Timestamp":"178088.019379994","State":"West step   8, dist= 1.5"}\r'
19:16:33,798 root DEBUG b'{"Event":"INDIServer","Timestamp":"178088.450538383","Msg":"2023-01-01T18:16:32: [DEBUG] CMD <:Mw00800#> "}\r'
19:16:36,417 root DEBUG b'{"Event":"StarLost","Timestamp":"178091.022806677","Frame":396,"Time":178091.022,"StarMass":1067,"SNR":22.38,"AvgDist":1.41,"ErrorCode":6,"Status":"Star lost - mass changed"}\r'
19:16:39,317 root DEBUG b'{"Event":"Calibrating","Timestamp":"178093.968408509","State":"West step   9, dist= 1.5"}\r'
19:16:39,897 root DEBUG b'{"Event":"INDIServer","Timestamp":"178094.470613194","Msg":"2023-01-01T18:16:38: [DEBUG] CMD <:Mw00800#> "}\r'
19:16:39,916 root DEBUG b'{"Event":"Version","Timestamp":"178094.569168064","name":"ASI AIR guider","svr_ver_string":"1.0","svr_ver_int":12}\r'
19:16:42,402 root DEBUG b'{"Event":"StarLost","Timestamp":"178097.053253729","Frame":398,"Time":178097.053,"StarMass":102,"SNR":6.79,"AvgDist":1.37,"ErrorCode":6,"Status":"Star lost - mass changed"}\r'
19:16:45,427 root DEBUG b'{"Event":"Calibrating","Timestamp":"178100.000716783","State":"West step  10, dist= 1.9"}\r'
19:16:45,837 root DEBUG b'{"Event":"INDIServer","Timestamp":"178100.440546709","Msg":"2023-01-01T18:16:44: [DEBUG] CMD <:Mw00800#> "}\r'
19:16:48,397 root DEBUG b'{"Event":"StarLost","Timestamp":"178103.011191244","Frame":400,"Time":178103.011,"StarMass":964,"SNR":21.27,"AvgDist":1.79,"ErrorCode":6,"Status":"Star lost - mass changed"}\r'
19:16:51,317 root DEBUG b'{"Event":"StarLost","Timestamp":"178105.971561483","Frame":401,"Time":178105.971,"StarMass":1276,"SNR":24.55,"AvgDist":1.79,"ErrorCode":6,"Status":"Star lost - mass changed"}\r'
19:16:54,397 root DEBUG b'{"Event":"Calibrating","Timestamp":"178109.045015778","State":"West step  11, dist= 2.3"}\r'
19:16:54,836 root DEBUG b'{"Event":"INDIServer","Timestamp":"178109.480532722","Msg":"2023-01-01T18:16:53: [DEBUG] CMD <:Mw00800#> "}\r'
19:16:56,769 root DEBUG b'{"Event":"Version","Timestamp":"178111.419781887","name":"ASI AIR guider","svr_ver_string":"1.0","svr_ver_int":12}\r'
19:16:57,406 root DEBUG b'{"Event":"Calibrating","Timestamp":"178112.055654424","State":"West step  12, dist= 2.4"}\r'
19:16:57,846 root DEBUG b'{"Event":"INDIServer","Timestamp":"178112.490518387","Msg":"2023-01-01T18:16:56: [DEBUG] CMD <:Mw00800#> "}\r'
19:17:00,411 root DEBUG b'{"Event":"Calibrating","Timestamp":"178115.061100756","State":"West step  13, dist= 2.0"}\r'
19:17:00,865 root DEBUG b'{"Event":"INDIServer","Timestamp":"178115.520628922","Msg":"2023-01-01T18:16:59: [DEBUG] CMD <:Mw00800#> "}\r'
19:17:03,325 root DEBUG b'{"Event":"Calibrating","Timestamp":"178117.979590217","State":"West step  14, dist= 2.6"}\r'
19:17:03,772 root DEBUG b'{"Event":"INDIServer","Timestamp":"178118.420514568","Msg":"2023-01-01T18:17:02: [DEBUG] CMD <:Mw00800#> "}\r'
19:17:06,418 root DEBUG b'{"Event":"Calibrating","Timestamp":"178121.037267345","State":"West step  15, dist= 2.5"}\r'
19:17:06,827 root DEBUG b'{"Event":"INDIServer","Timestamp":"178121.470619548","Msg":"2023-01-01T18:17:05: [DEBUG] CMD <:Mw00800#> "}\r'
19:17:09,384 root DEBUG b'{"Event":"Calibrating","Timestamp":"178124.036455676","State":"West step  16, dist= 2.5"}\r'
19:17:09,906 root DEBUG b'{"Event":"INDIServer","Timestamp":"178124.470550157","Msg":"2023-01-01T18:17:08: [DEBUG] CMD <:Mw00800#> "}\r'
19:17:12,397 root DEBUG b'{"Event":"Calibrating","Timestamp":"178127.047002767","State":"West step  17, dist= 2.6"}\r'
19:17:12,872 root DEBUG b'{"Event":"INDIServer","Timestamp":"178127.480769933","Msg":"2023-01-01T18:17:11: [DEBUG] CMD <:Mw00800#> "}\r'
19:17:12,899 root DEBUG b'{"Event":"Version","Timestamp":"178127.552841396","name":"ASI AIR guider","svr_ver_string":"1.0","svr_ver_int":12}\r'
19:17:15,433 root DEBUG b'{"Event":"Calibrating","Timestamp":"178129.986169858","State":"West step  18, dist= 3.0"}\r'
19:17:15,841 root DEBUG b'{"Event":"INDIServer","Timestamp":"178130.430531524","Msg":"2023-01-01T18:17:14: [DEBUG] CMD <:Mw00800#> "}\r'
19:17:18,399 root DEBUG b'{"Event":"Calibrating","Timestamp":"178133.021856523","State":"West step  19, dist= 3.5"}\r'
19:17:18,806 root DEBUG b'{"Event":"INDIServer","Timestamp":"178133.460530930","Msg":"2023-01-01T18:17:17: [DEBUG] CMD <:Mw00800#> "}\r'
19:17:21,472 root DEBUG b'{"Event":"StarLost","Timestamp":"178136.034457706","Frame":411,"Time":178136.034,"StarMass":1418,"SNR":25.91,"AvgDist":3.39,"ErrorCode":6,"Status":"Star lost - mass changed"}\r'
19:17:24,444 root DEBUG b'{"Event":"Calibrating","Timestamp":"178139.036239297","State":"West step  20, dist= 3.5"}\r'
19:17:24,851 root DEBUG b'{"Event":"INDIServer","Timestamp":"178139.490645371","Msg":"2023-01-01T18:17:23: [DEBUG] CMD <:Mw00800#> "}\r'
19:17:27,415 root DEBUG b'{"Event":"StarLost","Timestamp":"178141.993109758","Frame":413,"Time":178141.993,"StarMass":77,"SNR":5.71,"AvgDist":3.39,"ErrorCode":6,"Status":"Star lost - mass changed"}\r'
19:17:29,798 root DEBUG b'{"Event":"Version","Timestamp":"178144.451703109","name":"ASI AIR guider","svr_ver_string":"1.0","svr_ver_int":12}\r'
19:17:30,485 root DEBUG b'{"Event":"StarLost","Timestamp":"178145.044485090","Frame":414,"Time":178145.044,"StarMass":123,"SNR":7.34,"AvgDist":3.39,"ErrorCode":6,"Status":"Star lost - mass changed"}\r'
19:17:33,454 root DEBUG b'{"Event":"Calibrating","Timestamp":"178148.017403755","State":"West step  21, dist= 4.0"}\r'
19:17:33,807 root DEBUG b'{"Event":"INDIServer","Timestamp":"178148.460539051","Msg":"2023-01-01T18:17:32: [DEBUG] CMD <:Mw00800#> "}\r'
19:17:36,421 root DEBUG b'{"Event":"StarLost","Timestamp":"178151.027464512","Frame":416,"Time":178151.027,"StarMass":566,"SNR":16.12,"AvgDist":3.83,"ErrorCode":6,"Status":"Star lost - mass changed"}\r'
19:17:39,394 root DEBUG b'{"Event":"Calibrating","Timestamp":"178154.009508307","State":"West step  22, dist= 3.9"}\r'
19:17:39,795 root DEBUG b'{"Event":"INDIServer","Timestamp":"178154.450536880","Msg":"2023-01-01T18:17:38: [DEBUG] CMD <:Mw00800#> "}\r'
19:17:42,395 root DEBUG b'{"Event":"Calibrating","Timestamp":"178157.046491934","State":"West step  23, dist= 4.1"}\r'
19:17:42,834 root DEBUG b'{"Event":"INDIServer","Timestamp":"178157.480538545","Msg":"2023-01-01T18:17:41: [DEBUG] CMD <:Mw00800#> "}\r'
19:17:45,410 root DEBUG b'{"Event":"Calibrating","Timestamp":"178160.062014099","State":"West step  24, dist= 4.4"}\r'
19:17:45,870 root DEBUG b'{"Event":"INDIServer","Timestamp":"178160.500530821","Msg":"2023-01-01T18:17:44: [DEBUG] CMD <:Mw00800#> "}\r'
19:17:45,927 root DEBUG b'{"Event":"Version","Timestamp":"178160.578016062","name":"ASI AIR guider","svr_ver_string":"1.0","svr_ver_int":12}\r'
19:17:48,403 root DEBUG b'{"Event":"StarLost","Timestamp":"178163.021601486","Frame":420,"Time":178163.021,"StarMass":99,"SNR":6.63,"AvgDist":4.26,"ErrorCode":6,"Status":"Star lost - mass changed"}\r'
19:17:51,378 root DEBUG b'{"Event":"StarLost","Timestamp":"178166.001586336","Frame":421,"Time":178166.001,"StarMass":47,"SNR":4.52,"AvgDist":4.26,"ErrorCode":6,"Status":"Star lost - mass changed"}\r'
19:17:54,385 root DEBUG b'{"Event":"StarLost","Timestamp":"178169.037028705","Frame":422,"Time":178169.036,"StarMass":0,"SNR":0.00,"AvgDist":4.26,"ErrorCode":2,"Status":"Star lost - low SNR"}\r'
19:17:57,398 root DEBUG b'{"Event":"StarLost","Timestamp":"178172.048951499","Frame":423,"Time":178172.048,"StarMass":0,"SNR":0.00,"AvgDist":4.26,"ErrorCode":2,"Status":"Star lost - low SNR"}\r'
19:18:00,491 root DEBUG b'{"Event":"StarLost","Timestamp":"178175.059579331","Frame":424,"Time":178175.059,"StarMass":0,"SNR":0.00,"AvgDist":4.26,"ErrorCode":2,"Status":"Star lost - low SNR"}\r'
19:18:02,728 root DEBUG b'{"Event":"Version","Timestamp":"178177.380423256","name":"ASI AIR guider","svr_ver_string":"1.0","svr_ver_int":12}\r'
19:18:03,467 root DEBUG b'{"Event":"StarLost","Timestamp":"178178.001405107","Frame":425,"Time":178178.001,"StarMass":52,"SNR":4.72,"AvgDist":4.26,"ErrorCode":6,"Status":"Star lost - mass changed"}\r'
19:18:06,531 root DEBUG b'{"Event":"StarLost","Timestamp":"178181.084559476","Frame":426,"Time":178181.084,"StarMass":75,"SNR":5.72,"AvgDist":100.00,"ErrorCode":6,"Status":"Star lost - mass changed"}\r'
19:18:09,385 root DEBUG b'{"Event":"StarLost","Timestamp":"178184.036664289","Frame":427,"Time":178184.036,"StarMass":0,"SNR":0.00,"AvgDist":100.00,"ErrorCode":2,"Status":"Star lost - low SNR"}\r'
19:18:12,470 root DEBUG b'{"Event":"StarLost","Timestamp":"178187.057998842","Frame":428,"Time":178187.057,"StarMass":0,"SNR":0.00,"AvgDist":100.00,"ErrorCode":2,"Status":"Star lost - low SNR"}\r'
19:18:15,356 root DEBUG b'{"Event":"StarLost","Timestamp":"178190.005858155","Frame":429,"Time":178190.005,"StarMass":0,"SNR":0.00,"AvgDist":100.00,"ErrorCode":3,"Status":"Star lost - low mass"}\r'
19:18:18,412 root DEBUG b'{"Event":"StarLost","Timestamp":"178193.061445931","Frame":430,"Time":178193.061,"StarMass":0,"SNR":0.00,"AvgDist":100.00,"ErrorCode":3,"Status":"Star lost - low mass"}\r'
19:18:19,240 root DEBUG b'{"Event":"Version","Timestamp":"178193.893706246","name":"ASI AIR guider","svr_ver_string":"1.0","svr_ver_int":12}\r'
19:18:21,432 root DEBUG b'{"Event":"Calibrating","Timestamp":"178196.084869189","State":"West step  25, dist= 5.7"}\r'
19:18:21,879 root DEBUG b'{"Event":"INDIServer","Timestamp":"178196.530658448","Msg":"2023-01-01T18:18:20: [DEBUG] CMD <:Mw00800#> "}\r'
19:18:24,451 root DEBUG b'{"Event":"StarLost","Timestamp":"178199.035154946","Frame":432,"Time":178199.035,"StarMass":0,"SNR":0.00,"AvgDist":5.56,"ErrorCode":2,"Status":"Star lost - low SNR"}\r'
19:18:27,420 root DEBUG b'{"Event":"StarLost","Timestamp":"178202.008263871","Frame":433,"Time":178202.008,"StarMass":57,"SNR":5.06,"AvgDist":5.56,"ErrorCode":6,"Status":"Star lost - mass changed"}\r'
19:18:30,409 root DEBUG b'{"Event":"Calibrating","Timestamp":"178205.060077646","State":"West step  26, dist= 5.5"}\r'
19:18:30,903 root DEBUG b'{"Event":"INDIServer","Timestamp":"178205.500562683","Msg":"2023-01-01T18:18:29: [DEBUG] CMD <:Mw00800#> "}\r'
19:18:33,468 root DEBUG b'{"Event":"Calibrating","Timestamp":"178208.083033422","State":"West step  27, dist= 6.2"}\r'
19:18:33,892 root DEBUG b'{"Event":"INDIServer","Timestamp":"178208.540544996","Msg":"2023-01-01T18:18:32: [DEBUG] CMD <:Mw00800#> "}\r'
19:18:35,832 root DEBUG b'{"Event":"Version","Timestamp":"178210.485757903","name":"ASI AIR guider","svr_ver_string":"1.0","svr_ver_int":12}\r'
19:18:36,535 root DEBUG b'{"Event":"Calibrating","Timestamp":"178211.086751032","State":"West step  28, dist= 6.3"}\r'
19:18:36,944 root DEBUG b'{"Event":"INDIServer","Timestamp":"178211.540652272","Msg":"2023-01-01T18:18:35: [DEBUG] CMD <:Mw00800#> "}\r'
19:18:39,404 root DEBUG b'{"Event":"Calibrating","Timestamp":"178214.017839252","State":"West step  29, dist= 6.9"}\r'
19:18:39,817 root DEBUG b'{"Event":"INDIServer","Timestamp":"178214.470552085","Msg":"2023-01-01T18:18:38: [DEBUG] CMD <:Mw00800#> "}\r'
19:18:42,475 root DEBUG b'{"Event":"StarLost","Timestamp":"178217.050845121","Frame":438,"Time":178217.050,"StarMass":306,"SNR":11.98,"AvgDist":6.74,"ErrorCode":6,"Status":"Star lost - mass changed"}\r'
19:18:45,444 root DEBUG b'{"Event":"StarLost","Timestamp":"178220.064833563","Frame":439,"Time":178220.064,"StarMass":630,"SNR":17.11,"AvgDist":6.74,"ErrorCode":6,"Status":"Star lost - mass changed"}\r'
19:18:48,415 root DEBUG b'{"Event":"Calibrating","Timestamp":"178223.010677895","State":"West step  30, dist= 6.7"}\r'
19:18:48,835 root DEBUG b'{"Event":"INDIServer","Timestamp":"178223.480690950","Msg":"2023-01-01T18:18:47: [DEBUG] CMD <:Mw00800#> "}\r'
19:18:51,376 root DEBUG b'{"Event":"StarLost","Timestamp":"178226.025001430","Frame":441,"Time":178226.024,"StarMass":268,"SNR":11.05,"AvgDist":6.54,"ErrorCode":6,"Status":"Star lost - mass changed"}\r'
19:18:51,954 root DEBUG b'{"Event":"Version","Timestamp":"178226.607836245","name":"ASI AIR guider","svr_ver_string":"1.0","svr_ver_int":12}\r'
19:18:54,392 root DEBUG b'{"Event":"StarLost","Timestamp":"178229.044255410","Frame":442,"Time":178229.044,"StarMass":413,"SNR":13.90,"AvgDist":6.54,"ErrorCode":6,"Status":"Star lost - mass changed"}\r'
19:18:57,426 root DEBUG b'{"Event":"StarLost","Timestamp":"178232.055214853","Frame":443,"Time":178232.055,"StarMass":508,"SNR":15.44,"AvgDist":6.54,"ErrorCode":6,"Status":"Star lost - mass changed"}\r'
19:19:00,498 root DEBUG b'{"Event":"Calibrating","Timestamp":"178235.075312073","State":"West step  31, dist= 7.6"}\r'
19:19:00,904 root DEBUG b'{"Event":"INDIServer","Timestamp":"178235.540655721","Msg":"2023-01-01T18:18:59: [DEBUG] CMD <:Mw00800#> "}\r'
19:19:03,378 root DEBUG b'{"Event":"Calibrating","Timestamp":"178238.022992664","State":"West step  32, dist= 7.3"}\r'
19:19:03,820 root DEBUG b'{"Event":"INDIServer","Timestamp":"178238.470529645","Msg":"2023-01-01T18:19:02: [DEBUG] CMD <:Mw00800#> "}\r'
19:19:06,453 root DEBUG b'{"Event":"Calibrating","Timestamp":"178241.102127662","State":"West step  33, dist= 7.8"}\r'
19:19:06,947 root DEBUG b'{"Event":"INDIServer","Timestamp":"178241.560541551","Msg":"2023-01-01T18:19:05: [DEBUG] CMD <:Mw00800#> "}\r'
19:19:07,270 root DEBUG b'{"Event":"Version","Timestamp":"178241.922161310","name":"ASI AIR guider","svr_ver_string":"1.0","svr_ver_int":12}\r'
19:19:09,454 root DEBUG b'{"Event":"StarLost","Timestamp":"178244.104754012","Frame":447,"Time":178244.104,"StarMass":0,"SNR":0.00,"AvgDist":7.63,"ErrorCode":2,"Status":"Star lost - low SNR"}\r'
19:19:12,405 root DEBUG b'{"Event":"StarLost","Timestamp":"178247.055700973","Frame":448,"Time":178247.055,"StarMass":0,"SNR":0.00,"AvgDist":7.63,"ErrorCode":2,"Status":"Star lost - low SNR"}\r'
19:19:15,377 root DEBUG b'{"Event":"Calibrating","Timestamp":"178250.031739620","State":"West step  34, dist= 8.1"}\r'
19:19:15,821 root DEBUG b'{"Event":"INDIServer","Timestamp":"178250.470735379","Msg":"2023-01-01T18:19:14: [DEBUG] CMD <:Mw00800#> "}\r'
19:19:18,523 root DEBUG b'{"Event":"Calibrating","Timestamp":"178253.081456155","State":"West step  35, dist= 8.1"}\r'
19:19:18,875 root DEBUG b'{"Event":"INDIServer","Timestamp":"178253.520561969","Msg":"2023-01-01T18:19:17: [DEBUG] CMD <:Mw00800#> "}\r'
19:19:21,492 root DEBUG b'{"Event":"StarLost","Timestamp":"178256.093304820","Frame":451,"Time":178256.093,"StarMass":0,"SNR":0.00,"AvgDist":7.97,"ErrorCode":2,"Status":"Star lost - low SNR"}\r'
19:19:23,731 root DEBUG b'{"Event":"Version","Timestamp":"178258.381261300","name":"ASI AIR guider","svr_ver_string":"1.0","svr_ver_int":12}\r'
19:19:24,460 root DEBUG b'{"Event":"Calibrating","Timestamp":"178259.103122596","State":"West step  36, dist= 8.1"}\r'
19:19:24,972 root DEBUG b'{"Event":"INDIServer","Timestamp":"178259.580500003","Msg":"2023-01-01T18:19:23: [DEBUG] CMD <:Mw00800#> "}\r'
19:19:27,428 root DEBUG b'{"Event":"Calibrating","Timestamp":"178262.029491816","State":"West step  37, dist= 8.4"}\r'
19:19:27,819 root DEBUG b'{"Event":"INDIServer","Timestamp":"178262.470632075","Msg":"2023-01-01T18:19:26: [DEBUG] CMD <:Mw00800#> "}\r'
19:19:30,417 root DEBUG b'{"Event":"StarLost","Timestamp":"178265.067951814","Frame":454,"Time":178265.067,"StarMass":35,"SNR":3.84,"AvgDist":8.31,"ErrorCode":6,"Status":"Star lost - mass changed"}\r'
19:19:33,430 root DEBUG b'{"Event":"StarLost","Timestamp":"178268.084347887","Frame":455,"Time":178268.084,"StarMass":48,"SNR":4.60,"AvgDist":8.31,"ErrorCode":6,"Status":"Star lost - mass changed"}\r'
19:19:36,549 root DEBUG b'{"Event":"StarLost","Timestamp":"178271.094338052","Frame":456,"Time":178271.094,"StarMass":0,"SNR":0.00,"AvgDist":8.31,"ErrorCode":2,"Status":"Star lost - low SNR"}\r'
19:19:39,407 root DEBUG b'{"Event":"Calibrating","Timestamp":"178274.029415254","State":"West step  38, dist= 8.8"}\r'
19:19:39,922 root DEBUG b'{"Event":"INDIServer","Timestamp":"178274.470538216","Msg":"2023-01-01T18:19:38: [DEBUG] CMD <:Mw00800#> "}\r'
19:19:39,940 root DEBUG b'{"Event":"Version","Timestamp":"178274.590127938","name":"ASI AIR guider","svr_ver_string":"1.0","svr_ver_int":12}\r'
19:19:42,484 root DEBUG b'{"Event":"Calibrating","Timestamp":"178277.057340659","State":"West step  39, dist= 9.2"}\r'
19:19:42,836 root DEBUG b'{"Event":"INDIServer","Timestamp":"178277.490484437","Msg":"2023-01-01T18:19:41: [DEBUG] CMD <:Mw00800#> "}\r'
19:19:45,452 root DEBUG b'{"Event":"Calibrating","Timestamp":"178280.070982787","State":"West step  40, dist= 9.0"}\r'
19:19:45,863 root DEBUG b'{"Event":"INDIServer","Timestamp":"178280.500808527","Msg":"2023-01-01T18:19:44: [DEBUG] CMD <:Mw00800#> "}\r'
19:19:48,527 root DEBUG b'{"Event":"StarLost","Timestamp":"178283.083291841","Frame":460,"Time":178283.083,"StarMass":388,"SNR":13.38,"AvgDist":8.88,"ErrorCode":6,"Status":"Star lost - mass changed"}\r'
19:19:51,394 root DEBUG b'{"Event":"StarLost","Timestamp":"178286.032694302","Frame":461,"Time":178286.032,"StarMass":615,"SNR":16.89,"AvgDist":8.88,"ErrorCode":6,"Status":"Star lost - mass changed"}\r'
19:19:54,567 root DEBUG b'{"Event":"StarLost","Timestamp":"178289.107141226","Frame":462,"Time":178289.107,"StarMass":1005,"SNR":21.75,"AvgDist":8.88,"ErrorCode":6,"Status":"Star lost - mass changed"}\r'
19:19:56,825 root DEBUG b'{"Event":"Version","Timestamp":"178291.477755188","name":"ASI AIR guider","svr_ver_string":"1.0","svr_ver_int":12}\r'
19:19:57,415 root DEBUG b'{"Event":"StarLost","Timestamp":"178292.067475317","Frame":463,"Time":178292.067,"StarMass":1217,"SNR":24.03,"AvgDist":8.88,"ErrorCode":6,"Status":"Star lost - mass changed"}\r'
19:20:00,506 root DEBUG b'{"Event":"StarLost","Timestamp":"178295.070151537","Frame":464,"Time":178295.070,"StarMass":1380,"SNR":25.48,"AvgDist":8.88,"ErrorCode":6,"Status":"Star lost - mass changed"}\r'
19:20:03,381 root DEBUG b'{"Event":"StarLost","Timestamp":"178298.034163776","Frame":465,"Time":178298.034,"StarMass":1479,"SNR":26.30,"AvgDist":8.88,"ErrorCode":6,"Status":"Star lost - mass changed"}\r'
19:20:06,447 root DEBUG b'{"Event":"StarLost","Timestamp":"178301.096826460","Frame":466,"Time":178301.096,"StarMass":1067,"SNR":22.34,"AvgDist":100.00,"ErrorCode":6,"Status":"Star lost - mass changed"}\r'
19:20:09,519 root DEBUG b'{"Event":"StarLost","Timestamp":"178304.109500236","Frame":467,"Time":178304.109,"StarMass":767,"SNR":18.92,"AvgDist":100.00,"ErrorCode":6,"Status":"Star lost - mass changed"}\r'
19:20:12,486 root DEBUG b'{"Event":"Calibrating","Timestamp":"178307.122062956","State":"West step  41, dist=10.2"}\r'
19:20:12,918 root DEBUG b'{"Event":"INDIServer","Timestamp":"178307.570552122","Msg":"2023-01-01T18:20:11: [DEBUG] CMD <:Mw00800#> "}\r'
19:20:12,993 root DEBUG b'{"Event":"Version","Timestamp":"178307.642120937","name":"ASI AIR guider","svr_ver_string":"1.0","svr_ver_int":12}\r'
19:20:15,465 root DEBUG b'{"Event":"Calibrating","Timestamp":"178310.040264010","State":"West step  42, dist=10.3"}\r'
19:20:15,864 root DEBUG b'{"Event":"INDIServer","Timestamp":"178310.470530398","Msg":"2023-01-01T18:20:14: [DEBUG] CMD <:Mw00800#> "}\r'
19:20:18,436 root DEBUG b'{"Event":"Calibrating","Timestamp":"178313.087126582","State":"West step  43, dist=10.5"}\r'
19:20:18,870 root DEBUG b'{"Event":"INDIServer","Timestamp":"178313.520908119","Msg":"2023-01-01T18:20:17: [DEBUG] CMD <:Mw00800#> "}\r'
19:20:21,457 root DEBUG b'{"Event":"Calibrating","Timestamp":"178316.098326080","State":"West step  44, dist=10.2"}\r'
19:20:21,893 root DEBUG b'{"Event":"INDIServer","Timestamp":"178316.530517099","Msg":"2023-01-01T18:20:20: [DEBUG] CMD <:Mw00800#> "}\r'
19:20:24,459 root DEBUG b'{"Event":"Calibrating","Timestamp":"178319.110756171","State":"West step  45, dist=10.9"}\r'
19:20:24,899 root DEBUG b'{"Event":"INDIServer","Timestamp":"178319.550765597","Msg":"2023-01-01T18:20:23: [DEBUG] CMD <:Mw00800#> "}\r'
19:20:27,398 root DEBUG b'{"Event":"Calibrating","Timestamp":"178322.048036651","State":"West step  46, dist=10.8"}\r'
19:20:27,830 root DEBUG b'{"Event":"INDIServer","Timestamp":"178322.480538188","Msg":"2023-01-01T18:20:26: [DEBUG] CMD <:Mw00800#> "}\r'
19:20:29,719 root DEBUG b'{"Event":"Version","Timestamp":"178324.373252390","name":"ASI AIR guider","svr_ver_string":"1.0","svr_ver_int":12}\r'
19:20:30,427 root DEBUG b'{"Event":"Calibrating","Timestamp":"178325.079443038","State":"West step  47, dist=10.8"}\r'
19:20:30,918 root DEBUG b'{"Event":"INDIServer","Timestamp":"178325.520531945","Msg":"2023-01-01T18:20:29: [DEBUG] CMD <:Mw00800#> "}\r'
19:20:33,479 root DEBUG b'{"Event":"Calibrating","Timestamp":"178328.086707388","State":"West step  48, dist=10.9"}\r'
19:20:33,882 root DEBUG b'{"Event":"INDIServer","Timestamp":"178328.530568388","Msg":"2023-01-01T18:20:32: [DEBUG] CMD <:Mw00800#> "}\r'
19:20:36,551 root DEBUG b'{"Event":"Calibrating","Timestamp":"178331.098209979","State":"West step  49, dist=11.2"}\r'
19:20:36,963 root DEBUG b'{"Event":"INDIServer","Timestamp":"178331.550571682","Msg":"2023-01-01T18:20:35: [DEBUG] CMD <:Mw00800#> "}\r'
19:20:39,422 root DEBUG b'{"Event":"Calibrating","Timestamp":"178334.048427033","State":"West step  50, dist=11.2"}\r'
19:20:39,934 root DEBUG b'{"Event":"INDIServer","Timestamp":"178334.504854088","Msg":"2023-01-01T18:20:38: [DEBUG] CMD <:Mw00800#> "}\r'
19:20:42,480 root DEBUG b'{"Event":"Calibrating","Timestamp":"178337.131544197","State":"West step  51, dist=11.3"}\r'
19:20:42,928 root DEBUG b'{"Event":"INDIServer","Timestamp":"178337.580532605","Msg":"2023-01-01T18:20:41: [DEBUG] CMD <:Mw00800#> "}\r'
19:20:45,560 root DEBUG b'{"Event":"Calibrating","Timestamp":"178340.135326992","State":"West step  52, dist=11.0"}\r'
19:20:45,978 root DEBUG b'{"Event":"INDIServer","Timestamp":"178340.580588455","Msg":"2023-01-01T18:20:44: [DEBUG] CMD <:Mw00800#> "}\r'
19:20:45,991 root DEBUG b'{"Event":"Version","Timestamp":"178340.642699640","name":"ASI AIR guider","svr_ver_string":"1.0","svr_ver_int":12}\r'
19:20:48,537 root DEBUG b'{"Event":"StarLost","Timestamp":"178343.086756120","Frame":480,"Time":178343.086,"StarMass":112,"SNR":7.10,"AvgDist":10.87,"ErrorCode":6,"Status":"Star lost - mass changed"}\r'
19:20:51,401 root DEBUG b'{"Event":"StarLost","Timestamp":"178346.050970692","Frame":481,"Time":178346.050,"StarMass":152,"SNR":8.40,"AvgDist":10.87,"ErrorCode":6,"Status":"Star lost - mass changed"}\r'
19:20:54,475 root DEBUG b'{"Event":"StarLost","Timestamp":"178349.121402246","Frame":482,"Time":178349.121,"StarMass":177,"SNR":8.91,"AvgDist":10.87,"ErrorCode":6,"Status":"Star lost - mass changed"}\r'
19:20:57,473 root DEBUG b'{"Event":"Calibrating","Timestamp":"178352.123662503","State":"West step  53, dist=12.0"}\r'
19:20:57,923 root DEBUG b'{"Event":"INDIServer","Timestamp":"178352.570627133","Msg":"2023-01-01T18:20:56: [DEBUG] CMD <:Mw00800#> "}\r'
19:21:00,486 root DEBUG b'{"Event":"StarLost","Timestamp":"178355.137526557","Frame":484,"Time":178355.137,"StarMass":181,"SNR":9.14,"AvgDist":11.90,"ErrorCode":6,"Status":"Star lost - mass changed"}\r'
19:21:02,720 root DEBUG b'{"Event":"Version","Timestamp":"178357.373617111","name":"ASI AIR guider","svr_ver_string":"1.0","svr_ver_int":12}\r'
19:21:03,402 root DEBUG b'{"Event":"StarLost","Timestamp":"178358.054884648","Frame":485,"Time":178358.054,"StarMass":183,"SNR":9.11,"AvgDist":11.90,"ErrorCode":6,"Status":"Star lost - mass changed"}\r'
19:21:06,454 root DEBUG b'{"Event":"Calibrating","Timestamp":"178361.099782091","State":"West step  54, dist=12.6"}\r'
19:21:06,966 root DEBUG b'{"Event":"INDIServer","Timestamp":"178361.530536812","Msg":"2023-01-01T18:21:05: [DEBUG] CMD <:Mw00800#> "}\r'
19:21:09,461 root DEBUG b'{"Event":"Calibrating","Timestamp":"178364.110903533","State":"West step  55, dist=12.6"}\r'
19:21:09,904 root DEBUG b'{"Event":"INDIServer","Timestamp":"178364.550522329","Msg":"2023-01-01T18:21:08: [DEBUG] CMD <:Mw00800#> "}\r'
19:21:12,477 root DEBUG b'{"Event":"Calibrating","Timestamp":"178367.127097568","State":"West step  56, dist=12.4"}\r'
19:21:12,920 root DEBUG b'{"Event":"INDIServer","Timestamp":"178367.570541698","Msg":"2023-01-01T18:21:11: [DEBUG] CMD <:Mw00800#> "}\r'
19:21:15,462 root DEBUG b'{"Event":"Calibrating","Timestamp":"178370.075198141","State":"West step  57, dist=12.5"}\r'
19:21:15,875 root DEBUG b'{"Event":"INDIServer","Timestamp":"178370.510532085","Msg":"2023-01-01T18:21:14: [DEBUG] CMD <:Mw00800#> "}\r'
19:21:18,537 root DEBUG b'{"Event":"Calibrating","Timestamp":"178373.148944194","State":"West step  58, dist=12.6"}\r'
19:21:18,938 root DEBUG b'{"Event":"INDIServer","Timestamp":"178373.590552361","Msg":"2023-01-01T18:21:18: [DEBUG] CMD <:Mw00800#> "}\r'
19:21:19,372 root DEBUG b'{"Event":"Version","Timestamp":"178374.023171805","name":"ASI AIR guider","svr_ver_string":"1.0","svr_ver_int":12}\r'
19:21:21,446 root DEBUG b'{"Event":"StarLost","Timestamp":"178376.098411878","Frame":491,"Time":178376.098,"StarMass":128,"SNR":7.58,"AvgDist":12.45,"ErrorCode":6,"Status":"Star lost - mass changed"}\r'
19:21:24,461 root DEBUG b'{"Event":"StarLost","Timestamp":"178379.111505821","Frame":492,"Time":178379.111,"StarMass":95,"SNR":6.52,"AvgDist":12.45,"ErrorCode":6,"Status":"Star lost - mass changed"}\r'
19:21:27,416 root DEBUG b'{"Event":"StarLost","Timestamp":"178382.063034911","Frame":493,"Time":178382.062,"StarMass":90,"SNR":6.24,"AvgDist":12.45,"ErrorCode":6,"Status":"Star lost - mass changed"}\r'
19:21:30,498 root DEBUG b'{"Event":"StarLost","Timestamp":"178385.144442391","Frame":494,"Time":178385.144,"StarMass":79,"SNR":5.92,"AvgDist":12.45,"ErrorCode":6,"Status":"Star lost - mass changed"}\r'
19:21:33,588 root DEBUG b'{"Event":"StarLost","Timestamp":"178388.148284686","Frame":495,"Time":178388.148,"StarMass":51,"SNR":4.76,"AvgDist":12.45,"ErrorCode":6,"Status":"Star lost - mass changed"}\r'
19:21:35,726 root DEBUG b'{"Event":"Version","Timestamp":"178390.378816684","name":"ASI AIR guider","svr_ver_string":"1.0","svr_ver_int":12}\r'
19:21:36,447 root DEBUG b'{"Event":"StarLost","Timestamp":"178391.099535684","Frame":496,"Time":178391.099,"StarMass":73,"SNR":5.69,"AvgDist":12.45,"ErrorCode":6,"Status":"Star lost - mass changed"}\r'
19:21:39,415 root DEBUG b'{"Event":"Calibrating","Timestamp":"178394.067345775","State":"West step  59, dist=13.5"}\r'
19:21:39,939 root DEBUG b'{"Event":"INDIServer","Timestamp":"178394.510540459","Msg":"2023-01-01T18:21:38: [DEBUG] CMD <:Mw00800#> "}\r'
19:21:42,500 root DEBUG b'{"Event":"Calibrating","Timestamp":"178397.122724199","State":"West step  60, dist=14.0"}\r'
19:21:42,921 root DEBUG b'{"Event":"INDIServer","Timestamp":"178397.570595180","Msg":"2023-01-01T18:21:41: [DEBUG] CMD <:Mw00800#> "}\r'
19:21:45,489 root DEBUG b'{"Event":"Calibrating","Timestamp":"178400.137923567","State":"West step  61, dist=14.0"}\r'
19:21:45,982 root DEBUG b'{"Event":"INDIServer","Timestamp":"178400.590545826","Msg":"2023-01-01T18:21:45: [DEBUG] CMD <:Mw00800#> "}\r'
19:21:48,543 root DEBUG b'{"Event":"StarLost","Timestamp":"178403.086979232","Frame":500,"Time":178403.086,"StarMass":0,"SNR":0.00,"AvgDist":13.91,"ErrorCode":2,"Status":"Star lost - low SNR"}\r'
19:21:51,508 root DEBUG b'{"Event":"StarLost","Timestamp":"178406.088218082","Frame":501,"Time":178406.088,"StarMass":58,"SNR":4.99,"AvgDist":13.91,"ErrorCode":6,"Status":"Star lost - mass changed"}\r'
19:21:52,0 root DEBUG b'{"Event":"Version","Timestamp":"178406.645432545","name":"ASI AIR guider","svr_ver_string":"1.0","svr_ver_int":12}\r'
19:21:54,461 root DEBUG b'{"Event":"StarLost","Timestamp":"178409.110945562","Frame":502,"Time":178409.110,"StarMass":0,"SNR":0.00,"AvgDist":13.91,"ErrorCode":2,"Status":"Star lost - low SNR"}\r'
19:21:57,554 root DEBUG b'{"Event":"Alert","Timestamp":"178412.123155875","Msg":"RA Calibration Failed: star did not move enough","Type":"info","code":418}\r'
19:21:57,554 root DEBUG b'{"Event":"CalibrationFailed","Timestamp":"178412.123368245","Mount":"iOptron CEM25/CEM60","Reason":""}\r'
19:21:57,554 root DEBUG b'{"Event":"LockPositionLost","Timestamp":"178412.123523486"}\r'
19:21:57,555 root DEBUG b'{"Event":"SettleDone","Timestamp":"178412.123646653","Status":1,"Error":"calibration failed","TotalFrames":0,"DroppedFrames":0}\r'
19:22:00,521 root DEBUG b'{"Event":"LoopingExposures","Timestamp":"178415.073451855","Frame":504}\r'
19:22:00,521 root DEBUG b'{"Event":"LockPositionSet","Timestamp":"178415.073817484","X":943.698,"Y":839.533}\r'
19:22:00,522 root DEBUG b'{"Event":"StarSelected","Timestamp":"178415.073966262","X":943.698,"Y":839.533}\r'
19:22:03,444 root DEBUG b'{"Event":"LoopingExposures","Timestamp":"178418.077041260","Frame":505}\r'
19:22:03,445 root DEBUG b'{"Event":"LockPositionLost","Timestamp":"178418.077415964"}\r'
19:22:03,445 root DEBUG b'{"Event":"StarLost","Timestamp":"178418.077546371","Frame":505,"Time":178418.077,"StarMass":0,"SNR":0.00,"AvgDist":14.23,"ErrorCode":2,"Status":"Star lost - low SNR"}\r'
19:22:06,518 root DEBUG b'{"Event":"LoopingExposures","Timestamp":"178421.169324907","Frame":506}\r'
19:22:07,90 root DEBUG b'{"Event":"Version","Timestamp":"178421.740323073","name":"ASI AIR guider","svr_ver_string":"1.0","svr_ver_int":12}\r'
