19:53:41,977 root DEBUG b'{"Event":"Version","Timestamp":"180316.688862939","name":"ASI AIR guider","svr_ver_string":"1.0","svr_ver_int":12}\r'
19:53:54,365 root DEBUG b'{"Event":"INDIServer","Timestamp":"180329.020707599","Msg":"2023-01-01T18:53:53: [SCOPE] CMD <> "}\r'
19:53:54,365 root DEBUG b'{"Event":"INDIServer","Timestamp":"180329.078491414","Msg":"2023-01-01T18:53:53: [SCOPE] RES <+028825498909110221#> "}\r'
19:53:54,366 root DEBUG b'{"Event":"INDIServer","Timestamp":"180329.078798062","Msg":"2023-01-01T18:53:53: [SCOPE] CMD <:GEC#> "}\r'
19:53:54,422 root DEBUG b'{"Event":"INDIServer","Timestamp":"180329.136121617","Msg":"2023-01-01T18:53:53: [SCOPE] RES <+0234172484548370#> "}\r'
19:53:55,387 root DEBUG b'{"Event":"LockPositionSet","Timestamp":"180330.062063746","X":991.919,"Y":1100.191}\r'
19:53:55,387 root DEBUG b'{"Event":"LoopingExposures","Timestamp":"180330.062314654","Frame":14}\r'
19:53:55,388 root DEBUG b'{"Event":"StarSelected","Timestamp":"180330.062616043","X":991.919,"Y":1100.191}\r'
19:53:56,130 root DEBUG b'{"Event":"LoopingExposures","Timestamp":"180330.844016024","Frame":1}\r'
19:53:57,160 root DEBUG b'{"Event":"Version","Timestamp":"180331.873147505","name":"ASI AIR guider","svr_ver_string":"1.0","svr_ver_int":12}\r'
19:53:57,537 root DEBUG b'{"Event":"INDIServer","Timestamp":"180332.240465634","Msg":"2023-01-01T18:53:56: [SCOPE] CMD <> "}\r'
19:53:57,586 root DEBUG b'{"Event":"INDIServer","Timestamp":"180332.297599393","Msg":"2023-01-01T18:53:56: [SCOPE] RES <+028825498909110221#> "}\r'
19:53:57,586 root DEBUG b'{"Event":"INDIServer","Timestamp":"180332.297960560","Msg":"2023-01-01T18:53:56: [SCOPE] CMD <:GEC#> "}\r'
19:53:57,647 root DEBUG b'{"Event":"INDIServer","Timestamp":"180332.354536189","Msg":"2023-01-01T18:53:56: [SCOPE] RES <+0234172484548440#> "}\r'
19:53:57,700 root DEBUG b'{"Event":"StartGuiding","Timestamp":"180332.412540375"}\r'
19:53:58,159 root DEBUG b'{"Event":"SettleBegin","Timestamp":"180332.850413189"}\r'
19:54:01,20 root DEBUG b'{"Event":"SettleDone","Timestamp":"180335.624412076","Status":0,"TotalFrames":1,"DroppedFrames":0}\r'
19:54:01,20 root DEBUG b'{"Event":"INDIServer","Timestamp":"180335.670517206","Msg":"2023-01-01T18:54:00: [DEBUG] CMD <:Mn00077#> "}\r'
19:54:01,21 root DEBUG b'{"Event":"GuideStep","Timestamp":"180335.702575613","Frame":1,"Time":3.345,"Mount":"iOptron CEM25/CEM60","dx":-0.348,"dy":0.093,"RADistanceRaw":-0.028,"DECDistanceRaw":-1.131,"RADistanceGuide":0.000,"DECDistanceGuide":-0.162,"DECDuration":77,"DECDirection":"North","IsSettle":0,"IsDither":0,"StarMass":1394,"SNR":25.35,"AvgDist":0.29}\r'
19:54:03,989 root DEBUG b'{"Event":"INDIServer","Timestamp":"180338.650609815","Msg":"2023-01-01T18:54:03: [DEBUG] CMD <:Me00024#> "}\r'
19:54:03,996 root DEBUG b'{"Event":"INDIServer","Timestamp":"180338.710564075","Msg":"2023-01-01T18:54:03: [DEBUG] CMD <:Mn00040#> "}\r'
19:54:04,59 root DEBUG b'{"Event":"GuideStep","Timestamp":"180338.771154056","Frame":2,"Time":6.414,"Mount":"iOptron CEM25/CEM60","dx":-0.216,"dy":-0.079,"RADistanceRaw":-0.430,"DECDistanceRaw":-0.593,"RADistanceGuide":-0.049,"DECDistanceGuide":-0.085,"RADuration":24,"RADirection":"East","DECDuration":40,"DECDirection":"North","IsSettle":0,"IsDither":0,"StarMass":1421,"SNR":25.67,"AvgDist":0.27}\r'
19:54:06,960 root DEBUG b'{"Event":"INDIServer","Timestamp":"180341.670551832","Msg":"2023-01-01T18:54:06: [DEBUG] CMD <:Mw00049#> "}\r'
19:54:07,18 root DEBUG b'{"Event":"INDIServer","Timestamp":"180341.730455665","Msg":"2023-01-01T18:54:06: [DEBUG] CMD <:Mn00036#> "}\r'
19:54:07,79 root DEBUG b'{"Event":"GuideStep","Timestamp":"180341.788211795","Frame":3,"Time":9.431,"Mount":"iOptron CEM25/CEM60","dx":-0.089,"dy":0.318,"RADistanceRaw":0.878,"DECDistanceRaw":-0.524,"RADistanceGuide":0.099,"DECDistanceGuide":-0.075,"RADuration":49,"RADirection":"West","DECDuration":36,"DECDirection":"North","IsSettle":0,"IsDither":0,"StarMass":1441,"SNR":25.78,"AvgDist":0.29}\r'
19:54:09,996 root DEBUG b'{"Event":"INDIServer","Timestamp":"180344.710529793","Msg":"2023-01-01T18:54:09: [DEBUG] CMD <:Me00067#> "}\r'
19:54:10,20 root DEBUG b'{"Event":"GuideStep","Timestamp":"180344.733045071","Frame":4,"Time":12.375,"Mount":"iOptron CEM25/CEM60","dx":-0.171,"dy":-0.352,"RADistanceRaw":-1.211,"DECDistanceRaw":-0.237,"RADistanceGuide":-0.135,"DECDistanceGuide":0.000,"RADuration":67,"RADirection":"East","IsSettle":0,"IsDither":0,"StarMass":1442,"SNR":25.92,"AvgDist":0.32}\r'
19:54:13,10 root DEBUG b'{"Event":"INDIServer","Timestamp":"180347.720549754","Msg":"2023-01-01T18:54:12: [DEBUG] CMD <:Me00052#> "}\r'
19:54:13,20 root DEBUG b'{"Event":"GuideStep","Timestamp":"180347.730032162","Frame":5,"Time":15.372,"Mount":"iOptron CEM25/CEM60","dx":0.000,"dy":-0.292,"RADistanceRaw":-0.879,"DECDistanceRaw":0.235,"RADistanceGuide":-0.106,"DECDistanceGuide":0.000,"RADuration":52,"RADirection":"East","IsSettle":0,"IsDither":0,"StarMass":1351,"SNR":24.98,"AvgDist":0.31}\r'
19:54:13,69 root DEBUG b'{"Event":"Version","Timestamp":"180347.781767699","name":"ASI AIR guider","svr_ver_string":"1.0","svr_ver_int":12}\r'
19:54:15,994 root DEBUG b'{"Event":"INDIServer","Timestamp":"180350.700653290","Msg":"2023-01-01T18:54:15: [DEBUG] CMD <:Mn00023#> "}\r'
19:54:16,9 root DEBUG b'{"Event":"GuideStep","Timestamp":"180350.710337178","Frame":6,"Time":18.353,"Mount":"iOptron CEM25/CEM60","dx":-0.130,"dy":-0.065,"RADistanceRaw":-0.311,"DECDistanceRaw":-0.341,"RADistanceGuide":0.000,"DECDistanceGuide":-0.049,"DECDuration":23,"DECDirection":"North","IsSettle":0,"IsDither":0,"StarMass":1384,"SNR":25.24,"AvgDist":0.26}\r'
19:54:18,941 root DEBUG b'{"Event":"GuideStep","Timestamp":"180353.607441955","Frame":7,"Time":21.250,"Mount":"iOptron CEM25/CEM60","dx":-0.033,"dy":-0.069,"RADistanceRaw":-0.236,"DECDistanceRaw":-0.045,"RADistanceGuide":0.000,"DECDistanceGuide":0.000,"IsSettle":0,"IsDither":0,"StarMass":1367,"SNR":25.15,"AvgDist":0.21}\r'
19:54:22,13 root DEBUG b'{"Event":"GuideStep","Timestamp":"180356.657296786","Frame":8,"Time":24.300,"Mount":"iOptron CEM25/CEM60","dx":0.018,"dy":-0.090,"RADistanceRaw":-0.253,"DECDistanceRaw":0.128,"RADistanceGuide":0.000,"DECDistanceGuide":0.000,"IsSettle":0,"IsDither":0,"StarMass":1239,"SNR":23.97,"AvgDist":0.17}\r'
19:54:25,25 root DEBUG b'{"Event":"INDIServer","Timestamp":"180359.740585358","Msg":"2023-01-01T18:54:24: [DEBUG] CMD <:Me00035#> "}\r'
19:54:25,35 root DEBUG b'{"Event":"GuideStep","Timestamp":"180359.749546914","Frame":9,"Time":27.392,"Mount":"iOptron CEM25/CEM60","dx":-0.026,"dy":-0.199,"RADistanceRaw":-0.624,"DECDistanceRaw":0.080,"RADistanceGuide":-0.071,"DECDistanceGuide":0.000,"RADuration":35,"RADirection":"East","IsSettle":0,"IsDither":0,"StarMass":1434,"SNR":25.67,"AvgDist":0.18}\r'
19:54:28,35 root DEBUG b'{"Event":"INDIServer","Timestamp":"180362.750565134","Msg":"2023-01-01T18:54:27: [DEBUG] CMD <:Me00023#> "}\r'
19:54:28,41 root DEBUG b'{"Event":"GuideStep","Timestamp":"180362.756464116","Frame":10,"Time":30.399,"Mount":"iOptron CEM25/CEM60","dx":-0.050,"dy":-0.112,"RADistanceRaw":-0.382,"DECDistanceRaw":-0.063,"RADistanceGuide":-0.047,"DECDistanceGuide":0.000,"RADuration":23,"RADirection":"East","IsSettle":0,"IsDither":0,"StarMass":1401,"SNR":25.34,"AvgDist":0.16}\r'
19:54:29,450 root DEBUG b'{"Event":"Version","Timestamp":"180364.165396411","name":"ASI AIR guider","svr_ver_string":"1.0","svr_ver_int":12}\r'
19:54:31,29 root DEBUG b'{"Event":"INDIServer","Timestamp":"180365.660552410","Msg":"2023-01-01T18:54:30: [DEBUG] CMD <:Mw00031#> "}\r'
19:54:31,30 root DEBUG b'{"Event":"GuideStep","Timestamp":"180365.669205484","Frame":11,"Time":33.312,"Mount":"iOptron CEM25/CEM60","dx":0.115,"dy":0.155,"RADistanceRaw":0.570,"DECDistanceRaw":0.226,"RADistanceGuide":0.064,"DECDistanceGuide":0.000,"RADuration":31,"RADirection":"West","IsSettle":0,"IsDither":0,"StarMass":1281,"SNR":24.18,"AvgDist":0.17}\r'
19:54:33,976 root DEBUG b'{"Event":"INDIServer","Timestamp":"180368.690532520","Msg":"2023-01-01T18:54:33: [DEBUG] CMD <:Mw00028#> "}\r'
19:54:33,985 root DEBUG b'{"Event":"GuideStep","Timestamp":"180368.696256668","Frame":12,"Time":36.339,"Mount":"iOptron CEM25/CEM60","dx":0.040,"dy":0.147,"RADistanceRaw":0.477,"DECDistanceRaw":0.006,"RADistanceGuide":0.057,"DECDistanceGuide":0.000,"RADuration":28,"RADirection":"West","IsSettle":0,"IsDither":0,"StarMass":1385,"SNR":25.34,"AvgDist":0.17}\r'
19:54:36,964 root DEBUG b'{"Event":"GuideStep","Timestamp":"180371.658112185","Frame":13,"Time":39.301,"Mount":"iOptron CEM25/CEM60","dx":0.063,"dy":0.017,"RADistanceRaw":0.106,"DECDistanceRaw":0.177,"RADistanceGuide":0.000,"DECDistanceGuide":0.000,"IsSettle":0,"IsDither":0,"StarMass":1265,"SNR":24.20,"AvgDist":0.14}\r'
19:54:40,37 root DEBUG b'{"Event":"GuideStep","Timestamp":"180374.703378701","Frame":14,"Time":42.346,"Mount":"iOptron CEM25/CEM60","dx":0.126,"dy":-0.003,"RADistanceRaw":0.102,"DECDistanceRaw":0.386,"RADistanceGuide":0.000,"DECDistanceGuide":0.000,"IsSettle":0,"IsDither":0,"StarMass":1273,"SNR":24.35,"AvgDist":0.13}\r'
19:54:43,82 root DEBUG b'{"Event":"INDIServer","Timestamp":"180377.670553477","Msg":"2023-01-01T18:54:42: [DEBUG] CMD <:Mw00018#> "}\r'
19:54:43,83 root DEBUG b'{"Event":"GuideStep","Timestamp":"180377.675648496","Frame":15,"Time":45.318,"Mount":"iOptron CEM25/CEM60","dx":0.114,"dy":0.075,"RADistanceRaw":0.326,"DECDistanceRaw":0.286,"RADistanceGuide":0.037,"DECDistanceGuide":0.000,"RADuration":18,"RADirection":"West","IsSettle":0,"IsDither":0,"StarMass":1331,"SNR":24.94,"AvgDist":0.13}\r'
19:54:46,82 root DEBUG b'{"Event":"GuideStep","Timestamp":"180380.688542401","Frame":16,"Time":48.331,"Mount":"iOptron CEM25/CEM60","dx":0.028,"dy":-0.007,"RADistanceRaw":0.004,"DECDistanceRaw":0.092,"RADistanceGuide":0.000,"DECDistanceGuide":0.000,"IsSettle":0,"IsDither":0,"StarMass":1317,"SNR":24.77,"AvgDist":0.10}\r'
19:54:46,110 root DEBUG b'{"Event":"Version","Timestamp":"180380.822656031","name":"ASI AIR guider","svr_ver_string":"1.0","svr_ver_int":12}\r'
19:54:48,943 root DEBUG b'{"Event":"GuideStep","Timestamp":"180383.652841696","Frame":17,"Time":51.295,"Mount":"iOptron CEM25/CEM60","dx":-0.016,"dy":-0.069,"RADistanceRaw":-0.221,"DECDistanceRaw":0.008,"RADistanceGuide":0.000,"DECDistanceGuide":0.000,"IsSettle":0,"IsDither":0,"StarMass":1159,"SNR":23.12,"AvgDist":0.09}\r'
19:54:52,126 root DEBUG b'{"Event":"INDIServer","Timestamp":"180386.760669527","Msg":"2023-01-01T18:54:51: [DEBUG] CMD <:Me00018#> "}\r'
19:54:52,127 root DEBUG b'{"Event":"GuideStep","Timestamp":"180386.770608472","Frame":18,"Time":54.413,"Mount":"iOptron CEM25/CEM60","dx":0.077,"dy":-0.131,"RADistanceRaw":-0.325,"DECDistanceRaw":0.340,"RADistanceGuide":-0.037,"DECDistanceGuide":0.000,"RADuration":18,"RADirection":"East","IsSettle":0,"IsDither":0,"StarMass":1311,"SNR":24.67,"AvgDist":0.11}\r'
19:54:54,985 root DEBUG b'{"Event":"GuideStep","Timestamp":"180389.628351526","Frame":19,"Time":57.271,"Mount":"iOptron CEM25/CEM60","dx":0.038,"dy":-0.010,"RADistanceRaw":0.005,"DECDistanceRaw":0.123,"RADistanceGuide":0.000,"DECDistanceGuide":0.000,"IsSettle":0,"IsDither":0,"StarMass":1335,"SNR":24.88,"AvgDist":0.09}\r'
19:54:57,961 root DEBUG b'{"Event":"GuideStep","Timestamp":"180392.674893728","Frame":20,"Time":60.317,"Mount":"iOptron CEM25/CEM60","dx":-0.024,"dy":0.048,"RADistanceRaw":0.123,"DECDistanceRaw":-0.113,"RADistanceGuide":0.000,"DECDistanceGuide":0.000,"IsSettle":0,"IsDither":0,"StarMass":1368,"SNR":25.16,"AvgDist":0.08}\r'
19:55:01,33 root DEBUG b'{"Event":"GuideStep","Timestamp":"180395.725755948","Frame":21,"Time":63.368,"Mount":"iOptron CEM25/CEM60","dx":0.037,"dy":0.061,"RADistanceRaw":0.217,"DECDistanceRaw":0.064,"RADistanceGuide":0.000,"DECDistanceGuide":0.000,"IsSettle":0,"IsDither":0,"StarMass":1454,"SNR":25.96,"AvgDist":0.08}\r'
19:55:02,458 root DEBUG b'{"Event":"Version","Timestamp":"180397.167619021","name":"ASI AIR guider","svr_ver_string":"1.0","svr_ver_int":12}\r'
19:55:03,955 root DEBUG b'{"Event":"GuideStep","Timestamp":"180398.666872594","Frame":22,"Time":66.309,"Mount":"iOptron CEM25/CEM60","dx":0.014,"dy":0.024,"RADistanceRaw":0.084,"DECDistanceRaw":0.025,"RADistanceGuide":0.000,"DECDistanceGuide":0.000,"IsSettle":0,"IsDither":0,"StarMass":1385,"SNR":25.23,"AvgDist":0.06}\r'
19:55:06,968 root DEBUG b'{"Event":"GuideStep","Timestamp":"180401.647059537","Frame":23,"Time":69.289,"Mount":"iOptron CEM25/CEM60","dx":-0.091,"dy":0.055,"RADistanceRaw":0.085,"DECDistanceRaw":-0.320,"RADistanceGuide":0.000,"DECDistanceGuide":0.000,"IsSettle":0,"IsDither":0,"StarMass":1328,"SNR":24.75,"AvgDist":0.08}\r'
19:55:10,40 root DEBUG b'{"Event":"INDIServer","Timestamp":"180404.740557887","Msg":"2023-01-01T18:55:09: [DEBUG] CMD <:Mw00046#> "}\r'
19:55:10,41 root DEBUG b'{"Event":"GuideStep","Timestamp":"180404.746789980","Frame":24,"Time":72.389,"Mount":"iOptron CEM25/CEM60","dx":-0.014,"dy":0.272,"RADistanceRaw":0.806,"DECDistanceRaw":-0.259,"RADistanceGuide":0.092,"DECDistanceGuide":0.000,"RADuration":46,"RADirection":"West","IsSettle":0,"IsDither":0,"StarMass":1386,"SNR":25.28,"AvgDist":0.13}\r'
19:55:13,18 root DEBUG b'{"Event":"INDIServer","Timestamp":"180407.730575867","Msg":"2023-01-01T18:55:12: [DEBUG] CMD <:Me00017#> "}\r'
19:55:13,26 root DEBUG b'{"Event":"GuideStep","Timestamp":"180407.741298348","Frame":25,"Time":75.384,"Mount":"iOptron CEM25/CEM60","dx":-0.067,"dy":-0.089,"RADistanceRaw":-0.328,"DECDistanceRaw":-0.133,"RADistanceGuide":-0.034,"DECDistanceGuide":0.000,"RADuration":17,"RADirection":"East","IsSettle":0,"IsDither":0,"StarMass":1337,"SNR":24.85,"AvgDist":0.13}\r'
19:55:15,991 root DEBUG b'{"Event":"GuideStep","Timestamp":"180410.703053420","Frame":26,"Time":78.345,"Mount":"iOptron CEM25/CEM60","dx":-0.042,"dy":0.098,"RADistanceRaw":0.259,"DECDistanceRaw":-0.205,"RADistanceGuide":0.000,"DECDistanceGuide":0.000,"IsSettle":0,"IsDither":0,"StarMass":1391,"SNR":25.42,"AvgDist":0.12}\r'
19:55:18,960 root DEBUG b'{"Event":"GuideStep","Timestamp":"180413.627706604","Frame":27,"Time":81.270,"Mount":"iOptron CEM25/CEM60","dx":0.073,"dy":0.071,"RADistanceRaw":0.277,"DECDistanceRaw":0.165,"RADistanceGuide":0.000,"DECDistanceGuide":0.000,"IsSettle":0,"IsDither":0,"StarMass":1330,"SNR":24.91,"AvgDist":0.12}\r'
19:55:18,992 root DEBUG b'{"Event":"Version","Timestamp":"180413.704413567","name":"ASI AIR guider","svr_ver_string":"1.0","svr_ver_int":12}\r'
19:55:22,6 root DEBUG b'{"Event":"INDIServer","Timestamp":"180416.710599306","Msg":"2023-01-01T18:55:21: [DEBUG] CMD <:Mw00033#> "}\r'
19:55:22,6 root DEBUG b'{"Event":"GuideStep","Timestamp":"180416.714619065","Frame":28,"Time":84.357,"Mount":"iOptron CEM25/CEM60","dx":-0.022,"dy":0.202,"RADistanceRaw":0.590,"DECDistanceRaw":-0.228,"RADistanceGuide":0.068,"DECDistanceGuide":0.000,"RADuration":33,"RADirection":"West","IsSettle":0,"IsDither":0,"StarMass":1494,"SNR":26.38,"AvgDist":0.14}\r'
19:55:24,996 root DEBUG b'{"Event":"INDIServer","Timestamp":"180419.710543619","Msg":"2023-01-01T18:55:24: [DEBUG] CMD <:Mw00063#> "}\r'
19:55:25,17 root DEBUG b'{"Event":"GuideStep","Timestamp":"180419.731602174","Frame":29,"Time":87.374,"Mount":"iOptron CEM25/CEM60","dx":-0.003,"dy":0.365,"RADistanceRaw":1.097,"DECDistanceRaw":-0.303,"RADistanceGuide":0.129,"DECDistanceGuide":0.000,"RADuration":63,"RADirection":"West","IsSettle":0,"IsDither":0,"StarMass":1447,"SNR":25.96,"AvgDist":0.21}\r'
19:55:28,161 root DEBUG b'{"Event":"INDIServer","Timestamp":"180422.770597913","Msg":"2023-01-01T18:55:27: [DEBUG] CMD <:Mw00029#> "}\r'
19:55:28,162 root DEBUG b'{"Event":"GuideStep","Timestamp":"180422.771998265","Frame":30,"Time":90.414,"Mount":"iOptron CEM25/CEM60","dx":0.050,"dy":0.144,"RADistanceRaw":0.477,"DECDistanceRaw":0.036,"RADistanceGuide":0.060,"DECDistanceGuide":0.000,"RADuration":29,"RADirection":"West","IsSettle":0,"IsDither":0,"StarMass":1382,"SNR":25.46,"AvgDist":0.19}\r'
19:55:31,29 root DEBUG b'{"Event":"INDIServer","Timestamp":"180425.670823171","Msg":"2023-01-01T18:55:30: [DEBUG] CMD <:Me00029#> "}\r'
19:55:31,30 root DEBUG b'{"Event":"GuideStep","Timestamp":"180425.678512467","Frame":31,"Time":93.321,"Mount":"iOptron CEM25/CEM60","dx":-0.072,"dy":-0.157,"RADistanceRaw":-0.538,"DECDistanceRaw":-0.094,"RADistanceGuide":-0.059,"DECDistanceGuide":0.000,"RADuration":29,"RADirection":"East","IsSettle":0,"IsDither":0,"StarMass":1329,"SNR":24.94,"AvgDist":0.19}\r'
