19:53:41,977 root DEBUG b'{"Event":"Version","Timestamp":"180316.688862939","name":"ASI AIR guider","svr_ver_string":"1.0","svr_ver_int":12}\r'
19:53:54,365 root DEBUG b'{"Event":"INDIServer","Timestamp":"180329.020707599","Msg":"2023-01-01T18:53:53: [SCOPE] CMD <> "}\r'
19:53:54,365 root DEBUG b'{"Event":"INDIServer","Timestamp":"180329.078491414","Msg":"2023-01-01T18:53:53: [SCOPE] RES <+028825498909110221#> "}\r'
19:53:54,366 root DEBUG b'{"Event":"INDIServer","Timestamp":"180329.078798062","Msg":"2023-01-01T18:53:53: [SCOPE] CMD <:GEC#> "}\r'
19:53:54,422 root DEBUG b'{"Event":"INDIServer","Timestamp":"180329.136121617","Msg":"2023-01-01T18:53:53: [SCOPE] RES <+0234172484548370#> "}\r'
19:53:55,387 root DEBUG b'{"Event":"LockPositionSet","Timestamp":"180330.062063746","X":991.919,"Y":1100.191}\r'
19:53:55,387 root DEBUG b'{"Event":"LoopingExposures","Timestamp":"180330.062314654","Frame":14}\r'
19:53:55,388 root DEBUG b'{"Event":"StarSelected","Timestamp":"180330.062616043","X":991.919,"Y":1100.191}\r'
19:53:56,130 root DEBUG b'{"Event":"LoopingExposures","Timestamp":"180330.844016024","Frame":1}\r'
19:53:57,160 root DEBUG b'{"Event":"Version","Timestamp":"180331.873147505","name":"ASI AIR guider","svr_ver_string":"1.0","svr_ver_int":12}\r'
19:53:57,537 root DEBUG b'{"Event":"INDIServer","Timestamp":"180332.240465634","Msg":"2023-01-01T18:53:56: [SCOPE] CMD <> "}\r'
19:53:57,586 root DEBUG b'{"Event":"INDIServer","Timestamp":"180332.297599393","Msg":"2023-01-01T18:53:56: [SCOPE] RES <+028825498909110221#> "}\r'
19:53:57,586 root DEBUG b'{"Event":"INDIServer","Timestamp":"180332.297960560","Msg":"2023-01-01T18:53:56: [SCOPE] CMD <:GEC#> "}\r'
19:53:57,647 root DEBUG b'{"Event":"INDIServer","Timestamp":"180332.354536189","Msg":"2023-01-01T18:53:56: [SCOPE] RES <+0234172484548440#> "}\r'
19:53:57,700 root DEBUG b'{"Event":"StartGuiding","Timestamp":"180332.412540375"}\r'
19:53:58,159 root DEBUG b'{"Event":"SettleBegin","Timestamp":"180332.850413189"}\r'
19:54:01,20 root DEBUG b'{"Event":"SettleDone","Timestamp":"180335.624412076","Status":0,"TotalFrames":1,"DroppedFrames":0}\r'
19:54:01,20 root DEBUG b'{"Event":"INDIServer","Timestamp":"180335.670517206","Msg":"2023-01-01T18:54:00: [DEBUG] CMD <:Mn00077#> "}\r'
19:54:01,21 root DEBUG b'{"Event":"GuideStep","Timestamp":"180335.702575613","Frame":1,"Time":3.345,"Mount":"iOptron CEM25/CEM60","dx":-0.348,"dy":0.093,"RADistanceRaw":-0.028,"DECDistanceRaw":-1.131,"RADistanceGuide":0.000,"DECDistanceGuide":-0.162,"DECDuration":77,"DECDirection":"North","IsSettle":0,"IsDither":0,"StarMass":1394,"SNR":25.35,"AvgDist":0.29}\r'
19:54:03,989 root DEBUG b'{"Event":"INDIServer","Timestamp":"180338.650609815","Msg":"2023-01-01T18:54:03: [DEBUG] CMD <:Me00024#> "}\r'
19:54:03,996 root DEBUG b'{"Event":"INDIServer","Timestamp":"180338.710564075","Msg":"2023-01-01T18:54:03: [DEBUG] CMD <:Mn00040#> "}\r'
19:54:04,59 root DEBUG b'{"Event":"GuideStep","Timestamp":"180338.771154056","Frame":2,"Time":6.414,"Mount":"iOptron CEM25/CEM60","dx":-0.216,"dy":-0.079,"RADistanceRaw":-0.430,"DECDistanceRaw":-0.593,"RADistanceGuide":-0.049,"DECDistanceGuide":-0.085,"RADuration":24,"RADirection":"East","DECDuration":40,"DECDirection":"North","IsSettle":0,"IsDither":0,"StarMass":1421,"SNR":25.67,"AvgDist":0.27}\r'
19:54:06,960 root DEBUG b'{"Event":"INDIServer","Timestamp":"180341.670551832","Msg":"2023-01-01T18:54:06: [DEBUG] CMD <:Mw00049#> "}\r'
19:54:07,18 root DEBUG b'{"Event":"INDIServer","Timestamp":"180341.730455665","Msg":"2023-01-01T18:54:06: [DEBUG] CMD <:Mn00036#> "}\r'
19:54:07,79 root DEBUG b'{"Event":"GuideStep","Timestamp":"180341.788211795","Frame":3,"Time":9.431,"Mount":"iOptron CEM25/CEM60","dx":-0.089,"dy":0.318,"RADistanceRaw":0.878,"DECDistanceRaw":-0.524,"RADistanceGuide":0.099,"DECDistanceGuide":-0.075,"RADuration":49,"RADirection":"West","DECDuration":36,"DECDirection":"North","IsSettle":0,"IsDither":0,"StarMass":1441,"SNR":25.78,"AvgDist":0.29}\r'
19:54:09,996 root DEBUG b'{"Event":"INDIServer","Timestamp":"180344.710529793","Msg":"2023-01-01T18:54:09: [DEBUG] CMD <:Me00067#> "}\r'
19:54:10,20 root DEBUG b'{"Event":"GuideStep","Timestamp":"180344.733045071","Frame":4,"Time":12.375,"Mount":"iOptron CEM25/CEM60","dx":-0.171,"dy":-0.352,"RADistanceRaw":-1.211,"DECDistanceRaw":-0.237,"RADistanceGuide":-0.135,"DECDistanceGuide":0.000,"RADuration":67,"RADirection":"East","IsSettle":0,"IsDither":0,"StarMass":1442,"SNR":25.92,"AvgDist":0.32}\r'
19:54:13,10 root DEBUG b'{"Event":"INDIServer","Timestamp":"180347.720549754","Msg":"2023-01-01T18:54:12: [DEBUG] CMD <:Me00052#> "}\r'
19:54:13,20 root DEBUG b'{"Event":"GuideStep","Timestamp":"180347.730032162","Frame":5,"Time":15.372,"Mount":"iOptron CEM25/CEM60","dx":0.000,"dy":-0.292,"RADistanceRaw":-0.879,"DECDistanceRaw":0.235,"RADistanceGuide":-0.106,"DECDistanceGuide":0.000,"RADuration":52,"RADirection":"East","IsSettle":0,"IsDither":0,"StarMass":1351,"SNR":24.98,"AvgDist":0.31}\r'
19:54:13,69 root DEBUG b'{"Event":"Version","Timestamp":"180347.781767699","name":"ASI AIR guider","svr_ver_string":"1.0","svr_ver_int":12}\r'
19:54:15,994 root DEBUG b'{"Event":"INDIServer","Timestamp":"180350.700653290","Msg":"2023-01-01T18:54:15: [DEBUG] CMD <:Mn00023#> "}\r'
19:54:16,9 root DEBUG b'{"Event":"GuideStep","Timestamp":"180350.710337178","Frame":6,"Time":18.353,"Mount":"iOptron CEM25/CEM60","dx":-0.130,"dy":-0.065,"RADistanceRaw":-0.311,"DECDistanceRaw":-0.341,"RADistanceGuide":0.000,"DECDistanceGuide":-0.049,"DECDuration":23,"DECDirection":"North","IsSettle":0,"IsDither":0,"StarMass":1384,"SNR":25.24,"AvgDist":0.26}\r'
19:54:18,941 root DEBUG b'{"Event":"GuideStep","Timestamp":"180353.607441955","Frame":7,"Time":21.250,"Mount":"iOptron CEM25/CEM60","dx":-0.033,"dy":-0.069,"RADistanceRaw":-0.236,"DECDistanceRaw":-0.045,"RADistanceGuide":0.000,"DECDistanceGuide":0.000,"IsSettle":0,"IsDither":0,"StarMass":1367,"SNR":25.15,"AvgDist":0.21}\r'
19:54:22,13 root DEBUG b'{"Event":"GuideStep","Timestamp":"180356.657296786","Frame":8,"Time":24.300,"Mount":"iOptron CEM25/CEM60","dx":0.018,"dy":-0.090,"RADistanceRaw":-0.253,"DECDistanceRaw":0.128,"RADistanceGuide":0.000,"DECDistanceGuide":0.000,"IsSettle":0,"IsDither":0,"StarMass":1239,"SNR":23.97,"AvgDist":0.17}\r'
19:54:25,25 root DEBUG b'{"Event":"INDIServer","Timestamp":"180359.740585358","Msg":"2023-01-01T18:54:24: [DEBUG] CMD <:Me00035#> "}\r'
19:54:25,35 root DEBUG b'{"Event":"GuideStep","Timestamp":"180359.749546914","Frame":9,"Time":27.392,"Mount":"iOptron CEM25/CEM60","dx":-0.026,"dy":-0.199,"RADistanceRaw":-0.624,"DECDistanceRaw":0.080,"RADistanceGuide":-0.071,"DECDistanceGuide":0.000,"RADuration":35,"RADirection":"East","IsSettle":0,"IsDither":0,"StarMass":1434,"SNR":25.67,"AvgDist":0.18}\r'
19:54:28,35 root DEBUG b'{"Event":"INDIServer","Timestamp":"180362.750565134","Msg":"2023-01-01T18:54:27: [DEBUG] CMD <:Me00023#> "}\r'
19:54:28,41 root DEBUG b'{"Event":"GuideStep","Timestamp":"180362.756464116","Frame":10,"Time":30.399,"Mount":"iOptron CEM25/CEM60","dx":-0.050,"dy":-0.112,"RADistanceRaw":-0.382,"DECDistanceRaw":-0.063,"RADistanceGuide":-0.047,"DECDistanceGuide":0.000,"RADuration":23,"RADirection":"East","IsSettle":0,"IsDither":0,"StarMass":1401,"SNR":25.34,"AvgDist":0.16}\r'
19:54:29,450 root DEBUG b'{"Event":"Version","Timestamp":"180364.165396411","name":"ASI AIR guider","svr_ver_string":"1.0","svr_ver_int":12}\r'
19:54:31,29 root DEBUG b'{"Event":"INDIServer","Timestamp":"180365.660552410","Msg":"2023-01-01T18:54:30: [DEBUG] CMD <:Mw00031#> "}\r'
19:54:31,30 root DEBUG b'{"Event":"GuideStep","Timestamp":"180365.669205484","Frame":11,"Time":33.312,"Mount":"iOptron CEM25/CEM60","dx":0.115,"dy":0.155,"RADistanceRaw":0.570,"DECDistanceRaw":0.226,"RADistanceGuide":0.064,"DECDistanceGuide":0.000,"RADuration":31,"RADirection":"West","IsSettle":0,"IsDither":0,"StarMass":1281,"SNR":24.18,"AvgDist":0.17}\r'
19:54:33,976 root DEBUG b'{"Event":"INDIServer","Timestamp":"180368.690532520","Msg":"2023-01-01T18:54:33: [DEBUG] CMD <:Mw00028#> "}\r'
19:54:33,985 root DEBUG b'{"Event":"GuideStep","Timestamp":"180368.696256668","Frame":12,"Time":36.339,"Mount":"iOptron CEM25/CEM60","dx":0.040,"dy":0.147,"RADistanceRaw":0.477,"DECDistanceRaw":0.006,"RADistanceGuide":0.057,"DECDistanceGuide":0.000,"RADuration":28,"RADirection":"West","IsSettle":0,"IsDither":0,"StarMass":1385,"SNR":25.34,"AvgDist":0.17}\r'
19:54:36,964 root DEBUG b'{"Event":"GuideStep","Timestamp":"180371.658112185","Frame":13,"Time":39.301,"Mount":"iOptron CEM25/CEM60","dx":0.063,"dy":0.017,"RADistanceRaw":0.106,"DECDistanceRaw":0.177,"RADistanceGuide":0.000,"DECDistanceGuide":0.000,"IsSettle":0,"IsDither":0,"StarMass":1265,"SNR":24.20,"AvgDist":0.14}\r'
19:54:40,37 root DEBUG b'{"Event":"GuideStep","Timestamp":"180374.703378701","Frame":14,"Time":42.346,"Mount":"iOptron CEM25/CEM60","dx":0.126,"dy":-0.003,"RADistanceRaw":0.102,"DECDistanceRaw":0.386,"RADistanceGuide":0.000,"DECDistanceGuide":0.000,"IsSettle":0,"IsDither":0,"StarMass":1273,"SNR":24.35,"AvgDist":0.13}\r'
19:54:43,82 root DEBUG b'{"Event":"INDIServer","Timestamp":"180377.670553477","Msg":"2023-01-01T18:54:42: [DEBUG] CMD <:Mw00018#> "}\r'
19:54:43,83 root DEBUG b'{"Event":"GuideStep","Timestamp":"180377.675648496","Frame":15,"Time":45.318,"Mount":"iOptron CEM25/CEM60","dx":0.114,"dy":0.075,"RADistanceRaw":0.326,"DECDistanceRaw":0.286,"RADistanceGuide":0.037,"DECDistanceGuide":0.000,"RADuration":18,"RADirection":"West","IsSettle":0,"IsDither":0,"StarMass":1331,"SNR":24.94,"AvgDist":0.13}\r'
19:54:46,82 root DEBUG b'{"Event":"GuideStep","Timestamp":"180380.688542401","Frame":16,"Time":48.331,"Mount":"iOptron CEM25/CEM60","dx":0.028,"dy":-0.007,"RADistanceRaw":0.004,"DECDistanceRaw":0.092,"RADistanceGuide":0.000,"DECDistanceGuide":0.000,"IsSettle":0,"IsDither":0,"StarMass":1317,"SNR":24.77,"AvgDist":0.10}\r'
19:54:46,110 root DEBUG b'{"Event":"Version","Timestamp":"180380.822656031","name":"ASI AIR guider","svr_ver_string":"1.0","svr_ver_int":12}\r'
19:54:48,943 root DEBUG b'{"Event":"GuideStep","Timestamp":"180383.652841696","Frame":17,"Time":51.295,"Mount":"iOptron CEM25/CEM60","dx":-0.016,"dy":-0.069,"RADistanceRaw":-0.221,"DECDistanceRaw":0.008,"RADistanceGuide":0.000,"DECDistanceGuide":0.000,"IsSettle":0,"IsDither":0,"StarMass":1159,"SNR":23.12,"AvgDist":0.09}\r'
19:54:52,126 root DEBUG b'{"Event":"INDIServer","Timestamp":"180386.760669527","Msg":"2023-01-01T18:54:51: [DEBUG] CMD <:Me00018#> "}\r'
19:54:52,127 root DEBUG b'{"Event":"GuideStep","Timestamp":"180386.770608472","Frame":18,"Time":54.413,"Mount":"iOptron CEM25/CEM60","dx":0.077,"dy":-0.131,"RADistanceRaw":-0.325,"DECDistanceRaw":0.340,"RADistanceGuide":-0.037,"DECDistanceGuide":0.000,"RADuration":18,"RADirection":"East","IsSettle":0,"IsDither":0,"StarMass":1311,"SNR":24.67,"AvgDist":0.11}\r'
19:54:54,985 root DEBUG b'{"Event":"GuideStep","Timestamp":"180389.628351526","Frame":19,"Time":57.271,"Mount":"iOptron CEM25/CEM60","dx":0.038,"dy":-0.010,"RADistanceRaw":0.005,"DECDistanceRaw":0.123,"RADistanceGuide":0.000,"DECDistanceGuide":0.000,"IsSettle":0,"IsDither":0,"StarMass":1335,"SNR":24.88,"AvgDist":0.09}\r'
19:54:57,961 root DEBUG b'{"Event":"GuideStep","Timestamp":"180392.674893728","Frame":20,"Time":60.317,"Mount":"iOptron CEM25/CEM60","dx":-0.024,"dy":0.048,"RADistanceRaw":0.123,"DECDistanceRaw":-0.113,"RADistanceGuide":0.000,"DECDistanceGuide":0.000,"IsSettle":0,"IsDither":0,"StarMass":1368,"SNR":25.16,"AvgDist":0.08}\r'
19:55:01,33 root DEBUG b'{"Event":"GuideStep","Timestamp":"180395.725755948","Frame":21,"Time":63.368,"Mount":"iOptron CEM25/CEM60","dx":0.037,"dy":0.061,"RADistanceRaw":0.217,"DECDistanceRaw":0.064,"RADistanceGuide":0.000,"DECDistanceGuide":0.000,"IsSettle":0,"IsDither":0,"StarMass":1454,"SNR":25.96,"AvgDist":0.08}\r'
19:55:02,458 root DEBUG b'{"Event":"Version","Timestamp":"180397.167619021","name":"ASI AIR guider","svr_ver_string":"1.0","svr_ver_int":12}\r'
19:55:03,955 root DEBUG b'{"Event":"GuideStep","Timestamp":"180398.666872594","Frame":22,"Time":66.309,"Mount":"iOptron CEM25/CEM60","dx":0.014,"dy":0.024,"RADistanceRaw":0.084,"DECDistanceRaw":0.025,"RADistanceGuide":0.000,"DECDistanceGuide":0.000,"IsSettle":0,"IsDither":0,"StarMass":1385,"SNR":25.23,"AvgDist":0.06}\r'
19:55:06,968 root DEBUG b'{"Event":"GuideStep","Timestamp":"180401.647059537","Frame":23,"Time":69.289,"Mount":"iOptron CEM25/CEM60","dx":-0.091,"dy":0.055,"RADistanceRaw":0.085,"DECDistanceRaw":-0.320,"RADistanceGuide":0.000,"DECDistanceGuide":0.000,"IsSettle":0,"IsDither":0,"StarMass":1328,"SNR":24.75,"AvgDist":0.08}\r'
19:55:10,40 root DEBUG b'{"Event":"INDIServer","Timestamp":"180404.740557887","Msg":"2023-01-01T18:55:09: [DEBUG] CMD <:Mw00046#> "}\r'
19:55:10,41 root DEBUG b'{"Event":"GuideStep","Timestamp":"180404.746789980","Frame":24,"Time":72.389,"Mount":"iOptron CEM25/CEM60","dx":-0.014,"dy":0.272,"RADistanceRaw":0.806,"DECDistanceRaw":-0.259,"RADistanceGuide":0.092,"DECDistanceGuide":0.000,"RADuration":46,"RADirection":"West","IsSettle":0,"IsDither":0,"StarMass":1386,"SNR":25.28,"AvgDist":0.13}\r'
19:55:13,18 root DEBUG b'{"Event":"INDIServer","Timestamp":"180407.730575867","Msg":"2023-01-01T18:55:12: [DEBUG] CMD <:Me00017#> "}\r'
19:55:13,26 root DEBUG b'{"Event":"GuideStep","Timestamp":"180407.741298348","Frame":25,"Time":75.384,"Mount":"iOptron CEM25/CEM60","dx":-0.067,"dy":-0.089,"RADistanceRaw":-0.328,"DECDistanceRaw":-0.133,"RADistanceGuide":-0.034,"DECDistanceGuide":0.000,"RADuration":17,"RADirection":"East","IsSettle":0,"IsDither":0,"StarMass":1337,"SNR":24.85,"AvgDist":0.13}\r'
19:55:15,991 root DEBUG b'{"Event":"GuideStep","Timestamp":"180410.703053420","Frame":26,"Time":78.345,"Mount":"iOptron CEM25/CEM60","dx":-0.042,"dy":0.098,"RADistanceRaw":0.259,"DECDistanceRaw":-0.205,"RADistanceGuide":0.000,"DECDistanceGuide":0.000,"IsSettle":0,"IsDither":0,"StarMass":1391,"SNR":25.42,"AvgDist":0.12}\r'
19:55:18,960 root DEBUG b'{"Event":"GuideStep","Timestamp":"180413.627706604","Frame":27,"Time":81.270,"Mount":"iOptron CEM25/CEM60","dx":0.073,"dy":0.071,"RADistanceRaw":0.277,"DECDistanceRaw":0.165,"RADistanceGuide":0.000,"DECDistanceGuide":0.000,"IsSettle":0,"IsDither":0,"StarMass":1330,"SNR":24.91,"AvgDist":0.12}\r'
19:55:18,992 root DEBUG b'{"Event":"Version","Timestamp":"180413.704413567","name":"ASI AIR guider","svr_ver_string":"1.0","svr_ver_int":12}\r'
19:55:22,6 root DEBUG b'{"Event":"INDIServer","Timestamp":"180416.710599306","Msg":"2023-01-01T18:55:21: [DEBUG] CMD <:Mw00033#> "}\r'
19:55:22,6 root DEBUG b'{"Event":"GuideStep","Timestamp":"180416.714619065","Frame":28,"Time":84.357,"Mount":"iOptron CEM25/CEM60","dx":-0.022,"dy":0.202,"RADistanceRaw":0.590,"DECDistanceRaw":-0.228,"RADistanceGuide":0.068,"DECDistanceGuide":0.000,"RADuration":33,"RADirection":"West","IsSettle":0,"IsDither":0,"StarMass":1494,"SNR":26.38,"AvgDist":0.14}\r'
19:55:24,996 root DEBUG b'{"Event":"INDIServer","Timestamp":"180419.710543619","Msg":"2023-01-01T18:55:24: [DEBUG] CMD <:Mw00063#> "}\r'
19:55:25,17 root DEBUG b'{"Event":"GuideStep","Timestamp":"180419.731602174","Frame":29,"Time":87.374,"Mount":"iOptron CEM25/CEM60","dx":-0.003,"dy":0.365,"RADistanceRaw":1.097,"DECDistanceRaw":-0.303,"RADistanceGuide":0.129,"DECDistanceGuide":0.000,"RADuration":63,"RADirection":"West","IsSettle":0,"IsDither":0,"StarMass":1447,"SNR":25.96,"AvgDist":0.21}\r'
19:55:28,161 root DEBUG b'{"Event":"INDIServer","Timestamp":"180422.770597913","Msg":"2023-01-01T18:55:27: [DEBUG] CMD <:Mw00029#> "}\r'
19:55:28,162 root DEBUG b'{"Event":"GuideStep","Timestamp":"180422.771998265","Frame":30,"Time":90.414,"Mount":"iOptron CEM25/CEM60","dx":0.050,"dy":0.144,"RADistanceRaw":0.477,"DECDistanceRaw":0.036,"RADistanceGuide":0.060,"DECDistanceGuide":0.000,"RADuration":29,"RADirection":"West","IsSettle":0,"IsDither":0,"StarMass":1382,"SNR":25.46,"AvgDist":0.19}\r'
19:55:31,29 root DEBUG b'{"Event":"INDIServer","Timestamp":"180425.670823171","Msg":"2023-01-01T18:55:30: [DEBUG] CMD <:Me00029#> "}\r'
19:55:31,30 root DEBUG b'{"Event":"GuideStep","Timestamp":"180425.678512467","Frame":31,"Time":93.321,"Mount":"iOptron CEM25/CEM60","dx":-0.072,"dy":-0.157,"RADistanceRaw":-0.538,"DECDistanceRaw":-0.094,"RADistanceGuide":-0.059,"DECDistanceGuide":0.000,"RADuration":29,"RADirection":"East","IsSettle":0,"IsDither":0,"StarMass":1329,"SNR":24.94,"AvgDist":0.19}\r'
19:55:34,23 root DEBUG b'{"Event":"INDIServer","Timestamp":"180428.730815650","Msg":"2023-01-01T18:55:33: [DEBUG] CMD <:Me00052#> "}\r'
19:55:34,35 root DEBUG b'{"Event":"GuideStep","Timestamp":"180428.737455076","Frame":32,"Time":96.380,"Mount":"iOptron CEM25/CEM60","dx":-0.115,"dy":-0.266,"RADistanceRaw":-0.904,"DECDistanceRaw":-0.135,"RADistanceGuide":-0.106,"DECDistanceGuide":0.000,"RADuration":52,"RADirection":"East","IsSettle":0,"IsDither":0,"StarMass":1457,"SNR":25.88,"AvgDist":0.22}\r'
19:55:34,71 root DEBUG b'{"Event":"Version","Timestamp":"180428.781218836","name":"ASI AIR guider","svr_ver_string":"1.0","svr_ver_int":12}\r'
19:55:36,987 root DEBUG b'{"Event":"INDIServer","Timestamp":"180431.700569371","Msg":"2023-01-01T18:55:36: [DEBUG] CMD <:Me00054#> "}\r'
19:55:37,38 root DEBUG b'{"Event":"INDIServer","Timestamp":"180431.750476445","Msg":"2023-01-01T18:55:36: [DEBUG] CMD <:Mn00035#> "}\r'
19:55:37,94 root DEBUG b'{"Event":"GuideStep","Timestamp":"180431.804652482","Frame":33,"Time":99.447,"Mount":"iOptron CEM25/CEM60","dx":-0.233,"dy":-0.235,"RADistanceRaw":-0.915,"DECDistanceRaw":-0.518,"RADistanceGuide":-0.109,"DECDistanceGuide":-0.074,"RADuration":54,"RADirection":"East","DECDuration":35,"DECDirection":"North","IsSettle":0,"IsDither":0,"StarMass":1317,"SNR":24.79,"AvgDist":0.25}\r'
19:55:40,43 root DEBUG b'{"Event":"INDIServer","Timestamp":"180434.710681277","Msg":"2023-01-01T18:55:39: [DEBUG] CMD <:Me00022#> "}\r'
19:55:40,44 root DEBUG b'{"Event":"GuideStep","Timestamp":"180434.721574888","Frame":34,"Time":102.364,"Mount":"iOptron CEM25/CEM60","dx":0.016,"dy":-0.123,"RADistanceRaw":-0.358,"DECDistanceRaw":0.146,"RADistanceGuide":-0.045,"DECDistanceGuide":0.000,"RADuration":22,"RADirection":"East","IsSettle":0,"IsDither":0,"StarMass":1123,"SNR":22.79,"AvgDist":0.21}\r'
19:55:42,920 root DEBUG b'{"Event":"GuideStep","Timestamp":"180437.630190627","Frame":35,"Time":105.273,"Mount":"iOptron CEM25/CEM60","dx":-0.000,"dy":-0.061,"RADistanceRaw":-0.184,"DECDistanceRaw":0.049,"RADistanceGuide":0.000,"DECDistanceGuide":0.000,"IsSettle":0,"IsDither":0,"StarMass":1119,"SNR":22.59,"AvgDist":0.17}\r'
19:55:46,92 root DEBUG b'{"Event":"GuideStep","Timestamp":"180440.688466106","Frame":36,"Time":108.331,"Mount":"iOptron CEM25/CEM60","dx":0.053,"dy":-0.076,"RADistanceRaw":-0.183,"DECDistanceRaw":0.221,"RADistanceGuide":0.000,"DECDistanceGuide":0.000,"IsSettle":0,"IsDither":0,"StarMass":1307,"SNR":24.67,"AvgDist":0.15}\r'
19:55:49,72 root DEBUG b'{"Event":"INDIServer","Timestamp":"180443.760563142","Msg":"2023-01-01T18:55:48: [DEBUG] CMD <:Mn00029#> "}\r'
19:55:49,73 root DEBUG b'{"Event":"GuideStep","Timestamp":"180443.767630604","Frame":37,"Time":111.410,"Mount":"iOptron CEM25/CEM60","dx":-0.122,"dy":0.074,"RADistanceRaw":0.114,"DECDistanceRaw":-0.430,"RADistanceGuide":0.000,"DECDistanceGuide":-0.062,"DECDuration":29,"DECDirection":"North","IsSettle":0,"IsDither":0,"StarMass":1368,"SNR":25.11,"AvgDist":0.14}\r'
19:55:49,116 root DEBUG b'{"Event":"Version","Timestamp":"180443.814603790","name":"ASI AIR guider","svr_ver_string":"1.0","svr_ver_int":12}\r'
19:55:52,47 root DEBUG b'{"Event":"GuideStep","Timestamp":"180446.727413047","Frame":38,"Time":114.370,"Mount":"iOptron CEM25/CEM60","dx":-0.001,"dy":-0.031,"RADistanceRaw":-0.093,"DECDistanceRaw":0.021,"RADistanceGuide":0.000,"DECDistanceGuide":0.000,"IsSettle":0,"IsDither":0,"StarMass":1304,"SNR":24.60,"AvgDist":0.11}\r'
19:55:54,987 root DEBUG b'{"Event":"INDIServer","Timestamp":"180449.680573527","Msg":"2023-01-01T18:55:54: [DEBUG] CMD <:Me00024#> "}\r'
19:55:54,997 root DEBUG b'{"Event":"GuideStep","Timestamp":"180449.690887119","Frame":39,"Time":117.333,"Mount":"iOptron CEM25/CEM60","dx":0.046,"dy":-0.157,"RADistanceRaw":-0.433,"DECDistanceRaw":0.267,"RADistanceGuide":-0.050,"DECDistanceGuide":0.000,"RADuration":24,"RADirection":"East","IsSettle":0,"IsDither":0,"StarMass":1370,"SNR":25.31,"AvgDist":0.13}\r'
19:55:57,987 root DEBUG b'{"Event":"GuideStep","Timestamp":"180452.681430173","Frame":40,"Time":120.324,"Mount":"iOptron CEM25/CEM60","dx":-0.039,"dy":-0.043,"RADistanceRaw":-0.165,"DECDistanceRaw":-0.083,"RADistanceGuide":0.000,"DECDistanceGuide":0.000,"IsSettle":0,"IsDither":0,"StarMass":1365,"SNR":25.25,"AvgDist":0.11}\r'
19:56:01,56 root DEBUG b'{"Event":"INDIServer","Timestamp":"180455.740547134","Msg":"2023-01-01T18:56:00: [DEBUG] CMD <:Mw00034#> "}\r'
19:56:01,57 root DEBUG b'{"Event":"GuideStep","Timestamp":"180455.745323023","Frame":41,"Time":123.388,"Mount":"iOptron CEM25/CEM60","dx":0.050,"dy":0.184,"RADistanceRaw":0.600,"DECDistanceRaw":0.004,"RADistanceGuide":0.069,"DECDistanceGuide":0.000,"RADuration":34,"RADirection":"West","IsSettle":0,"IsDither":0,"StarMass":695,"SNR":17.75,"AvgDist":0.13}\r'
19:56:03,722 root DEBUG b'{"Event":"StarLost","Timestamp":"180458.306649744","Frame":42,"Time":125.949,"StarMass":46,"SNR":4.45,"AvgDist":0.13,"ErrorCode":6,"Status":"Star lost - mass changed"}\r'
19:56:04,432 root DEBUG b'{"Event":"Version","Timestamp":"180459.123280095","name":"ASI AIR guider","svr_ver_string":"1.0","svr_ver_int":12}\r'
19:56:06,556 root DEBUG b'{"Event":"StarLost","Timestamp":"180461.244058501","Frame":43,"Time":128.886,"StarMass":132,"SNR":7.47,"AvgDist":0.13,"ErrorCode":6,"Status":"Star lost - mass changed"}\r'
19:56:09,580 root DEBUG b'{"Event":"StarLost","Timestamp":"180464.269873426","Frame":44,"Time":131.912,"StarMass":211,"SNR":9.67,"AvgDist":0.13,"ErrorCode":6,"Status":"Star lost - mass changed"}\r'
19:56:12,596 root DEBUG b'{"Event":"StarLost","Timestamp":"180467.283193739","Frame":45,"Time":134.926,"StarMass":464,"SNR":14.30,"AvgDist":0.13,"ErrorCode":6,"Status":"Star lost - mass changed"}\r'
19:56:15,955 root DEBUG b'{"Event":"GuideStep","Timestamp":"180470.642438977","Frame":46,"Time":138.285,"Mount":"iOptron CEM25/CEM60","dx":0.127,"dy":0.007,"RADistanceRaw":0.134,"DECDistanceRaw":0.379,"RADistanceGuide":0.000,"DECDistanceGuide":0.000,"IsSettle":0,"IsDither":0,"StarMass":1108,"SNR":22.65,"AvgDist":0.13}\r'
19:56:19,86 root DEBUG b'{"Event":"INDIServer","Timestamp":"180473.680544235","Msg":"2023-01-01T18:56:18: [DEBUG] CMD <:Mw00021#> "}\r'
19:56:19,87 root DEBUG b'{"Event":"GuideStep","Timestamp":"180473.691075087","Frame":47,"Time":141.333,"Mount":"iOptron CEM25/CEM60","dx":0.079,"dy":0.099,"RADistanceRaw":0.366,"DECDistanceRaw":0.159,"RADistanceGuide":0.042,"DECDistanceGuide":0.000,"RADuration":21,"RADirection":"West","IsSettle":0,"IsDither":0,"StarMass":1326,"SNR":24.82,"AvgDist":0.13}\r'
19:56:20,462 root DEBUG b'{"Event":"Version","Timestamp":"180475.152711567","name":"ASI AIR guider","svr_ver_string":"1.0","svr_ver_int":12}\r'
19:56:22,182 root DEBUG b'{"Event":"INDIServer","Timestamp":"180476.750564418","Msg":"2023-01-01T18:56:21: [DEBUG] CMD <:Me00040#> "}\r'
19:56:22,182 root DEBUG b'{"Event":"GuideStep","Timestamp":"180476.757919289","Frame":48,"Time":144.400,"Mount":"iOptron CEM25/CEM60","dx":-0.093,"dy":-0.211,"RADistanceRaw":-0.717,"DECDistanceRaw":-0.114,"RADistanceGuide":-0.081,"DECDistanceGuide":0.000,"RADuration":40,"RADirection":"East","IsSettle":0,"IsDither":0,"StarMass":1437,"SNR":25.76,"AvgDist":0.16}\r'
19:56:25,43 root DEBUG b'{"Event":"GuideStep","Timestamp":"180479.724631102","Frame":49,"Time":147.367,"Mount":"iOptron CEM25/CEM60","dx":0.042,"dy":-0.019,"RADistanceRaw":-0.021,"DECDistanceRaw":0.142,"RADistanceGuide":0.000,"DECDistanceGuide":0.000,"IsSettle":0,"IsDither":0,"StarMass":566,"SNR":15.90,"AvgDist":0.13}\r'
19:56:28,45 root DEBUG b'{"Event":"INDIServer","Timestamp":"180482.730606803","Msg":"2023-01-01T18:56:27: [DEBUG] CMD <:Me00043#> "}\r'
19:56:28,47 root DEBUG b'{"Event":"GuideStep","Timestamp":"180482.732671155","Frame":50,"Time":150.375,"Mount":"iOptron CEM25/CEM60","dx":-0.084,"dy":-0.226,"RADistanceRaw":-0.756,"DECDistanceRaw":-0.074,"RADistanceGuide":-0.087,"DECDistanceGuide":0.000,"RADuration":43,"RADirection":"East","IsSettle":0,"IsDither":0,"StarMass":788,"SNR":19.00,"AvgDist":0.16}\r'
19:56:30,659 root DEBUG b'{"Event":"StarLost","Timestamp":"180485.250124672","Frame":51,"Time":152.892,"StarMass":285,"SNR":11.28,"AvgDist":0.16,"ErrorCode":6,"Status":"Star lost - mass changed"}\r'
19:56:33,625 root DEBUG b'{"Event":"StarLost","Timestamp":"180488.307726226","Frame":52,"Time":155.950,"StarMass":242,"SNR":10.34,"AvgDist":0.16,"ErrorCode":6,"Status":"Star lost - mass changed"}\r'
19:56:37,113 root DEBUG b'{"Event":"INDIServer","Timestamp":"180491.760536650","Msg":"2023-01-01T18:56:36: [DEBUG] CMD <:Me00030#> "}\r'
19:56:37,113 root DEBUG b'{"Event":"GuideStep","Timestamp":"180491.771615428","Frame":53,"Time":159.414,"Mount":"iOptron CEM25/CEM60","dx":-0.008,"dy":-0.167,"RADistanceRaw":-0.509,"DECDistanceRaw":0.110,"RADistanceGuide":-0.062,"DECDistanceGuide":0.000,"RADuration":30,"RADirection":"East","IsSettle":0,"IsDither":0,"StarMass":934,"SNR":20.73,"AvgDist":0.16}\r'
19:56:37,142 root DEBUG b'{"Event":"Version","Timestamp":"180491.827670168","name":"ASI AIR guider","svr_ver_string":"1.0","svr_ver_int":12}\r'
19:56:40,120 root DEBUG b'{"Event":"INDIServer","Timestamp":"180494.800766222","Msg":"2023-01-01T18:56:39: [DEBUG] CMD <:Me00028#> "}\r'
19:56:40,129 root DEBUG b'{"Event":"GuideStep","Timestamp":"180494.811996907","Frame":54,"Time":162.454,"Mount":"iOptron CEM25/CEM60","dx":0.072,"dy":-0.181,"RADistanceRaw":-0.482,"DECDistanceRaw":0.362,"RADistanceGuide":-0.058,"DECDistanceGuide":0.000,"RADuration":28,"RADirection":"East","IsSettle":0,"IsDither":0,"StarMass":1161,"SNR":23.11,"AvgDist":0.17}\r'
19:56:42,962 root DEBUG b'{"Event":"GuideStep","Timestamp":"180497.648008758","Frame":55,"Time":165.290,"Mount":"iOptron CEM25/CEM60","dx":0.083,"dy":0.016,"RADistanceRaw":0.121,"DECDistanceRaw":0.241,"RADistanceGuide":0.000,"DECDistanceGuide":0.000,"IsSettle":0,"IsDither":0,"StarMass":949,"SNR":20.89,"AvgDist":0.15}\r'
19:56:46,118 root DEBUG b'{"Event":"INDIServer","Timestamp":"180500.730560441","Msg":"2023-01-01T18:56:45: [DEBUG] CMD <:Mw00048#> "}\r'
19:56:46,118 root DEBUG b'{"Event":"INDIServer","Timestamp":"180500.780483885","Msg":"2023-01-01T18:56:45: [DEBUG] CMD <:Ms00054#> "}\r'
19:56:46,148 root DEBUG b'{"Event":"GuideStep","Timestamp":"180500.833688904","Frame":56,"Time":168.476,"Mount":"iOptron CEM25/CEM60","dx":0.310,"dy":0.190,"RADistanceRaw":0.847,"DECDistanceRaw":0.789,"RADistanceGuide":0.097,"DECDistanceGuide":0.113,"RADuration":48,"RADirection":"West","DECDuration":54,"DECDirection":"South","IsSettle":0,"IsDither":0,"StarMass":797,"SNR":19.22,"AvgDist":0.21}\r'
19:56:49,92 root DEBUG b'{"Event":"GuideStep","Timestamp":"180503.696002847","Frame":57,"Time":171.338,"Mount":"iOptron CEM25/CEM60","dx":0.053,"dy":0.087,"RADistanceRaw":0.310,"DECDistanceRaw":0.091,"RADistanceGuide":0.000,"DECDistanceGuide":0.000,"IsSettle":0,"IsDither":0,"StarMass":528,"SNR":15.35,"AvgDist":0.18}\r'
19:56:52,159 root DEBUG b'{"Event":"INDIServer","Timestamp":"180506.770580660","Msg":"2023-01-01T18:56:51: [DEBUG] CMD <:Me00029#> "}\r'
19:56:52,160 root DEBUG b'{"Event":"GuideStep","Timestamp":"180506.779926067","Frame":58,"Time":174.422,"Mount":"iOptron CEM25/CEM60","dx":0.018,"dy":-0.176,"RADistanceRaw":-0.515,"DECDistanceRaw":0.196,"RADistanceGuide":-0.059,"DECDistanceGuide":0.000,"RADuration":29,"RADirection":"East","IsSettle":0,"IsDither":0,"StarMass":630,"SNR":16.92,"AvgDist":0.18}\r'
19:56:53,496 root DEBUG b'{"Event":"Version","Timestamp":"180508.175826381","name":"ASI AIR guider","svr_ver_string":"1.0","svr_ver_int":12}\r'
19:56:55,33 root DEBUG b'{"Event":"GuideStep","Timestamp":"180509.664161139","Frame":59,"Time":177.307,"Mount":"iOptron CEM25/CEM60","dx":-0.002,"dy":-0.084,"RADistanceRaw":-0.255,"DECDistanceRaw":0.061,"RADistanceGuide":0.000,"DECDistanceGuide":0.000,"IsSettle":0,"IsDither":0,"StarMass":479,"SNR":14.73,"AvgDist":0.15}\r'
19:56:57,691 root DEBUG b'{"Event":"StarLost","Timestamp":"180512.339780897","Frame":60,"Time":179.982,"StarMass":186,"SNR":9.09,"AvgDist":0.15,"ErrorCode":6,"Status":"Star lost - mass changed"}\r'
19:57:00,606 root DEBUG b'{"Event":"StarLost","Timestamp":"180515.292516506","Frame":61,"Time":182.935,"StarMass":58,"SNR":5.05,"AvgDist":0.15,"ErrorCode":6,"Status":"Star lost - mass changed"}\r'
19:57:03,629 root DEBUG b'{"Event":"StarLost","Timestamp":"180518.303989486","Frame":62,"Time":185.946,"StarMass":162,"SNR":8.35,"AvgDist":0.15,"ErrorCode":6,"Status":"Star lost - mass changed"}\r'
19:57:06,572 root DEBUG b'{"Event":"GuideStarLostTooMuch","Timestamp":"180521.258812929"}\r'
19:57:06,573 root DEBUG b'{"Event":"StarLost","Timestamp":"180521.259028151","Frame":63,"Time":188.901,"StarMass":384,"SNR":13.20,"AvgDist":0.15,"ErrorCode":7,"Status":"No star found"}\r'
19:57:10,145 root DEBUG b'{"Event":"INDIServer","Timestamp":"180524.770614760","Msg":"2023-01-01T18:57:09: [DEBUG] CMD <:Me00190#> "}\r'
19:57:10,170 root DEBUG b'{"Event":"Version","Timestamp":"180524.848780241","name":"ASI AIR guider","svr_ver_string":"1.0","svr_ver_int":12}\r'
19:57:10,276 root DEBUG b'{"Event":"INDIServer","Timestamp":"180524.960489297","Msg":"2023-01-01T18:57:09: [DEBUG] CMD <:Ms00051#> "}\r'
19:57:10,283 root DEBUG b'{"Event":"GuideStep","Timestamp":"180524.965664075","Frame":64,"Time":192.608,"Mount":"iOptron CEM25/CEM60","dx":-0.046,"dy":-1.103,"RADistanceRaw":-3.362,"DECDistanceRaw":0.742,"RADistanceGuide":-0.386,"DECDistanceGuide":0.106,"RADuration":190,"RADirection":"East","DECDuration":51,"DECDirection":"South","IsSettle":0,"IsDither":0,"StarMass":574,"SNR":16.00,"AvgDist":0.44}\r'
19:57:13,106 root DEBUG b'{"Event":"INDIServer","Timestamp":"180527.770590962","Msg":"2023-01-01T18:57:12: [DEBUG] CMD <:Me00107#> "}\r'
19:57:13,207 root DEBUG b'{"Event":"INDIServer","Timestamp":"180527.890570962","Msg":"2023-01-01T18:57:12: [DEBUG] CMD <:Ms00034#> "}\r'
19:57:13,234 root DEBUG b'{"Event":"GuideStep","Timestamp":"180527.901395925","Frame":65,"Time":195.544,"Mount":"iOptron CEM25/CEM60","dx":0.010,"dy":-0.585,"RADistanceRaw":-1.753,"DECDistanceRaw":0.499,"RADistanceGuide":-0.216,"DECDistanceGuide":0.071,"RADuration":107,"RADirection":"East","DECDuration":34,"DECDirection":"South","IsSettle":0,"IsDither":0,"StarMass":425,"SNR":13.75,"AvgDist":0.48}\r'
19:57:16,124 root DEBUG b'{"Event":"INDIServer","Timestamp":"180530.800558127","Msg":"2023-01-01T18:57:15: [DEBUG] CMD <:Me00078#> "}\r'
19:57:16,147 root DEBUG b'{"Event":"GuideStep","Timestamp":"180530.832611071","Frame":66,"Time":198.475,"Mount":"iOptron CEM25/CEM60","dx":-0.150,"dy":-0.388,"RADistanceRaw":-1.302,"DECDistanceRaw":-0.144,"RADistanceGuide":-0.158,"DECDistanceGuide":0.000,"RADuration":78,"RADirection":"East","IsSettle":0,"IsDither":0,"StarMass":489,"SNR":14.83,"AvgDist":0.46}\r'
19:57:19,95 root DEBUG b'{"Event":"INDIServer","Timestamp":"180533.700585421","Msg":"2023-01-01T18:57:18: [DEBUG] CMD <:Me00025#> "}\r'
19:57:19,96 root DEBUG b'{"Event":"GuideStep","Timestamp":"180533.703352977","Frame":67,"Time":201.346,"Mount":"iOptron CEM25/CEM60","dx":-0.090,"dy":-0.102,"RADistanceRaw":-0.386,"DECDistanceRaw":-0.191,"RADistanceGuide":-0.051,"DECDistanceGuide":0.000,"RADuration":25,"RADirection":"East","IsSettle":0,"IsDither":0,"StarMass":442,"SNR":14.18,"AvgDist":0.36}\r'
19:57:22,76 root DEBUG b'{"Event":"INDIServer","Timestamp":"180536.760590753","Msg":"2023-01-01T18:57:21: [DEBUG] CMD <:Mw00043#> "}\r'
19:57:22,82 root DEBUG b'{"Event":"GuideStep","Timestamp":"180536.764086568","Frame":68,"Time":204.407,"Mount":"iOptron CEM25/CEM60","dx":-0.042,"dy":0.269,"RADistanceRaw":0.774,"DECDistanceRaw":-0.343,"RADistanceGuide":0.087,"DECDistanceGuide":0.000,"RADuration":43,"RADirection":"West","IsSettle":0,"IsDither":0,"StarMass":532,"SNR":15.54,"AvgDist":0.34}\r'
19:57:25,93 root DEBUG b'{"Event":"INDIServer","Timestamp":"180539.770571084","Msg":"2023-01-01T18:57:24: [DEBUG] CMD <:Mw00133#> "}\r'
19:57:25,220 root DEBUG b'{"Event":"GuideStep","Timestamp":"180539.853515918","Frame":69,"Time":207.496,"Mount":"iOptron CEM25/CEM60","dx":0.154,"dy":0.729,"RADistanceRaw":2.331,"DECDistanceRaw":-0.117,"RADistanceGuide":0.271,"DECDistanceGuide":0.000,"RADuration":133,"RADirection":"West","IsSettle":0,"IsDither":0,"StarMass":882,"SNR":20.15,"AvgDist":0.46}\r'
19:57:25,247 root DEBUG b'{"Event":"Version","Timestamp":"180539.928357695","name":"ASI AIR guider","svr_ver_string":"1.0","svr_ver_int":12}\r'
