19:58:51,193 root DEBUG b'{"Event":"Version","Timestamp":"180625.876801496","name":"ASI AIR imager","svr_ver_string":"1.0","svr_ver_int":29,"firmware_ver_int":1046,"firmware_ver_string":"10.46"}\r'
19:58:54,637 root DEBUG b'{"Event":"Temperature","Timestamp":"180629.316500068","value":16.8}\r'
19:58:58,606 root DEBUG b'{"Event":"PiStatus","Timestamp":"180633.289945510","is_overtemp":false,"temp":49,"is_undervolt":false,"is_over_current":false}\r'
19:59:02,695 root DEBUG b'{"Event":"PiStatus","Timestamp":"180637.376437711","is_overtemp":false,"temp":51,"is_undervolt":false,"is_over_current":false}\r'
19:59:04,820 root DEBUG b'{"Event":"CameraControlChange","Timestamp":"180639.504911673"}\r'
19:59:05,753 root DEBUG b'{"Event":"Exposure","Timestamp":"180640.434851080","page":"preview","state":"start","exp_us":10000000}\r'
19:59:08,972 root DEBUG b'{"Event":"PiStatus","Timestamp":"180643.558823115","is_overtemp":false,"temp":49,"is_undervolt":false,"is_over_current":false}\r'
19:59:10,715 root DEBUG b'{"Event":"Temperature","Timestamp":"180645.317783855","value":16.9}\r'
19:59:10,725 root DEBUG b'{"Event":"Version","Timestamp":"180645.411680318","name":"ASI AIR imager","svr_ver_string":"1.0","svr_ver_int":29,"firmware_ver_int":1046,"firmware_ver_string":"10.46"}\r'
19:59:16,859 root DEBUG b'{"Event":"Exposure","Timestamp":"180651.458697499","page":"preview","state":"downloading"}\r'
19:59:17,91 root DEBUG b'{"Event":"Exposure","Timestamp":"180651.771049018","page":"preview","state":"complete"}\r'
19:59:17,91 root DEBUG b'{"Event":"Annotate","Timestamp":"180651.771805851","page":"preview","tag":"Exposure","state":"start"}\r'
19:59:17,91 root DEBUG b'{"Event":"PlateSolve","Timestamp":"180651.772172684","page":"preview","tag":"Exposure","state":"start"}\r'
19:59:17,199 root DEBUG b'{"Event":"PiStatus","Timestamp":"180651.878307684","is_overtemp":false,"temp":51,"is_undervolt":false,"is_over_current":false}\r'
19:59:18,703 root DEBUG b'{"Event":"Temperature","Timestamp":"180653.318542146","value":16.8}\r'
19:59:20,749 root DEBUG b'{"Event":"PlateSolve","Timestamp":"180655.430700386","page":"preview","tag":"Exposure","state":"solving","star_number":41}\r'
19:59:21,316 root DEBUG b'{"Event":"PlateSolve","Timestamp":"180655.985856756","page":"preview","tag":"Exposure","state":"complete","result":{"ra_dec":[23.4856,6.51006],"fov":[2.61964,1.75059],"focal_len":513.819,"angle":76.9329,"image_id":10,"star_number":41,"duration_ms":4213}}\r'
19:59:21,402 root DEBUG b'{"Event":"Annotate","Timestamp":"180656.086948959","page":"preview","tag":"Exposure","state":"complete","result":{"image_size":[6248,4176],"annotations": [{ "type"  : "star",   "pixelx": 3114.19,         "pixely": 2087.57,         "name"  : "",     "names" : [ "" ] } ],"image_id":10}}\r'
19:59:22,638 root DEBUG b'{"Event":"Temperature","Timestamp":"180657.319066551","value":16.9}\r'
19:59:25,841 root DEBUG b'{"Event":"Version","Timestamp":"180660.526913198","name":"ASI AIR imager","svr_ver_string":"1.0","svr_ver_int":29,"firmware_ver_int":1046,"firmware_ver_string":"10.46"}\r'
19:59:38,56 root DEBUG b'{"Event":"PiStatus","Timestamp":"180672.636696061","is_overtemp":false,"temp":49,"is_undervolt":false,"is_over_current":false}\r'
19:59:40,941 root DEBUG b'{"Event":"Version","Timestamp":"180675.620599448","name":"ASI AIR imager","svr_ver_string":"1.0","svr_ver_int":29,"firmware_ver_int":1046,"firmware_ver_string":"10.46"}\r'
19:59:41,521 root DEBUG b'{"Event":"PlateSolve","Timestamp":"180676.192293910","page":"preview","state":"complete","result":{"ra_dec":[23.4856,6.51006],"fov":[2.61964,1.75059],"focal_len":513.819,"angle":76.9329,"image_id":10,"star_number":41,"duration_ms":621}}\r'
19:59:46,660 root DEBUG b'{"Event":"Temperature","Timestamp":"180681.320629278","value":16.8}\r'
19:59:50,639 root DEBUG b'{"Event":"Temperature","Timestamp":"180685.321034553","value":16.9}\r'
19:59:54,531 root DEBUG b'{"Event":"PiStatus","Timestamp":"180689.214923143","is_overtemp":false,"temp":51,"is_undervolt":false,"is_over_current":false}\r'
19:59:56,494 root DEBUG b'{"Event":"Version","Timestamp":"180691.179407605","name":"ASI AIR imager","svr_ver_string":"1.0","svr_ver_int":29,"firmware_ver_int":1046,"firmware_ver_string":"10.46"}\r'
20:00:00,757 root DEBUG b'{"Event":"PiStatus","Timestamp":"180695.442653066","is_overtemp":false,"temp":49,"is_undervolt":false,"is_over_current":false}\r'
20:00:02,639 root DEBUG b'{"Event":"Temperature","Timestamp":"180697.322151157","value":16.8}\r'
