19:58:56,695 root DEBUG b'{"Event":"Version","Timestamp":"180631.380980456","name":"ASI AIR guider","svr_ver_string":"1.0","svr_ver_int":12}\r'
19:58:58,62 root DEBUG b'{"Event":"GuideStep","Timestamp":"180632.742935196","Frame":100,"Time":300.385,"Mount":"iOptron CEM25/CEM60","dx":-0.018,"dy":0.019,"RADistanceRaw":0.041,"DECDistanceRaw":-0.070,"RADistanceGuide":0.000,"DECDistanceGuide":0.000,"IsSettle":0,"IsDither":0,"StarMass":1177,"SNR":23.40,"AvgDist":0.13}\r'
19:59:01,72 root DEBUG b'{"Event":"GuideStep","Timestamp":"180635.751362342","Frame":101,"Time":303.394,"Mount":"iOptron CEM25/CEM60","dx":0.078,"dy":-0.025,"RADistanceRaw":-0.007,"DECDistanceRaw":0.258,"RADistanceGuide":0.000,"DECDistanceGuide":0.000,"IsSettle":0,"IsDither":0,"StarMass":1277,"SNR":24.34,"AvgDist":0.12}\r'
19:59:04,89 root DEBUG b'{"Event":"GuideStep","Timestamp":"180638.771847007","Frame":102,"Time":306.414,"Mount":"iOptron CEM25/CEM60","dx":-0.002,"dy":0.025,"RADistanceRaw":0.073,"DECDistanceRaw":-0.025,"RADistanceGuide":0.000,"DECDistanceGuide":0.000,"IsSettle":0,"IsDither":0,"StarMass":1252,"SNR":24.18,"AvgDist":0.09}\r'
19:59:07,149 root DEBUG b'{"Event":"INDIServer","Timestamp":"180641.750622153","Msg":"2023-01-01T18:59:06: [DEBUG] CMD <:Mw00024#> "}\r'
19:59:07,150 root DEBUG b'{"Event":"GuideStep","Timestamp":"180641.761384820","Frame":103,"Time":309.404,"Mount":"iOptron CEM25/CEM60","dx":0.100,"dy":0.110,"RADistanceRaw":0.419,"DECDistanceRaw":0.216,"RADistanceGuide":0.048,"DECDistanceGuide":0.000,"RADuration":24,"RADirection":"West","IsSettle":0,"IsDither":0,"StarMass":1198,"SNR":23.62,"AvgDist":0.11}\r'
19:59:10,103 root DEBUG b'{"Event":"GuideStep","Timestamp":"180644.728388670","Frame":104,"Time":312.371,"Mount":"iOptron CEM25/CEM60","dx":0.074,"dy":-0.086,"RADistanceRaw":-0.192,"DECDistanceRaw":0.292,"RADistanceGuide":0.000,"DECDistanceGuide":0.000,"IsSettle":0,"IsDither":0,"StarMass":1352,"SNR":25.12,"AvgDist":0.11}\r'
19:59:13,57 root DEBUG b'{"Event":"GuideStep","Timestamp":"180647.738598909","Frame":105,"Time":315.381,"Mount":"iOptron CEM25/CEM60","dx":-0.001,"dy":0.027,"RADistanceRaw":0.079,"DECDistanceRaw":-0.025,"RADistanceGuide":0.000,"DECDistanceGuide":0.000,"IsSettle":0,"IsDither":0,"StarMass":1525,"SNR":26.58,"AvgDist":0.08}\r'
19:59:14,471 root DEBUG b'{"Event":"Version","Timestamp":"180649.157060741","name":"ASI AIR guider","svr_ver_string":"1.0","svr_ver_int":12}\r'
19:59:16,77 root DEBUG b'{"Event":"GuideStep","Timestamp":"180650.761245389","Frame":106,"Time":318.404,"Mount":"iOptron CEM25/CEM60","dx":0.004,"dy":-0.052,"RADistanceRaw":-0.153,"DECDistanceRaw":0.054,"RADistanceGuide":0.000,"DECDistanceGuide":0.000,"IsSettle":0,"IsDither":0,"StarMass":1175,"SNR":23.42,"AvgDist":0.07}\r'
19:59:16,966 root DEBUG b'{"Event":"INDIServer","Timestamp":"180651.651025962","Msg":"2023-01-01T18:59:16: [SCOPE] CMD <> "}\r'
19:59:17,24 root DEBUG b'{"Event":"INDIServer","Timestamp":"180651.709171332","Msg":"2023-01-01T18:59:16: [SCOPE] RES <+028825498909110221#> "}\r'
19:59:17,28 root DEBUG b'{"Event":"INDIServer","Timestamp":"180651.710113944","Msg":"2023-01-01T18:59:16: [SCOPE] CMD <:GEC#> "}\r'
19:59:17,91 root DEBUG b'{"Event":"INDIServer","Timestamp":"180651.767081388","Msg":"2023-01-01T18:59:16: [SCOPE] RES <+0234345884548060#> "}\r'
19:59:19,639 root DEBUG b'{"Event":"GuideStep","Timestamp":"180654.321344016","Frame":107,"Time":321.964,"Mount":"iOptron CEM25/CEM60","dx":0.039,"dy":-0.069,"RADistanceRaw":-0.172,"DECDistanceRaw":0.173,"RADistanceGuide":0.000,"DECDistanceGuide":0.000,"IsSettle":0,"IsDither":0,"StarMass":1145,"SNR":23.13,"AvgDist":0.08}\r'
19:59:22,138 root DEBUG b'{"Event":"INDIServer","Timestamp":"180656.820518440","Msg":"2023-01-01T18:59:21: [DEBUG] CMD <:Me00024#> "}\r'
19:59:22,144 root DEBUG b'{"Event":"GuideStep","Timestamp":"180656.830068811","Frame":108,"Time":324.472,"Mount":"iOptron CEM25/CEM60","dx":-0.077,"dy":-0.117,"RADistanceRaw":-0.420,"DECDistanceRaw":-0.142,"RADistanceGuide":-0.048,"DECDistanceGuide":0.000,"RADuration":24,"RADirection":"East","IsSettle":0,"IsDither":0,"StarMass":1242,"SNR":23.84,"AvgDist":0.09}\r'
19:59:25,125 root DEBUG b'{"Event":"INDIServer","Timestamp":"180659.810498031","Msg":"2023-01-01T18:59:24: [DEBUG] CMD <:Mw00032#> "}\r'
19:59:25,134 root DEBUG b'{"Event":"GuideStep","Timestamp":"180659.816980068","Frame":109,"Time":327.459,"Mount":"iOptron CEM25/CEM60","dx":0.089,"dy":0.169,"RADistanceRaw":0.590,"DECDistanceRaw":0.136,"RADistanceGuide":0.066,"DECDistanceGuide":0.000,"RADuration":32,"RADirection":"West","IsSettle":0,"IsDither":0,"StarMass":1475,"SNR":26.00,"AvgDist":0.12}\r'
19:59:28,136 root DEBUG b'{"Event":"GuideStep","Timestamp":"180662.747686085","Frame":110,"Time":330.390,"Mount":"iOptron CEM25/CEM60","dx":0.071,"dy":0.001,"RADistanceRaw":0.067,"DECDistanceRaw":0.214,"RADistanceGuide":0.000,"DECDistanceGuide":0.000,"IsSettle":0,"IsDither":0,"StarMass":1273,"SNR":24.27,"AvgDist":0.11}\r'
19:59:31,91 root DEBUG b'{"Event":"GuideStep","Timestamp":"180665.760112972","Frame":111,"Time":333.403,"Mount":"iOptron CEM25/CEM60","dx":0.073,"dy":0.056,"RADistanceRaw":0.235,"DECDistanceRaw":0.176,"RADistanceGuide":0.000,"DECDistanceGuide":0.000,"IsSettle":0,"IsDither":0,"StarMass":1400,"SNR":25.39,"AvgDist":0.10}\r'
19:59:32,484 root DEBUG b'{"Event":"Version","Timestamp":"180667.168141379","name":"ASI AIR guider","svr_ver_string":"1.0","svr_ver_int":12}\r'
19:59:34,129 root DEBUG b'{"Event":"GuideStep","Timestamp":"180668.805749933","Frame":112,"Time":336.448,"Mount":"iOptron CEM25/CEM60","dx":-0.047,"dy":0.047,"RADistanceRaw":0.101,"DECDistanceRaw":-0.179,"RADistanceGuide":0.000,"DECDistanceGuide":0.000,"IsSettle":0,"IsDither":0,"StarMass":1292,"SNR":24.39,"AvgDist":0.09}\r'
19:59:37,136 root DEBUG b'{"Event":"INDIServer","Timestamp":"180671.780489617","Msg":"2023-01-01T18:59:36: [DEBUG] CMD <:Mw00028#> "}\r'
19:59:37,137 root DEBUG b'{"Event":"GuideStep","Timestamp":"180671.783442469","Frame":113,"Time":339.426,"Mount":"iOptron CEM25/CEM60","dx":0.165,"dy":0.117,"RADistanceRaw":0.498,"DECDistanceRaw":0.407,"RADistanceGuide":0.057,"DECDistanceGuide":0.000,"RADuration":28,"RADirection":"West","IsSettle":0,"IsDither":0,"StarMass":1289,"SNR":24.50,"AvgDist":0.13}\r'
19:59:40,207 root DEBUG b'{"Event":"GuideStep","Timestamp":"180674.799785133","Frame":114,"Time":342.442,"Mount":"iOptron CEM25/CEM60","dx":0.093,"dy":0.060,"RADistanceRaw":0.265,"DECDistanceRaw":0.234,"RADistanceGuide":0.000,"DECDistanceGuide":0.000,"IsSettle":0,"IsDither":0,"StarMass":1250,"SNR":24.05,"AvgDist":0.12}\r'
19:59:41,216 root DEBUG b'{"Event":"INDIServer","Timestamp":"180675.900628818","Msg":"2023-01-01T18:59:40: [SCOPE] CMD <> "}\r'
19:59:41,275 root DEBUG b'{"Event":"INDIServer","Timestamp":"180675.957628744","Msg":"2023-01-01T18:59:40: [SCOPE] RES <+028825498909110221#> "}\r'
19:59:41,275 root DEBUG b'{"Event":"INDIServer","Timestamp":"180675.958046096","Msg":"2023-01-01T18:59:40: [SCOPE] CMD <:GEC#> "}\r'
19:59:41,329 root DEBUG b'{"Event":"INDIServer","Timestamp":"180676.014455651","Msg":"2023-01-01T18:59:40: [SCOPE] RES <+0234345884547960#> "}\r'
19:59:43,118 root DEBUG b'{"Event":"INDIServer","Timestamp":"180677.800481465","Msg":"2023-01-01T18:59:42: [DEBUG] CMD <:Mw00030#> "}\r'
19:59:43,120 root DEBUG b'{"Event":"GuideStep","Timestamp":"180677.803821484","Frame":115,"Time":345.446,"Mount":"iOptron CEM25/CEM60","dx":0.061,"dy":0.156,"RADistanceRaw":0.525,"DECDistanceRaw":0.061,"RADistanceGuide":0.060,"DECDistanceGuide":0.000,"RADuration":30,"RADirection":"West","IsSettle":0,"IsDither":0,"StarMass":1270,"SNR":24.32,"AvgDist":0.14}\r'
19:59:46,145 root DEBUG b'{"Event":"GuideStep","Timestamp":"180680.775626722","Frame":116,"Time":348.418,"Mount":"iOptron CEM25/CEM60","dx":0.026,"dy":0.027,"RADistanceRaw":0.103,"DECDistanceRaw":0.058,"RADistanceGuide":0.000,"DECDistanceGuide":0.000,"IsSettle":0,"IsDither":0,"StarMass":1247,"SNR":24.07,"AvgDist":0.11}\r'
19:59:46,661 root DEBUG b'{"Event":"INDIServer","Timestamp":"180681.280555981","Msg":"2023-01-01T18:59:45: [DEBUG] CMD <:Sr84548160#> "}\r'
19:59:46,661 root DEBUG b'{"Event":"INDIServer","Timestamp":"180681.329331704","Msg":"2023-01-01T18:59:45: [DEBUG] RES <1> "}\r'
19:59:46,662 root DEBUG b'{"Event":"INDIServer","Timestamp":"180681.329492333","Msg":"2023-01-01T18:59:45: [DEBUG] CMD <:Sd+02343621#> "}\r'
19:59:46,694 root DEBUG b'{"Event":"INDIServer","Timestamp":"180681.379282444","Msg":"2023-01-01T18:59:46: [DEBUG] RES <1> "}\r'
19:59:46,695 root DEBUG b'{"Event":"INDIServer","Timestamp":"180681.379433370","Msg":"2023-01-01T18:59:46: [DEBUG] CMD <:CM#> "}\r'
19:59:46,816 root DEBUG b'{"Event":"INDIServer","Timestamp":"180681.499388666","Msg":"2023-01-01T18:59:46: [DEBUG] RES <1> "}\r'
19:59:49,116 root DEBUG b'{"Event":"INDIServer","Timestamp":"180683.760556887","Msg":"2023-01-01T18:59:48: [DEBUG] CMD <:Mw00034#> "}\r'
19:59:49,117 root DEBUG b'{"Event":"GuideStep","Timestamp":"180683.766133480","Frame":117,"Time":351.409,"Mount":"iOptron CEM25/CEM60","dx":0.145,"dy":0.156,"RADistanceRaw":0.598,"DECDistanceRaw":0.314,"RADistanceGuide":0.069,"DECDistanceGuide":0.000,"RADuration":34,"RADirection":"West","IsSettle":0,"IsDither":0,"StarMass":1141,"SNR":23.01,"AvgDist":0.14}\r'
19:59:50,494 root DEBUG b'{"Event":"Version","Timestamp":"180685.177257312","name":"ASI AIR guider","svr_ver_string":"1.0","svr_ver_int":12}\r'
19:59:52,188 root DEBUG b'{"Event":"INDIServer","Timestamp":"180686.840518978","Msg":"2023-01-01T18:59:51: [DEBUG] CMD <:Me00021#> "}\r'
19:59:52,190 root DEBUG b'{"Event":"GuideStep","Timestamp":"180686.841947663","Frame":118,"Time":354.484,"Mount":"iOptron CEM25/CEM60","dx":-0.095,"dy":-0.103,"RADistanceRaw":-0.394,"DECDistanceRaw":-0.206,"RADistanceGuide":-0.042,"DECDistanceGuide":0.000,"RADuration":21,"RADirection":"East","IsSettle":0,"IsDither":0,"StarMass":1430,"SNR":25.65,"AvgDist":0.14}\r'
19:59:55,165 root DEBUG b'{"Event":"INDIServer","Timestamp":"180689.850523624","Msg":"2023-01-01T18:59:54: [DEBUG] CMD <:Me00028#> "}\r'
19:59:55,174 root DEBUG b'{"Event":"GuideStep","Timestamp":"180689.856786050","Frame":119,"Time":357.499,"Mount":"iOptron CEM25/CEM60","dx":-0.077,"dy":-0.138,"RADistanceRaw":-0.484,"DECDistanceRaw":-0.124,"RADistanceGuide":-0.057,"DECDistanceGuide":0.000,"RADuration":28,"RADirection":"East","IsSettle":0,"IsDither":0,"StarMass":1239,"SNR":23.88,"AvgDist":0.14}\r'
19:59:58,227 root DEBUG b'{"Event":"INDIServer","Timestamp":"180692.810614012","Msg":"2023-01-01T18:59:57: [DEBUG] CMD <:Mw00023#> "}\r'
19:59:58,227 root DEBUG b'{"Event":"GuideStep","Timestamp":"180692.816738308","Frame":120,"Time":360.459,"Mount":"iOptron CEM25/CEM60","dx":0.073,"dy":0.122,"RADistanceRaw":0.432,"DECDistanceRaw":0.124,"RADistanceGuide":0.047,"DECDistanceGuide":0.000,"RADuration":23,"RADirection":"West","IsSettle":0,"IsDither":0,"StarMass":1216,"SNR":23.80,"AvgDist":0.14}\r'
20:00:01,98 root DEBUG b'{"Event":"INDIServer","Timestamp":"180695.770580436","Msg":"2023-01-01T19:00:00: [DEBUG] CMD <:Mw00020#> "}\r'
20:00:01,99 root DEBUG b'{"Event":"GuideStep","Timestamp":"180695.781333954","Frame":121,"Time":363.424,"Mount":"iOptron CEM25/CEM60","dx":-0.003,"dy":0.115,"RADistanceRaw":0.343,"DECDistanceRaw":-0.100,"RADistanceGuide":0.041,"DECDistanceGuide":0.000,"RADuration":20,"RADirection":"West","IsSettle":0,"IsDither":0,"StarMass":1293,"SNR":24.53,"AvgDist":0.14}\r'
